[14-Apr-2025 19:38:28 UTC] Erro na verificação de CPF: Unknown column 'a.aluno_id' in 'field list'
[14-Apr-2025 19:38:43 UTC] Erro na verificação de CPF: Unknown column 'a.aluno_id' in 'field list'
[14-Apr-2025 19:40:00 UTC] Erro na verificação de CPF: Unknown column 'a.aluno_id' in 'field list'
[14-Apr-2025 19:40:00 UTC] Erro na verificação de CPF: Unknown column 'a.aluno_id' in 'field list'
[14-Apr-2025 19:42:44 UTC] Erro na verificação de CPF: Unknown column 'a.aluno_id' in 'field list'
[15-Apr-2025 12:17:37 UTC] Erro na verificação de CPF: Unknown column 'a.aluno_id' in 'field list'
[15-Apr-2025 12:40:34 UTC] Erro na verificação de CPF: Unknown column 'a.aluno_id' in 'field list'
[15-Apr-2025 12:44:35 UTC] Erro na verificação de CPF: Unknown column 'a.aluno_id' in 'field list'
[15-Apr-2025 12:50:51 UTC] Erro na verificação de CPF: Unknown column 'a.aluno_id' in 'field list'
[15-Apr-2025 12:55:27 UTC] Erro na verificação de CPF: Unknown column 'a.aluno_id' in 'field list'
[15-Apr-2025 12:55:33 UTC] Erro na verificação de CPF: Unknown column 'a.aluno_id' in 'field list'
[15-Apr-2025 13:00:58 UTC] Erro na verificação de CPF: Unknown column 'a.aluno_id' in 'field list'
[15-Apr-2025 13:00:59 UTC] Erro na verificação de CPF: Unknown column 'a.aluno_id' in 'field list'
[15-Apr-2025 13:01:03 UTC] Erro na verificação de CPF: Unknown column 'a.aluno_id' in 'field list'
[15-Apr-2025 13:02:48 UTC] Erro na verificação de CPF: Unknown column 'a.aluno_id' in 'field list'
[15-Apr-2025 13:02:55 UTC] Erro na verificação de CPF: Unknown column 'a.aluno_id' in 'field list'
[15-Apr-2025 13:03:00 UTC] Erro na verificação de CPF: Unknown column 'a.aluno_id' in 'field list'
[16-Apr-2025 16:05:37 UTC] PHP Warning:  Undefined variable $pdo in /var/www/html/luis/superacao/aluno/api/listar_aluno.php on line 8
[16-Apr-2025 16:05:37 UTC] PHP Stack trace:
[16-Apr-2025 16:05:37 UTC] PHP   1. {main}() /var/www/html/luis/superacao/aluno/api/listar_aluno.php:0
[16-Apr-2025 16:05:37 UTC] PHP Fatal error:  Uncaught Error: Call to a member function prepare() on null in /var/www/html/luis/superacao/aluno/api/listar_aluno.php:8
Stack trace:
#0 {main}
  thrown in /var/www/html/luis/superacao/aluno/api/listar_aluno.php on line 8
[16-Apr-2025 16:05:38 UTC] PHP Warning:  Undefined variable $pdo in /var/www/html/luis/superacao/aluno/api/listar_aluno.php on line 8
[16-Apr-2025 16:05:38 UTC] PHP Stack trace:
[16-Apr-2025 16:05:38 UTC] PHP   1. {main}() /var/www/html/luis/superacao/aluno/api/listar_aluno.php:0
[16-Apr-2025 16:05:38 UTC] PHP Fatal error:  Uncaught Error: Call to a member function prepare() on null in /var/www/html/luis/superacao/aluno/api/listar_aluno.php:8
Stack trace:
#0 {main}
  thrown in /var/www/html/luis/superacao/aluno/api/listar_aluno.php on line 8
[16-Apr-2025 16:05:52 UTC] PHP Warning:  Undefined variable $pdo in /var/www/html/luis/superacao/aluno/api/listar_aluno.php on line 8
[16-Apr-2025 16:05:52 UTC] PHP Stack trace:
[16-Apr-2025 16:05:52 UTC] PHP   1. {main}() /var/www/html/luis/superacao/aluno/api/listar_aluno.php:0
[16-Apr-2025 16:05:52 UTC] PHP Fatal error:  Uncaught Error: Call to a member function prepare() on null in /var/www/html/luis/superacao/aluno/api/listar_aluno.php:8
Stack trace:
#0 {main}
  thrown in /var/www/html/luis/superacao/aluno/api/listar_aluno.php on line 8
[16-Apr-2025 16:05:56 UTC] PHP Warning:  Undefined variable $pdo in /var/www/html/luis/superacao/aluno/api/listar_aluno.php on line 8
[16-Apr-2025 16:05:56 UTC] PHP Stack trace:
[16-Apr-2025 16:05:56 UTC] PHP   1. {main}() /var/www/html/luis/superacao/aluno/api/listar_aluno.php:0
[16-Apr-2025 16:05:56 UTC] PHP Fatal error:  Uncaught Error: Call to a member function prepare() on null in /var/www/html/luis/superacao/aluno/api/listar_aluno.php:8
Stack trace:
#0 {main}
  thrown in /var/www/html/luis/superacao/aluno/api/listar_aluno.php on line 8
[16-Apr-2025 16:05:58 UTC] PHP Warning:  Undefined variable $pdo in /var/www/html/luis/superacao/aluno/api/listar_aluno.php on line 8
[16-Apr-2025 16:05:58 UTC] PHP Stack trace:
[16-Apr-2025 16:05:58 UTC] PHP   1. {main}() /var/www/html/luis/superacao/aluno/api/listar_aluno.php:0
[16-Apr-2025 16:05:58 UTC] PHP Fatal error:  Uncaught Error: Call to a member function prepare() on null in /var/www/html/luis/superacao/aluno/api/listar_aluno.php:8
Stack trace:
#0 {main}
  thrown in /var/www/html/luis/superacao/aluno/api/listar_aluno.php on line 8
[16-Apr-2025 16:06:14 UTC] PHP Warning:  Undefined variable $pdo in /var/www/html/luis/superacao/aluno/api/listar_aluno.php on line 8
[16-Apr-2025 16:06:14 UTC] PHP Stack trace:
[16-Apr-2025 16:06:14 UTC] PHP   1. {main}() /var/www/html/luis/superacao/aluno/api/listar_aluno.php:0
[16-Apr-2025 16:06:14 UTC] PHP Fatal error:  Uncaught Error: Call to a member function prepare() on null in /var/www/html/luis/superacao/aluno/api/listar_aluno.php:8
Stack trace:
#0 {main}
  thrown in /var/www/html/luis/superacao/aluno/api/listar_aluno.php on line 8
[16-Apr-2025 16:06:15 UTC] PHP Warning:  Undefined variable $pdo in /var/www/html/luis/superacao/aluno/api/listar_aluno.php on line 8
[16-Apr-2025 16:06:15 UTC] PHP Stack trace:
[16-Apr-2025 16:06:15 UTC] PHP   1. {main}() /var/www/html/luis/superacao/aluno/api/listar_aluno.php:0
[16-Apr-2025 16:06:15 UTC] PHP Fatal error:  Uncaught Error: Call to a member function prepare() on null in /var/www/html/luis/superacao/aluno/api/listar_aluno.php:8
Stack trace:
#0 {main}
  thrown in /var/www/html/luis/superacao/aluno/api/listar_aluno.php on line 8
[16-Apr-2025 16:06:30 UTC] PHP Warning:  Undefined variable $pdo in /var/www/html/luis/superacao/aluno/api/listar_alunos.php on line 8
[16-Apr-2025 16:06:30 UTC] PHP Stack trace:
[16-Apr-2025 16:06:30 UTC] PHP   1. {main}() /var/www/html/luis/superacao/aluno/api/listar_alunos.php:0
[16-Apr-2025 16:06:30 UTC] PHP Fatal error:  Uncaught Error: Call to a member function prepare() on null in /var/www/html/luis/superacao/aluno/api/listar_alunos.php:8
Stack trace:
#0 {main}
  thrown in /var/www/html/luis/superacao/aluno/api/listar_alunos.php on line 8
[16-Apr-2025 16:06:32 UTC] PHP Warning:  Undefined variable $pdo in /var/www/html/luis/superacao/aluno/api/listar_alunos.php on line 8
[16-Apr-2025 16:06:32 UTC] PHP Stack trace:
[16-Apr-2025 16:06:32 UTC] PHP   1. {main}() /var/www/html/luis/superacao/aluno/api/listar_alunos.php:0
[16-Apr-2025 16:06:32 UTC] PHP Fatal error:  Uncaught Error: Call to a member function prepare() on null in /var/www/html/luis/superacao/aluno/api/listar_alunos.php:8
Stack trace:
#0 {main}
  thrown in /var/www/html/luis/superacao/aluno/api/listar_alunos.php on line 8
[16-Apr-2025 16:29:06 UTC] PHP Warning:  Trying to access array offset on null in /var/www/html/luis/superacao/aluno/api/buscar_matricula.php on line 51
[16-Apr-2025 16:29:06 UTC] PHP Stack trace:
[16-Apr-2025 16:29:06 UTC] PHP   1. {main}() /var/www/html/luis/superacao/aluno/api/buscar_matricula.php:0
[16-Apr-2025 16:29:06 UTC] PHP Warning:  Trying to access array offset on null in /var/www/html/luis/superacao/aluno/api/buscar_matricula.php on line 52
[16-Apr-2025 16:29:06 UTC] PHP Stack trace:
[16-Apr-2025 16:29:06 UTC] PHP   1. {main}() /var/www/html/luis/superacao/aluno/api/buscar_matricula.php:0
[16-Apr-2025 16:29:06 UTC] PHP Warning:  Trying to access array offset on null in /var/www/html/luis/superacao/aluno/api/buscar_matricula.php on line 53
[16-Apr-2025 16:29:06 UTC] PHP Stack trace:
[16-Apr-2025 16:29:06 UTC] PHP   1. {main}() /var/www/html/luis/superacao/aluno/api/buscar_matricula.php:0
[16-Apr-2025 16:29:06 UTC] PHP Warning:  Trying to access array offset on null in /var/www/html/luis/superacao/aluno/api/buscar_matricula.php on line 54
[16-Apr-2025 16:29:06 UTC] PHP Stack trace:
[16-Apr-2025 16:29:06 UTC] PHP   1. {main}() /var/www/html/luis/superacao/aluno/api/buscar_matricula.php:0
[16-Apr-2025 16:29:06 UTC] PHP Warning:  Trying to access array offset on null in /var/www/html/luis/superacao/aluno/api/buscar_matricula.php on line 55
[16-Apr-2025 16:29:06 UTC] PHP Stack trace:
[16-Apr-2025 16:29:06 UTC] PHP   1. {main}() /var/www/html/luis/superacao/aluno/api/buscar_matricula.php:0
[16-Apr-2025 16:29:06 UTC] PHP Warning:  Trying to access array offset on null in /var/www/html/luis/superacao/aluno/api/buscar_matricula.php on line 56
[16-Apr-2025 16:29:06 UTC] PHP Stack trace:
[16-Apr-2025 16:29:06 UTC] PHP   1. {main}() /var/www/html/luis/superacao/aluno/api/buscar_matricula.php:0
[16-Apr-2025 16:29:06 UTC] PHP Warning:  Trying to access array offset on null in /var/www/html/luis/superacao/aluno/api/buscar_matricula.php on line 57
[16-Apr-2025 16:29:06 UTC] PHP Stack trace:
[16-Apr-2025 16:29:06 UTC] PHP   1. {main}() /var/www/html/luis/superacao/aluno/api/buscar_matricula.php:0
[16-Apr-2025 16:29:06 UTC] PHP Warning:  Trying to access array offset on null in /var/www/html/luis/superacao/aluno/api/buscar_matricula.php on line 58
[16-Apr-2025 16:29:06 UTC] PHP Stack trace:
[16-Apr-2025 16:29:06 UTC] PHP   1. {main}() /var/www/html/luis/superacao/aluno/api/buscar_matricula.php:0
[16-Apr-2025 16:33:47 UTC] PHP Warning:  Undefined variable $pdo in /var/www/html/luis/superacao/aluno/api/buscar_matricula.php on line 36
[16-Apr-2025 16:33:47 UTC] PHP Stack trace:
[16-Apr-2025 16:33:47 UTC] PHP   1. {main}() /var/www/html/luis/superacao/aluno/api/buscar_matricula.php:0
[16-Apr-2025 16:33:47 UTC] PHP Fatal error:  Uncaught Error: Call to a member function prepare() on null in /var/www/html/luis/superacao/aluno/api/buscar_matricula.php:36
Stack trace:
#0 {main}
  thrown in /var/www/html/luis/superacao/aluno/api/buscar_matricula.php on line 36
[16-Apr-2025 16:33:49 UTC] PHP Warning:  Undefined variable $pdo in /var/www/html/luis/superacao/aluno/api/buscar_matricula.php on line 36
[16-Apr-2025 16:33:49 UTC] PHP Stack trace:
[16-Apr-2025 16:33:49 UTC] PHP   1. {main}() /var/www/html/luis/superacao/aluno/api/buscar_matricula.php:0
[16-Apr-2025 16:33:49 UTC] PHP Fatal error:  Uncaught Error: Call to a member function prepare() on null in /var/www/html/luis/superacao/aluno/api/buscar_matricula.php:36
Stack trace:
#0 {main}
  thrown in /var/www/html/luis/superacao/aluno/api/buscar_matricula.php on line 36
[16-Apr-2025 16:33:51 UTC] PHP Warning:  Undefined variable $pdo in /var/www/html/luis/superacao/aluno/api/buscar_matricula.php on line 36
[16-Apr-2025 16:33:51 UTC] PHP Stack trace:
[16-Apr-2025 16:33:51 UTC] PHP   1. {main}() /var/www/html/luis/superacao/aluno/api/buscar_matricula.php:0
[16-Apr-2025 16:33:51 UTC] PHP Fatal error:  Uncaught Error: Call to a member function prepare() on null in /var/www/html/luis/superacao/aluno/api/buscar_matricula.php:36
Stack trace:
#0 {main}
  thrown in /var/www/html/luis/superacao/aluno/api/buscar_matricula.php on line 36
[16-Apr-2025 16:34:50 UTC] PHP Warning:  Undefined variable $pdo in /var/www/html/luis/superacao/aluno/api/buscar_matricula.php on line 36
[16-Apr-2025 16:34:50 UTC] PHP Stack trace:
[16-Apr-2025 16:34:50 UTC] PHP   1. {main}() /var/www/html/luis/superacao/aluno/api/buscar_matricula.php:0
[16-Apr-2025 16:34:50 UTC] PHP Fatal error:  Uncaught Error: Call to a member function prepare() on null in /var/www/html/luis/superacao/aluno/api/buscar_matricula.php:36
Stack trace:
#0 {main}
  thrown in /var/www/html/luis/superacao/aluno/api/buscar_matricula.php on line 36
[16-Apr-2025 16:38:31 UTC] PHP Warning:  Undefined variable $pdo in /var/www/html/luis/superacao/aluno/api/buscar_matricula.php on line 36
[16-Apr-2025 16:38:31 UTC] PHP Stack trace:
[16-Apr-2025 16:38:31 UTC] PHP   1. {main}() /var/www/html/luis/superacao/aluno/api/buscar_matricula.php:0
[16-Apr-2025 16:38:31 UTC] PHP Fatal error:  Uncaught Error: Call to a member function prepare() on null in /var/www/html/luis/superacao/aluno/api/buscar_matricula.php:36
Stack trace:
#0 {main}
  thrown in /var/www/html/luis/superacao/aluno/api/buscar_matricula.php on line 36
[16-Apr-2025 16:38:32 UTC] PHP Warning:  Undefined variable $pdo in /var/www/html/luis/superacao/aluno/api/buscar_matricula.php on line 36
[16-Apr-2025 16:38:32 UTC] PHP Stack trace:
[16-Apr-2025 16:38:32 UTC] PHP   1. {main}() /var/www/html/luis/superacao/aluno/api/buscar_matricula.php:0
[16-Apr-2025 16:38:32 UTC] PHP Fatal error:  Uncaught Error: Call to a member function prepare() on null in /var/www/html/luis/superacao/aluno/api/buscar_matricula.php:36
Stack trace:
#0 {main}
  thrown in /var/www/html/luis/superacao/aluno/api/buscar_matricula.php on line 36
[16-Apr-2025 16:38:33 UTC] PHP Warning:  Undefined variable $pdo in /var/www/html/luis/superacao/aluno/api/buscar_matricula.php on line 36
[16-Apr-2025 16:38:33 UTC] PHP Stack trace:
[16-Apr-2025 16:38:33 UTC] PHP   1. {main}() /var/www/html/luis/superacao/aluno/api/buscar_matricula.php:0
[16-Apr-2025 16:38:33 UTC] PHP Fatal error:  Uncaught Error: Call to a member function prepare() on null in /var/www/html/luis/superacao/aluno/api/buscar_matricula.php:36
Stack trace:
#0 {main}
  thrown in /var/www/html/luis/superacao/aluno/api/buscar_matricula.php on line 36
[16-Apr-2025 16:38:33 UTC] PHP Warning:  Undefined variable $pdo in /var/www/html/luis/superacao/aluno/api/buscar_matricula.php on line 36
[16-Apr-2025 16:38:33 UTC] PHP Stack trace:
[16-Apr-2025 16:38:33 UTC] PHP   1. {main}() /var/www/html/luis/superacao/aluno/api/buscar_matricula.php:0
[16-Apr-2025 16:38:33 UTC] PHP Fatal error:  Uncaught Error: Call to a member function prepare() on null in /var/www/html/luis/superacao/aluno/api/buscar_matricula.php:36
Stack trace:
#0 {main}
  thrown in /var/www/html/luis/superacao/aluno/api/buscar_matricula.php on line 36
[16-Apr-2025 16:38:34 UTC] PHP Warning:  Undefined variable $pdo in /var/www/html/luis/superacao/aluno/api/buscar_matricula.php on line 36
[16-Apr-2025 16:38:34 UTC] PHP Stack trace:
[16-Apr-2025 16:38:34 UTC] PHP   1. {main}() /var/www/html/luis/superacao/aluno/api/buscar_matricula.php:0
[16-Apr-2025 16:38:34 UTC] PHP Fatal error:  Uncaught Error: Call to a member function prepare() on null in /var/www/html/luis/superacao/aluno/api/buscar_matricula.php:36
Stack trace:
#0 {main}
  thrown in /var/www/html/luis/superacao/aluno/api/buscar_matricula.php on line 36
[16-Apr-2025 16:38:57 UTC] PHP Warning:  Undefined variable $pdo in /var/www/html/luis/superacao/aluno/api/buscar_matricula.php on line 36
[16-Apr-2025 16:38:57 UTC] PHP Stack trace:
[16-Apr-2025 16:38:57 UTC] PHP   1. {main}() /var/www/html/luis/superacao/aluno/api/buscar_matricula.php:0
[16-Apr-2025 16:38:57 UTC] PHP Fatal error:  Uncaught Error: Call to a member function prepare() on null in /var/www/html/luis/superacao/aluno/api/buscar_matricula.php:36
Stack trace:
#0 {main}
  thrown in /var/www/html/luis/superacao/aluno/api/buscar_matricula.php on line 36
[16-Apr-2025 16:38:58 UTC] PHP Warning:  Undefined variable $pdo in /var/www/html/luis/superacao/aluno/api/buscar_matricula.php on line 36
[16-Apr-2025 16:38:58 UTC] PHP Stack trace:
[16-Apr-2025 16:38:58 UTC] PHP   1. {main}() /var/www/html/luis/superacao/aluno/api/buscar_matricula.php:0
[16-Apr-2025 16:38:58 UTC] PHP Fatal error:  Uncaught Error: Call to a member function prepare() on null in /var/www/html/luis/superacao/aluno/api/buscar_matricula.php:36
Stack trace:
#0 {main}
  thrown in /var/www/html/luis/superacao/aluno/api/buscar_matricula.php on line 36
[16-Apr-2025 16:38:58 UTC] PHP Warning:  Undefined variable $pdo in /var/www/html/luis/superacao/aluno/api/buscar_matricula.php on line 36
[16-Apr-2025 16:38:58 UTC] PHP Stack trace:
[16-Apr-2025 16:38:58 UTC] PHP   1. {main}() /var/www/html/luis/superacao/aluno/api/buscar_matricula.php:0
[16-Apr-2025 16:38:58 UTC] PHP Fatal error:  Uncaught Error: Call to a member function prepare() on null in /var/www/html/luis/superacao/aluno/api/buscar_matricula.php:36
Stack trace:
#0 {main}
  thrown in /var/www/html/luis/superacao/aluno/api/buscar_matricula.php on line 36
[16-Apr-2025 16:39:00 UTC] PHP Warning:  Undefined variable $pdo in /var/www/html/luis/superacao/aluno/api/buscar_matricula.php on line 36
[16-Apr-2025 16:39:00 UTC] PHP Stack trace:
[16-Apr-2025 16:39:00 UTC] PHP   1. {main}() /var/www/html/luis/superacao/aluno/api/buscar_matricula.php:0
[16-Apr-2025 16:39:00 UTC] PHP Fatal error:  Uncaught Error: Call to a member function prepare() on null in /var/www/html/luis/superacao/aluno/api/buscar_matricula.php:36
Stack trace:
#0 {main}
  thrown in /var/www/html/luis/superacao/aluno/api/buscar_matricula.php on line 36
[23-Apr-2025 11:28:25 UTC] PHP Warning:  require_once(/var/www/html/luis/superacao/aluno/api/../config.php): Failed to open stream: No such file or directory in /var/www/html/luis/superacao/aluno/api/login.php on line 14
[23-Apr-2025 11:28:25 UTC] PHP Stack trace:
[23-Apr-2025 11:28:25 UTC] PHP   1. {main}() /var/www/html/luis/superacao/aluno/api/login.php:0
[23-Apr-2025 11:28:25 UTC] PHP Fatal error:  Uncaught Error: Failed opening required '/var/www/html/luis/superacao/aluno/api/../config.php' (include_path='.:/usr/share/php') in /var/www/html/luis/superacao/aluno/api/login.php:14
Stack trace:
#0 {main}
  thrown in /var/www/html/luis/superacao/aluno/api/login.php on line 14
[23-Apr-2025 11:28:29 UTC] PHP Warning:  require_once(/var/www/html/luis/superacao/aluno/api/../config.php): Failed to open stream: No such file or directory in /var/www/html/luis/superacao/aluno/api/login.php on line 14
[23-Apr-2025 11:28:29 UTC] PHP Stack trace:
[23-Apr-2025 11:28:29 UTC] PHP   1. {main}() /var/www/html/luis/superacao/aluno/api/login.php:0
[23-Apr-2025 11:28:29 UTC] PHP Fatal error:  Uncaught Error: Failed opening required '/var/www/html/luis/superacao/aluno/api/../config.php' (include_path='.:/usr/share/php') in /var/www/html/luis/superacao/aluno/api/login.php:14
Stack trace:
#0 {main}
  thrown in /var/www/html/luis/superacao/aluno/api/login.php on line 14
[23-Apr-2025 11:28:30 UTC] PHP Warning:  require_once(/var/www/html/luis/superacao/aluno/api/../config.php): Failed to open stream: No such file or directory in /var/www/html/luis/superacao/aluno/api/login.php on line 14
[23-Apr-2025 11:28:30 UTC] PHP Stack trace:
[23-Apr-2025 11:28:30 UTC] PHP   1. {main}() /var/www/html/luis/superacao/aluno/api/login.php:0
[23-Apr-2025 11:28:30 UTC] PHP Fatal error:  Uncaught Error: Failed opening required '/var/www/html/luis/superacao/aluno/api/../config.php' (include_path='.:/usr/share/php') in /var/www/html/luis/superacao/aluno/api/login.php:14
Stack trace:
#0 {main}
  thrown in /var/www/html/luis/superacao/aluno/api/login.php on line 14
[23-Apr-2025 11:28:30 UTC] PHP Warning:  require_once(/var/www/html/luis/superacao/aluno/api/../config.php): Failed to open stream: No such file or directory in /var/www/html/luis/superacao/aluno/api/login.php on line 14
[23-Apr-2025 11:28:30 UTC] PHP Stack trace:
[23-Apr-2025 11:28:30 UTC] PHP   1. {main}() /var/www/html/luis/superacao/aluno/api/login.php:0
[23-Apr-2025 11:28:30 UTC] PHP Fatal error:  Uncaught Error: Failed opening required '/var/www/html/luis/superacao/aluno/api/../config.php' (include_path='.:/usr/share/php') in /var/www/html/luis/superacao/aluno/api/login.php:14
Stack trace:
#0 {main}
  thrown in /var/www/html/luis/superacao/aluno/api/login.php on line 14
[23-Apr-2025 11:28:31 UTC] PHP Warning:  require_once(/var/www/html/luis/superacao/aluno/api/../config.php): Failed to open stream: No such file or directory in /var/www/html/luis/superacao/aluno/api/login.php on line 14
[23-Apr-2025 11:28:31 UTC] PHP Stack trace:
[23-Apr-2025 11:28:31 UTC] PHP   1. {main}() /var/www/html/luis/superacao/aluno/api/login.php:0
[23-Apr-2025 11:28:31 UTC] PHP Fatal error:  Uncaught Error: Failed opening required '/var/www/html/luis/superacao/aluno/api/../config.php' (include_path='.:/usr/share/php') in /var/www/html/luis/superacao/aluno/api/login.php:14
Stack trace:
#0 {main}
  thrown in /var/www/html/luis/superacao/aluno/api/login.php on line 14
[23-Apr-2025 11:29:01 UTC] PHP Warning:  require_once(/var/www/html/luis/superacao/aluno/api/../config.php): Failed to open stream: No such file or directory in /var/www/html/luis/superacao/aluno/api/login.php on line 14
[23-Apr-2025 11:29:01 UTC] PHP Stack trace:
[23-Apr-2025 11:29:01 UTC] PHP   1. {main}() /var/www/html/luis/superacao/aluno/api/login.php:0
[23-Apr-2025 11:29:01 UTC] PHP Fatal error:  Uncaught Error: Failed opening required '/var/www/html/luis/superacao/aluno/api/../config.php' (include_path='.:/usr/share/php') in /var/www/html/luis/superacao/aluno/api/login.php:14
Stack trace:
#0 {main}
  thrown in /var/www/html/luis/superacao/aluno/api/login.php on line 14
[23-Apr-2025 11:29:12 UTC] PHP Warning:  require_once(/var/www/html/luis/superacao/aluno/api/../config.php): Failed to open stream: No such file or directory in /var/www/html/luis/superacao/aluno/api/login.php on line 14
[23-Apr-2025 11:29:12 UTC] PHP Stack trace:
[23-Apr-2025 11:29:12 UTC] PHP   1. {main}() /var/www/html/luis/superacao/aluno/api/login.php:0
[23-Apr-2025 11:29:12 UTC] PHP Fatal error:  Uncaught Error: Failed opening required '/var/www/html/luis/superacao/aluno/api/../config.php' (include_path='.:/usr/share/php') in /var/www/html/luis/superacao/aluno/api/login.php:14
Stack trace:
#0 {main}
  thrown in /var/www/html/luis/superacao/aluno/api/login.php on line 14
