2025-04-02 17:17:27 - POST Data: {"id":"16","aluno_nome":"Lionel Messi","unidade":"1","turma":"1","data_matricula":"2025-04-02","status":"ativo"}
2025-04-02 17:17:27 - Decoded: Array
(
    [id] => 16
    [aluno_nome] => Lionel Messi
    [unidade] => 1
    [turma] => 1
    [data_matricula] => 2025-04-02
    [status] => ativo
)

2025-04-02 17:17:27 - SQL: UPDATE matriculas SET 
        unidade = ?, 
        turma = ?, 
        data_matricula = ?, 
        status = ? 
    WHERE id = ?
2025-04-02 17:17:27 - Params: Array
(
    [unidade] => 1
    [turma] => 1
    [data_matricula] => 2025-04-02
    [status] => ativo
    [id] => 16
)

2025-04-02 17:17:27 - Execute result: true
2025-04-02 17:17:27 - Affected rows: 0
2025-04-02 17:19:45 - POST Data: {"id":"16","aluno_nome":"Lionel Messi","unidade":"1","turma":"2","data_matricula":"2025-04-02","status":"ativo"}
2025-04-02 17:19:45 - Decoded: Array
(
    [id] => 16
    [aluno_nome] => Lionel Messi
    [unidade] => 1
    [turma] => 2
    [data_matricula] => 2025-04-02
    [status] => ativo
)

2025-04-02 17:19:45 - SQL: UPDATE matriculas SET 
        unidade = ?, 
        turma = ?, 
        data_matricula = ?, 
        status = ? 
    WHERE id = ?
2025-04-02 17:19:45 - Params: Array
(
    [unidade] => 1
    [turma] => 2
    [data_matricula] => 2025-04-02
    [status] => ativo
    [id] => 16
)

2025-04-02 17:19:45 - Execute result: true
2025-04-02 17:19:45 - Affected rows: 1
2025-04-02 17:21:00 - POST Data: {"id":"14","aluno_nome":"Lionel Messi","unidade":"1","turma":"1","data_matricula":"2025-04-02","status":"ativo"}
2025-04-02 17:21:00 - Decoded: Array
(
    [id] => 14
    [aluno_nome] => Lionel Messi
    [unidade] => 1
    [turma] => 1
    [data_matricula] => 2025-04-02
    [status] => ativo
)

2025-04-02 17:21:00 - SQL: UPDATE matriculas SET 
        unidade = ?, 
        turma = ?, 
        data_matricula = ?, 
        status = ? 
    WHERE id = ?
2025-04-02 17:21:00 - Execute result: true
2025-04-02 17:21:00 - Affected rows: 1
2025-04-02 17:21:00 - Error (if any): 
2025-04-02 17:21:15 - POST Data: {"id":"14","aluno_nome":"Lionel Messi","unidade":"1","turma":"4","data_matricula":"2025-04-02","status":"ativo"}
2025-04-02 17:21:15 - Decoded: Array
(
    [id] => 14
    [aluno_nome] => Lionel Messi
    [unidade] => 1
    [turma] => 4
    [data_matricula] => 2025-04-02
    [status] => ativo
)

2025-04-02 17:21:15 - SQL: UPDATE matriculas SET 
        unidade = ?, 
        turma = ?, 
        data_matricula = ?, 
        status = ? 
    WHERE id = ?
2025-04-02 17:21:15 - Execute result: true
2025-04-02 17:21:15 - Affected rows: 1
2025-04-02 17:21:15 - Error (if any): 
2025-04-02 17:24:19 - POST Data: {"id":"14","aluno_nome":"Lionel Messi","unidade":"1","turma":"1","data_matricula":"2025-04-02","status":"ativo"}
2025-04-02 17:24:19 - Decoded: Array
(
    [id] => 14
    [aluno_nome] => Lionel Messi
    [unidade] => 1
    [turma] => 1
    [data_matricula] => 2025-04-02
    [status] => ativo
)

2025-04-02 17:24:19 - SQL: UPDATE matriculas SET 
        unidade = ?, 
        turma = ?, 
        data_matricula = ?, 
        status = ? 
    WHERE id = ?
2025-04-02 17:24:19 - Execute result: true
2025-04-02 17:24:19 - Affected rows: 1
2025-04-02 17:24:19 - Error (if any): 
2025-04-02 17:24:32 - POST Data: {"id":"14","aluno_nome":"Lionel Messi","unidade":"1","turma":"2","data_matricula":"2025-04-02","status":"ativo"}
2025-04-02 17:24:32 - Decoded: Array
(
    [id] => 14
    [aluno_nome] => Lionel Messi
    [unidade] => 1
    [turma] => 2
    [data_matricula] => 2025-04-02
    [status] => ativo
)

2025-04-02 17:24:32 - SQL: UPDATE matriculas SET 
        unidade = ?, 
        turma = ?, 
        data_matricula = ?, 
        status = ? 
    WHERE id = ?
2025-04-02 17:24:32 - Execute result: true
2025-04-02 17:24:32 - Affected rows: 1
2025-04-02 17:24:32 - Error (if any): 
2025-04-02 17:32:01 - POST Data: {"id":"17","aluno_nome":"Lionel Messi Andrade","unidade":"1","turma":"5","data_matricula":"2025-04-02","status":"ativo"}
2025-04-02 17:32:01 - Decoded: Array
(
    [id] => 17
    [aluno_nome] => Lionel Messi Andrade
    [unidade] => 1
    [turma] => 5
    [data_matricula] => 2025-04-02
    [status] => ativo
)

2025-04-02 17:32:01 - SQL: UPDATE matriculas SET 
        unidade = ?, 
        turma = ?, 
        data_matricula = ?, 
        status = ? 
    WHERE id = ?
2025-04-02 17:32:01 - Execute result: true
2025-04-02 17:32:01 - Affected rows: 1
2025-04-02 17:32:01 - Error (if any): 
2025-04-02 22:09:14 - POST Data: {"id":"17","aluno_nome":"Lionel Messi Andrade","unidade":"1","turma":"5","data_matricula":"2025-04-02","status":"inativo"}
2025-04-02 22:09:14 - Decoded: Array
(
    [id] => 17
    [aluno_nome] => Lionel Messi Andrade
    [unidade] => 1
    [turma] => 5
    [data_matricula] => 2025-04-02
    [status] => inativo
)

2025-04-02 22:09:14 - SQL: UPDATE matriculas SET 
        unidade = ?, 
        turma = ?, 
        data_matricula = ?, 
        status = ? 
    WHERE id = ?
2025-04-02 22:09:14 - Execute result: true
2025-04-02 22:09:14 - Affected rows: 1
2025-04-02 22:09:14 - Error (if any): 
2025-04-02 22:09:21 - POST Data: {"id":"17","aluno_nome":"Lionel Messi Andrade","unidade":"1","turma":"5","data_matricula":"2025-04-02","status":"pendente"}
2025-04-02 22:09:21 - Decoded: Array
(
    [id] => 17
    [aluno_nome] => Lionel Messi Andrade
    [unidade] => 1
    [turma] => 5
    [data_matricula] => 2025-04-02
    [status] => pendente
)

2025-04-02 22:09:21 - SQL: UPDATE matriculas SET 
        unidade = ?, 
        turma = ?, 
        data_matricula = ?, 
        status = ? 
    WHERE id = ?
2025-04-02 22:09:21 - Execute result: true
2025-04-02 22:09:21 - Affected rows: 1
2025-04-02 22:09:21 - Error (if any): 
2025-04-02 22:09:29 - POST Data: {"id":"17","aluno_nome":"Lionel Messi Andrade","unidade":"1","turma":"5","data_matricula":"2025-04-02","status":"ativo"}
2025-04-02 22:09:29 - Decoded: Array
(
    [id] => 17
    [aluno_nome] => Lionel Messi Andrade
    [unidade] => 1
    [turma] => 5
    [data_matricula] => 2025-04-02
    [status] => ativo
)

2025-04-02 22:09:29 - SQL: UPDATE matriculas SET 
        unidade = ?, 
        turma = ?, 
        data_matricula = ?, 
        status = ? 
    WHERE id = ?
2025-04-02 22:09:29 - Execute result: true
2025-04-02 22:09:29 - Affected rows: 1
2025-04-02 22:09:29 - Error (if any): 
2025-04-03 01:34:56 - POST Data: {"id":"18","aluno_nome":"Cristiano Ronaldo Aveiro","unidade":"5","turma":"8","data_matricula":"2025-04-03","status":"ativo"}
2025-04-03 01:34:56 - Decoded: Array
(
    [id] => 18
    [aluno_nome] => Cristiano Ronaldo Aveiro
    [unidade] => 5
    [turma] => 8
    [data_matricula] => 2025-04-03
    [status] => ativo
)

2025-04-03 01:34:56 - SQL: UPDATE matriculas SET 
        unidade = ?, 
        turma = ?, 
        data_matricula = ?, 
        status = ? 
    WHERE id = ?
2025-04-03 01:34:56 - Execute result: true
2025-04-03 01:34:56 - Affected rows: 1
2025-04-03 01:34:56 - Error (if any): 
2025-04-15 12:23:59 - POST Data: {"id":"60","aluno_nome":"ALUNO MESSI","unidade":"2","turma":"4","data_matricula":"2025-04-15","status":"ativo"}
2025-04-15 12:23:59 - Decoded: Array
(
    [id] => 60
    [aluno_nome] => ALUNO MESSI
    [unidade] => 2
    [turma] => 4
    [data_matricula] => 2025-04-15
    [status] => ativo
)

2025-04-15 12:23:59 - SQL: UPDATE matriculas SET 
        unidade = ?, 
        turma = ?, 
        data_matricula = ?, 
        status = ? 
    WHERE id = ?
2025-04-15 12:23:59 - Execute result: true
2025-04-15 12:23:59 - Affected rows: 1
2025-04-15 12:23:59 - Error (if any): 
2025-04-16 16:49:45 - POST Data: {"id":"59","aluno_nome":"gabriel diogo vieira silva","unidade":"7","turma":"10","data_matricula":"2025-04-15","status":"inativo"}
2025-04-16 16:49:45 - Decoded: Array
(
    [id] => 59
    [aluno_nome] => gabriel diogo vieira silva
    [unidade] => 7
    [turma] => 10
    [data_matricula] => 2025-04-15
    [status] => inativo
)

2025-04-16 16:49:45 - SQL: UPDATE matriculas SET 
        unidade = ?, 
        turma = ?, 
        data_matricula = ?, 
        status = ? 
    WHERE id = ?
2025-04-16 16:49:45 - Execute result: true
2025-04-16 16:49:45 - Affected rows: 1
2025-04-16 16:49:45 - Error (if any): 
2025-04-16 16:49:53 - POST Data: {"id":"59","aluno_nome":"gabriel diogo vieira silva","unidade":"7","turma":"10","data_matricula":"2025-04-15","status":"pendente"}
2025-04-16 16:49:53 - Decoded: Array
(
    [id] => 59
    [aluno_nome] => gabriel diogo vieira silva
    [unidade] => 7
    [turma] => 10
    [data_matricula] => 2025-04-15
    [status] => pendente
)

2025-04-16 16:49:53 - SQL: UPDATE matriculas SET 
        unidade = ?, 
        turma = ?, 
        data_matricula = ?, 
        status = ? 
    WHERE id = ?
2025-04-16 16:49:53 - Execute result: true
2025-04-16 16:49:53 - Affected rows: 1
2025-04-16 16:49:53 - Error (if any): 
2025-04-17 15:54:59 - POST Data: {"id":"64","aluno_nome":"Messinaldo Júnior","unidade":"7","turma":"10","data_matricula":"2025-04-16","status":"ativo"}
2025-04-17 15:54:59 - Decoded: Array
(
    [id] => 64
    [aluno_nome] => Messinaldo Júnior
    [unidade] => 7
    [turma] => 10
    [data_matricula] => 2025-04-16
    [status] => ativo
)

2025-04-17 15:54:59 - SQL: UPDATE matriculas SET 
        unidade = ?, 
        turma = ?, 
        data_matricula = ?, 
        status = ? 
    WHERE id = ?
2025-04-17 15:54:59 - Execute result: true
2025-04-17 15:54:59 - Affected rows: 1
2025-04-17 15:54:59 - Error (if any): 
2025-04-22 18:51:29 - POST Data: {"id":"64","aluno_nome":"Messinaldo Júnior","unidade":"7","turma":"10","data_matricula":"2025-04-16","status":"ativo"}
2025-04-22 18:51:29 - Decoded: Array
(
    [id] => 64
    [aluno_nome] => Messinaldo Júnior
    [unidade] => 7
    [turma] => 10
    [data_matricula] => 2025-04-16
    [status] => ativo
)

2025-04-22 18:51:29 - SQL: UPDATE matriculas SET 
        unidade = ?, 
        turma = ?, 
        data_matricula = ?, 
        status = ? 
    WHERE id = ?
2025-04-22 18:51:29 - Execute result: true
2025-04-22 18:51:29 - Affected rows: 0
2025-04-22 18:51:29 - Error (if any): 
2025-04-22 18:54:11 - POST Data: {"id":"66","aluno_nome":"Pedro Álvares Cabral","unidade":"7","turma":"18","data_matricula":"2025-04-16","status":"ativo"}
2025-04-22 18:54:11 - Decoded: Array
(
    [id] => 66
    [aluno_nome] => Pedro Álvares Cabral
    [unidade] => 7
    [turma] => 18
    [data_matricula] => 2025-04-16
    [status] => ativo
)

2025-04-22 18:54:11 - SQL: UPDATE matriculas SET 
        unidade = ?, 
        turma = ?, 
        data_matricula = ?, 
        status = ? 
    WHERE id = ?
2025-04-22 18:54:11 - Execute result: true
2025-04-22 18:54:11 - Affected rows: 1
2025-04-22 18:54:11 - Error (if any): 
2025-04-22 18:54:17 - POST Data: {"id":"66","aluno_nome":"Pedro Álvares Cabral","unidade":"7","turma":"10","data_matricula":"2025-04-16","status":"ativo"}
2025-04-22 18:54:17 - Decoded: Array
(
    [id] => 66
    [aluno_nome] => Pedro Álvares Cabral
    [unidade] => 7
    [turma] => 10
    [data_matricula] => 2025-04-16
    [status] => ativo
)

2025-04-22 18:54:17 - SQL: UPDATE matriculas SET 
        unidade = ?, 
        turma = ?, 
        data_matricula = ?, 
        status = ? 
    WHERE id = ?
2025-04-22 18:54:17 - Execute result: true
2025-04-22 18:54:17 - Affected rows: 1
2025-04-22 18:54:17 - Error (if any): 
2025-04-22 18:54:23 - POST Data: {"id":"64","aluno_nome":"Messinaldo Júnior","unidade":"7","turma":"10","data_matricula":"2025-04-16","status":"inativo"}
2025-04-22 18:54:23 - Decoded: Array
(
    [id] => 64
    [aluno_nome] => Messinaldo Júnior
    [unidade] => 7
    [turma] => 10
    [data_matricula] => 2025-04-16
    [status] => inativo
)

2025-04-22 18:54:23 - SQL: UPDATE matriculas SET 
        unidade = ?, 
        turma = ?, 
        data_matricula = ?, 
        status = ? 
    WHERE id = ?
2025-04-22 18:54:23 - Execute result: true
2025-04-22 18:54:23 - Affected rows: 1
2025-04-22 18:54:23 - Error (if any): 
2025-04-22 18:54:29 - POST Data: {"id":"64","aluno_nome":"Messinaldo Júnior","unidade":"7","turma":"10","data_matricula":"2025-04-16","status":"ativo"}
2025-04-22 18:54:29 - Decoded: Array
(
    [id] => 64
    [aluno_nome] => Messinaldo Júnior
    [unidade] => 7
    [turma] => 10
    [data_matricula] => 2025-04-16
    [status] => ativo
)

2025-04-22 18:54:29 - SQL: UPDATE matriculas SET 
        unidade = ?, 
        turma = ?, 
        data_matricula = ?, 
        status = ? 
    WHERE id = ?
2025-04-22 18:54:29 - Execute result: true
2025-04-22 18:54:29 - Affected rows: 1
2025-04-22 18:54:29 - Error (if any): 
2025-04-22 18:54:30 - POST Data: {"id":"64","aluno_nome":"Messinaldo Júnior","unidade":"7","turma":"10","data_matricula":"2025-04-16","status":"ativo"}
2025-04-22 18:54:30 - Decoded: Array
(
    [id] => 64
    [aluno_nome] => Messinaldo Júnior
    [unidade] => 7
    [turma] => 10
    [data_matricula] => 2025-04-16
    [status] => ativo
)

2025-04-22 18:54:30 - SQL: UPDATE matriculas SET 
        unidade = ?, 
        turma = ?, 
        data_matricula = ?, 
        status = ? 
    WHERE id = ?
2025-04-22 18:54:30 - Execute result: true
2025-04-22 18:54:30 - Affected rows: 0
2025-04-22 18:54:30 - Error (if any): 
2025-04-22 18:54:42 - POST Data: {"id":"64","aluno_nome":"Messinaldo Júnior","unidade":"7","turma":"10","data_matricula":"2025-04-16","status":"ativo"}
2025-04-22 18:54:42 - Decoded: Array
(
    [id] => 64
    [aluno_nome] => Messinaldo Júnior
    [unidade] => 7
    [turma] => 10
    [data_matricula] => 2025-04-16
    [status] => ativo
)

2025-04-22 18:54:42 - SQL: UPDATE matriculas SET 
        unidade = ?, 
        turma = ?, 
        data_matricula = ?, 
        status = ? 
    WHERE id = ?
2025-04-22 18:54:42 - Execute result: true
2025-04-22 18:54:42 - Affected rows: 0
2025-04-22 18:54:42 - Error (if any): 
2025-04-22 18:54:57 - POST Data: {"id":"66","aluno_nome":"Pedro Álvares Cabral","unidade":"7","turma":"10","data_matricula":"2025-04-16","status":"inativo"}
2025-04-22 18:54:57 - Decoded: Array
(
    [id] => 66
    [aluno_nome] => Pedro Álvares Cabral
    [unidade] => 7
    [turma] => 10
    [data_matricula] => 2025-04-16
    [status] => inativo
)

2025-04-22 18:54:57 - SQL: UPDATE matriculas SET 
        unidade = ?, 
        turma = ?, 
        data_matricula = ?, 
        status = ? 
    WHERE id = ?
2025-04-22 18:54:57 - Execute result: true
2025-04-22 18:54:57 - Affected rows: 1
2025-04-22 18:54:57 - Error (if any): 
2025-04-22 18:55:02 - POST Data: {"id":"66","aluno_nome":"Pedro Álvares Cabral","unidade":"7","turma":"10","data_matricula":"2025-04-16","status":"ativo"}
2025-04-22 18:55:02 - Decoded: Array
(
    [id] => 66
    [aluno_nome] => Pedro Álvares Cabral
    [unidade] => 7
    [turma] => 10
    [data_matricula] => 2025-04-16
    [status] => ativo
)

2025-04-22 18:55:02 - SQL: UPDATE matriculas SET 
        unidade = ?, 
        turma = ?, 
        data_matricula = ?, 
        status = ? 
    WHERE id = ?
2025-04-22 18:55:02 - Execute result: true
2025-04-22 18:55:02 - Affected rows: 1
2025-04-22 18:55:02 - Error (if any): 
2025-04-23 11:00:33 - POST Data: {"id":"64","aluno_nome":"Messinaldo Júnior","unidade_id":"","turma_id":"","status":"PENDENTE","data_matricula":"2025-04-16"}
2025-04-23 11:00:33 - Decoded: Array
(
    [id] => 64
    [aluno_nome] => Messinaldo Júnior
    [unidade_id] => 
    [turma_id] => 
    [status] => PENDENTE
    [data_matricula] => 2025-04-16
)

2025-04-23 11:00:47 - POST Data: {"id":"64","aluno_nome":"Messinaldo Júnior","unidade_id":"","turma_id":"","status":"PENDENTE","data_matricula":"2025-04-16"}
2025-04-23 11:00:47 - Decoded: Array
(
    [id] => 64
    [aluno_nome] => Messinaldo Júnior
    [unidade_id] => 
    [turma_id] => 
    [status] => PENDENTE
    [data_matricula] => 2025-04-16
)

2025-04-23 11:00:52 - POST Data: {"id":"64","aluno_nome":"Messinaldo Júnior","unidade_id":"7","turma_id":"","status":"PENDENTE","data_matricula":"2025-04-16"}
2025-04-23 11:00:52 - Decoded: Array
(
    [id] => 64
    [aluno_nome] => Messinaldo Júnior
    [unidade_id] => 7
    [turma_id] => 
    [status] => PENDENTE
    [data_matricula] => 2025-04-16
)

2025-04-23 11:15:10 - POST Data: {"id":"64","aluno_nome":"Messinaldo Júnior","unidade_id":"","turma_id":"","status":"PENDENTE","data_matricula":"2025-04-16"}
2025-04-23 11:15:10 - Decoded: Array
(
    [id] => 64
    [aluno_nome] => Messinaldo Júnior
    [unidade_id] => 
    [turma_id] => 
    [status] => PENDENTE
    [data_matricula] => 2025-04-16
)

2025-04-23 11:15:16 - POST Data: {"id":"64","aluno_nome":"Messinaldo Júnior","unidade_id":"7","turma_id":"","status":"PENDENTE","data_matricula":"2025-04-16"}
2025-04-23 11:15:16 - Decoded: Array
(
    [id] => 64
    [aluno_nome] => Messinaldo Júnior
    [unidade_id] => 7
    [turma_id] => 
    [status] => PENDENTE
    [data_matricula] => 2025-04-16
)

2025-04-23 11:16:42 - POST Data: {"id":"64","aluno_nome":"Messinaldo Júnior","unidade_id":"7","turma_id":"10","status":"PENDENTE","data_matricula":"2025-04-16"}
2025-04-23 11:16:42 - Decoded: Array
(
    [id] => 64
    [aluno_nome] => Messinaldo Júnior
    [unidade_id] => 7
    [turma_id] => 10
    [status] => PENDENTE
    [data_matricula] => 2025-04-16
)

2025-04-23 11:16:55 - POST Data: {"id":"64","aluno_nome":"Messinaldo Júnior","unidade_id":"7","turma_id":"18","status":"PENDENTE","data_matricula":"2025-04-16"}
2025-04-23 11:16:55 - Decoded: Array
(
    [id] => 64
    [aluno_nome] => Messinaldo Júnior
    [unidade_id] => 7
    [turma_id] => 18
    [status] => PENDENTE
    [data_matricula] => 2025-04-16
)

2025-04-23 11:18:13 - POST Data: {"id":"64","aluno_nome":"Messinaldo Júnior","unidade_id":"7","turma_id":"18","status":"PENDENTE","data_matricula":"2025-04-16"}
2025-04-23 11:18:13 - Decoded: Array
(
    [id] => 64
    [aluno_nome] => Messinaldo Júnior
    [unidade_id] => 7
    [turma_id] => 18
    [status] => PENDENTE
    [data_matricula] => 2025-04-16
)

2025-04-23 11:18:20 - POST Data: {"id":"64","aluno_nome":"Messinaldo Júnior","unidade_id":"7","turma_id":"18","status":"PENDENTE","data_matricula":"2025-04-16"}
2025-04-23 11:18:21 - Decoded: Array
(
    [id] => 64
    [aluno_nome] => Messinaldo Júnior
    [unidade_id] => 7
    [turma_id] => 18
    [status] => PENDENTE
    [data_matricula] => 2025-04-16
)

2025-04-23 11:18:30 - POST Data: {"id":"64","aluno_nome":"Messinaldo Júnior","unidade_id":"7","turma_id":"18","status":"PENDENTE","data_matricula":"2025-04-16"}
2025-04-23 11:18:30 - Decoded: Array
(
    [id] => 64
    [aluno_nome] => Messinaldo Júnior
    [unidade_id] => 7
    [turma_id] => 18
    [status] => PENDENTE
    [data_matricula] => 2025-04-16
)

2025-04-23 11:19:00 - POST Data: {"id":"64","aluno_nome":"Messinaldo Júnior","unidade_id":"","turma_id":"","status":"PENDENTE","data_matricula":"2025-04-16"}
2025-04-23 11:19:00 - Decoded: Array
(
    [id] => 64
    [aluno_nome] => Messinaldo Júnior
    [unidade_id] => 
    [turma_id] => 
    [status] => PENDENTE
    [data_matricula] => 2025-04-16
)

2025-04-23 11:19:17 - POST Data: {"id":"64","aluno_nome":"Messinaldo Júnior","unidade_id":"7","turma_id":"18","status":"PENDENTE","data_matricula":"2025-04-16"}
2025-04-23 11:19:17 - Decoded: Array
(
    [id] => 64
    [aluno_nome] => Messinaldo Júnior
    [unidade_id] => 7
    [turma_id] => 18
    [status] => PENDENTE
    [data_matricula] => 2025-04-16
)

2025-04-23 11:19:44 - POST Data: {"id":"64","aluno_nome":"Messinaldo Júnior","unidade_id":"7","turma_id":"10","status":"INATIVO","data_matricula":"2025-04-16"}
2025-04-23 11:19:44 - Decoded: Array
(
    [id] => 64
    [aluno_nome] => Messinaldo Júnior
    [unidade_id] => 7
    [turma_id] => 10
    [status] => INATIVO
    [data_matricula] => 2025-04-16
)

2025-04-23 11:23:15 - POST Data: {"id":"64","aluno_nome":"Messinaldo Júnior","unidade_id":"","turma_id":"","status":"PENDENTE","data_matricula":"2025-04-16"}
2025-04-23 11:23:15 - Decoded: Array
(
    [id] => 64
    [aluno_nome] => Messinaldo Júnior
    [unidade_id] => 
    [turma_id] => 
    [status] => PENDENTE
    [data_matricula] => 2025-04-16
)

2025-04-23 11:23:23 - POST Data: {"id":"64","aluno_nome":"Messinaldo Júnior","unidade_id":"","turma_id":"10","status":"PENDENTE","data_matricula":"2025-04-16"}
2025-04-23 11:23:23 - Decoded: Array
(
    [id] => 64
    [aluno_nome] => Messinaldo Júnior
    [unidade_id] => 
    [turma_id] => 10
    [status] => PENDENTE
    [data_matricula] => 2025-04-16
)

2025-04-23 11:23:28 - POST Data: {"id":"64","aluno_nome":"Messinaldo Júnior","unidade_id":"7","turma_id":"10","status":"PENDENTE","data_matricula":"2025-04-16"}
2025-04-23 11:23:28 - Decoded: Array
(
    [id] => 64
    [aluno_nome] => Messinaldo Júnior
    [unidade_id] => 7
    [turma_id] => 10
    [status] => PENDENTE
    [data_matricula] => 2025-04-16
)

2025-04-23 11:23:28 - POST Data: {"id":"64","aluno_nome":"Messinaldo Júnior","unidade_id":"7","turma_id":"10","status":"PENDENTE","data_matricula":"2025-04-16"}
2025-04-23 11:23:28 - Decoded: Array
(
    [id] => 64
    [aluno_nome] => Messinaldo Júnior
    [unidade_id] => 7
    [turma_id] => 10
    [status] => PENDENTE
    [data_matricula] => 2025-04-16
)

2025-04-23 11:23:42 - POST Data: {"id":"64","aluno_nome":"Messinaldo Júnior","unidade_id":"7","turma_id":"10","status":"PENDENTE","data_matricula":"2024-03-31"}
2025-04-23 11:23:42 - Decoded: Array
(
    [id] => 64
    [aluno_nome] => Messinaldo Júnior
    [unidade_id] => 7
    [turma_id] => 10
    [status] => PENDENTE
    [data_matricula] => 2024-03-31
)

2025-04-23 11:23:56 - POST Data: {"id":"64","aluno_nome":"Messinaldo Júnior","unidade_id":"7","turma_id":"10","status":"INATIVO","data_matricula":"2024-03-31"}
2025-04-23 11:23:56 - Decoded: Array
(
    [id] => 64
    [aluno_nome] => Messinaldo Júnior
    [unidade_id] => 7
    [turma_id] => 10
    [status] => INATIVO
    [data_matricula] => 2024-03-31
)

2025-04-23 11:24:16 - POST Data: {"id":"64","aluno_nome":"Messinaldo Júnior","unidade_id":"7","turma_id":"10","status":"INATIVO","data_matricula":"2025-04-16"}
2025-04-23 11:24:16 - Decoded: Array
(
    [id] => 64
    [aluno_nome] => Messinaldo Júnior
    [unidade_id] => 7
    [turma_id] => 10
    [status] => INATIVO
    [data_matricula] => 2025-04-16
)

2025-04-23 11:24:37 - POST Data: {"id":"64","aluno_nome":"Messinaldo Júnior","unidade_id":"7","turma_id":"18","status":"ATIVO","data_matricula":"2025-04-16"}
2025-04-23 11:24:37 - Decoded: Array
(
    [id] => 64
    [aluno_nome] => Messinaldo Júnior
    [unidade_id] => 7
    [turma_id] => 18
    [status] => ATIVO
    [data_matricula] => 2025-04-16
)

2025-04-23 11:25:30 - POST Data: {"id":"64","aluno_nome":"Messinaldo Júnior","unidade_id":"7","turma_id":"10","status":"INATIVO","data_matricula":"2025-04-11"}
2025-04-23 11:25:30 - Decoded: Array
(
    [id] => 64
    [aluno_nome] => Messinaldo Júnior
    [unidade_id] => 7
    [turma_id] => 10
    [status] => INATIVO
    [data_matricula] => 2025-04-11
)

2025-04-23 11:25:46 - POST Data: {"id":"64","aluno_nome":"Messinaldo Júnior","unidade_id":"7","turma_id":"10","status":"INATIVO","data_matricula":"2025-04-11"}
2025-04-23 11:25:46 - Decoded: Array
(
    [id] => 64
    [aluno_nome] => Messinaldo Júnior
    [unidade_id] => 7
    [turma_id] => 10
    [status] => INATIVO
    [data_matricula] => 2025-04-11
)

2025-04-23 11:31:11 - POST Data: {"id":"64","aluno_nome":"Messinaldo Júnior","unidade_id":"7","turma_id":"10","status":"PENDENTE","data_matricula":"2025-04-16"}
2025-04-23 11:31:11 - Decoded: Array
(
    [id] => 64
    [aluno_nome] => Messinaldo Júnior
    [unidade_id] => 7
    [turma_id] => 10
    [status] => PENDENTE
    [data_matricula] => 2025-04-16
)

2025-04-23 11:32:05 - POST Data: {"id":"69","aluno_nome":"gabriel diogo vieira silva","unidade":"7","turma":"10","data_matricula":"2025-04-17","status":"pendente"}
2025-04-23 11:32:05 - Decoded: Array
(
    [id] => 69
    [aluno_nome] => gabriel diogo vieira silva
    [unidade] => 7
    [turma] => 10
    [data_matricula] => 2025-04-17
    [status] => pendente
)

2025-04-23 11:32:05 - SQL: UPDATE matriculas SET 
        unidade = ?, 
        turma = ?, 
        data_matricula = ?, 
        status = ? 
    WHERE id = ?
2025-04-23 11:32:05 - Execute result: true
2025-04-23 11:32:05 - Affected rows: 1
2025-04-23 11:32:05 - Error (if any): 
2025-04-23 11:32:13 - POST Data: {"id":"64","aluno_nome":"Messinaldo Júnior","unidade":"7","turma":"10","data_matricula":"2025-04-16","status":"inativo"}
2025-04-23 11:32:13 - Decoded: Array
(
    [id] => 64
    [aluno_nome] => Messinaldo Júnior
    [unidade] => 7
    [turma] => 10
    [data_matricula] => 2025-04-16
    [status] => inativo
)

2025-04-23 11:32:13 - SQL: UPDATE matriculas SET 
        unidade = ?, 
        turma = ?, 
        data_matricula = ?, 
        status = ? 
    WHERE id = ?
2025-04-23 11:32:13 - Execute result: true
2025-04-23 11:32:13 - Affected rows: 1
2025-04-23 11:32:13 - Error (if any): 
2025-04-23 11:32:18 - POST Data: {"id":"64","aluno_nome":"Messinaldo Júnior","unidade":"7","turma":"10","data_matricula":"2025-04-16","status":"pendente"}
2025-04-23 11:32:18 - Decoded: Array
(
    [id] => 64
    [aluno_nome] => Messinaldo Júnior
    [unidade] => 7
    [turma] => 10
    [data_matricula] => 2025-04-16
    [status] => pendente
)

2025-04-23 11:32:18 - SQL: UPDATE matriculas SET 
        unidade = ?, 
        turma = ?, 
        data_matricula = ?, 
        status = ? 
    WHERE id = ?
2025-04-23 11:32:18 - Execute result: true
2025-04-23 11:32:18 - Affected rows: 1
2025-04-23 11:32:18 - Error (if any): 
2025-04-23 11:35:04 - POST Data: {"id":"70","aluno_nome":"Rice","unidade_id":"7","turma_id":"18","status":"PENDENTE","data_matricula":"2025-04-17"}
2025-04-23 11:35:04 - Decoded: Array
(
    [id] => 70
    [aluno_nome] => Rice
    [unidade_id] => 7
    [turma_id] => 18
    [status] => PENDENTE
    [data_matricula] => 2025-04-17
)

2025-04-23 11:35:21 - POST Data: {"id":"64","aluno_nome":"Messinaldo Júnior","unidade_id":"7","turma_id":"10","status":"PENDENTE","data_matricula":"2025-04-16"}
2025-04-23 11:35:21 - Decoded: Array
(
    [id] => 64
    [aluno_nome] => Messinaldo Júnior
    [unidade_id] => 7
    [turma_id] => 10
    [status] => PENDENTE
    [data_matricula] => 2025-04-16
)

2025-04-23 11:36:42 - POST Data: {"id":"64","aluno_nome":"Messinaldo Júnior","unidade_id":"","turma_id":"","status":"PENDENTE","data_matricula":"2025-04-16"}
2025-04-23 11:36:42 - Decoded: Array
(
    [id] => 64
    [aluno_nome] => Messinaldo Júnior
    [unidade_id] => 
    [turma_id] => 
    [status] => PENDENTE
    [data_matricula] => 2025-04-16
)

2025-04-23 11:36:52 - POST Data: {"id":"64","aluno_nome":"Messinaldo Júnior","unidade_id":"7","turma_id":"18","status":"ATIVO","data_matricula":"2025-04-16"}
2025-04-23 11:36:52 - Decoded: Array
(
    [id] => 64
    [aluno_nome] => Messinaldo Júnior
    [unidade_id] => 7
    [turma_id] => 18
    [status] => ATIVO
    [data_matricula] => 2025-04-16
)

2025-04-23 11:36:53 - POST Data: {"id":"64","aluno_nome":"Messinaldo Júnior","unidade":"7","turma":"10","data_matricula":"2025-04-16","status":"ativo"}
2025-04-23 11:36:53 - Decoded: Array
(
    [id] => 64
    [aluno_nome] => Messinaldo Júnior
    [unidade] => 7
    [turma] => 10
    [data_matricula] => 2025-04-16
    [status] => ativo
)

2025-04-23 11:36:53 - SQL: UPDATE matriculas SET 
        unidade = ?, 
        turma = ?, 
        data_matricula = ?, 
        status = ? 
    WHERE id = ?
2025-04-23 11:36:53 - Execute result: true
2025-04-23 11:36:53 - Affected rows: 1
2025-04-23 11:36:53 - Error (if any): 
2025-04-23 11:44:35 - POST Data: {"id":"71","aluno_nome":"Messi Puyol","unidade_id":"","turma_id":"","status":"ATIVO","data_matricula":"2025-04-22"}
2025-04-23 11:44:35 - Decoded: Array
(
    [id] => 71
    [aluno_nome] => Messi Puyol
    [unidade_id] => 
    [turma_id] => 
    [status] => ATIVO
    [data_matricula] => 2025-04-22
)

2025-04-23 11:45:20 - POST Data: {"id":"71","aluno_nome":"Messi Puyol","unidade_id":"7","turma_id":"18","status":"ATIVO","data_matricula":"2025-04-22"}
2025-04-23 11:45:20 - Decoded: Array
(
    [id] => 71
    [aluno_nome] => Messi Puyol
    [unidade_id] => 7
    [turma_id] => 18
    [status] => ATIVO
    [data_matricula] => 2025-04-22
)

2025-04-23 11:45:33 - POST Data: {"id":"71","aluno_nome":"Messi Puyol","unidade_id":"7","turma_id":"18","status":"ATIVO","data_matricula":"2025-04-22"}
2025-04-23 11:45:33 - Decoded: Array
(
    [id] => 71
    [aluno_nome] => Messi Puyol
    [unidade_id] => 7
    [turma_id] => 18
    [status] => ATIVO
    [data_matricula] => 2025-04-22
)

2025-04-23 11:47:25 - POST Data: {"id":"64","aluno_nome":"Messinaldo Júnior","unidade":"7","turma":"10","data_matricula":"2025-04-16","status":"pendente"}
2025-04-23 11:47:25 - Decoded: Array
(
    [id] => 64
    [aluno_nome] => Messinaldo Júnior
    [unidade] => 7
    [turma] => 10
    [data_matricula] => 2025-04-16
    [status] => pendente
)

2025-04-23 11:47:25 - SQL: UPDATE matriculas SET 
        unidade = ?, 
        turma = ?, 
        data_matricula = ?, 
        status = ? 
    WHERE id = ?
2025-04-23 11:47:25 - Execute result: true
2025-04-23 11:47:25 - Affected rows: 1
2025-04-23 11:47:25 - Error (if any): 
2025-04-23 11:47:48 - POST Data: {"id":"66","aluno_nome":"Pedro Álvares Cabral","unidade":"7","turma":"10","data_matricula":"2025-04-16","status":"inativo"}
2025-04-23 11:47:48 - Decoded: Array
(
    [id] => 66
    [aluno_nome] => Pedro Álvares Cabral
    [unidade] => 7
    [turma] => 10
    [data_matricula] => 2025-04-16
    [status] => inativo
)

2025-04-23 11:47:48 - SQL: UPDATE matriculas SET 
        unidade = ?, 
        turma = ?, 
        data_matricula = ?, 
        status = ? 
    WHERE id = ?
2025-04-23 11:47:48 - Execute result: true
2025-04-23 11:47:48 - Affected rows: 1
2025-04-23 11:47:48 - Error (if any): 
2025-04-23 11:48:16 - POST Data: {"id":"71","aluno_nome":"Messi Puyol","unidade":"7","turma":"10","data_matricula":"2025-04-22","status":"ativo"}
2025-04-23 11:48:16 - Decoded: Array
(
    [id] => 71
    [aluno_nome] => Messi Puyol
    [unidade] => 7
    [turma] => 10
    [data_matricula] => 2025-04-22
    [status] => ativo
)

2025-04-23 11:48:16 - SQL: UPDATE matriculas SET 
        unidade = ?, 
        turma = ?, 
        data_matricula = ?, 
        status = ? 
    WHERE id = ?
2025-04-23 11:48:16 - Execute result: true
2025-04-23 11:48:16 - Affected rows: 1
2025-04-23 11:48:16 - Error (if any): 
2025-04-23 11:48:34 - POST Data: {"id":"71","aluno_nome":"Messi Puyol","unidade":"7","turma":"10","data_matricula":"2025-04-22","status":"inativo"}
2025-04-23 11:48:34 - Decoded: Array
(
    [id] => 71
    [aluno_nome] => Messi Puyol
    [unidade] => 7
    [turma] => 10
    [data_matricula] => 2025-04-22
    [status] => inativo
)

2025-04-23 11:48:34 - SQL: UPDATE matriculas SET 
        unidade = ?, 
        turma = ?, 
        data_matricula = ?, 
        status = ? 
    WHERE id = ?
2025-04-23 11:48:34 - Execute result: true
2025-04-23 11:48:34 - Affected rows: 1
2025-04-23 11:48:34 - Error (if any): 
2025-04-23 11:49:12 - POST Data: {"id":"71","aluno_nome":"Messi Puyol","unidade":"7","turma":"10","data_matricula":"2025-04-22","status":"pendente"}
2025-04-23 11:49:12 - Decoded: Array
(
    [id] => 71
    [aluno_nome] => Messi Puyol
    [unidade] => 7
    [turma] => 10
    [data_matricula] => 2025-04-22
    [status] => pendente
)

2025-04-23 11:49:12 - SQL: UPDATE matriculas SET 
        unidade = ?, 
        turma = ?, 
        data_matricula = ?, 
        status = ? 
    WHERE id = ?
2025-04-23 11:49:12 - Execute result: true
2025-04-23 11:49:12 - Affected rows: 1
2025-04-23 11:49:12 - Error (if any): 
2025-04-23 12:01:14 - POST Data: {"id":"71","aluno_nome":"Messi Puyol","unidade":"7","turma":"10","data_matricula":"2025-04-22","status":"ativo"}
2025-04-23 12:01:14 - Decoded: Array
(
    [id] => 71
    [aluno_nome] => Messi Puyol
    [unidade] => 7
    [turma] => 10
    [data_matricula] => 2025-04-22
    [status] => ativo
)

2025-04-23 12:01:14 - SQL: UPDATE matriculas SET 
        unidade = ?, 
        turma = ?, 
        data_matricula = ?, 
        status = ? 
    WHERE id = ?
2025-04-23 12:01:14 - Execute result: true
2025-04-23 12:01:14 - Affected rows: 1
2025-04-23 12:01:14 - Error (if any): 
2025-04-23 12:01:21 - POST Data: {"id":"71","aluno_nome":"Messi Puyol","unidade":"7","turma":"10","data_matricula":"2025-04-22","status":"pendente"}
2025-04-23 12:01:21 - Decoded: Array
(
    [id] => 71
    [aluno_nome] => Messi Puyol
    [unidade] => 7
    [turma] => 10
    [data_matricula] => 2025-04-22
    [status] => pendente
)

2025-04-23 12:01:21 - SQL: UPDATE matriculas SET 
        unidade = ?, 
        turma = ?, 
        data_matricula = ?, 
        status = ? 
    WHERE id = ?
2025-04-23 12:01:21 - Execute result: true
2025-04-23 12:01:21 - Affected rows: 1
2025-04-23 12:01:21 - Error (if any): 
2025-04-23 12:01:49 - POST Data: {"id":"66","aluno_nome":"Pedro Álvares Cabral","unidade":"7","turma":"10","data_matricula":"2025-04-16","status":"inativo"}
2025-04-23 12:01:49 - Decoded: Array
(
    [id] => 66
    [aluno_nome] => Pedro Álvares Cabral
    [unidade] => 7
    [turma] => 10
    [data_matricula] => 2025-04-16
    [status] => inativo
)

2025-04-23 12:01:49 - SQL: UPDATE matriculas SET 
        unidade = ?, 
        turma = ?, 
        data_matricula = ?, 
        status = ? 
    WHERE id = ?
2025-04-23 12:01:49 - Execute result: true
2025-04-23 12:01:49 - Affected rows: 0
2025-04-23 12:01:49 - Error (if any): 
2025-04-23 12:01:58 - POST Data: {"id":"66","aluno_nome":"Pedro Álvares Cabral","unidade":"7","turma":"10","data_matricula":"2025-04-16","status":"inativo"}
2025-04-23 12:01:58 - Decoded: Array
(
    [id] => 66
    [aluno_nome] => Pedro Álvares Cabral
    [unidade] => 7
    [turma] => 10
    [data_matricula] => 2025-04-16
    [status] => inativo
)

2025-04-23 12:01:58 - SQL: UPDATE matriculas SET 
        unidade = ?, 
        turma = ?, 
        data_matricula = ?, 
        status = ? 
    WHERE id = ?
2025-04-23 12:01:58 - Execute result: true
2025-04-23 12:01:58 - Affected rows: 0
2025-04-23 12:01:58 - Error (if any): 
2025-04-23 12:02:05 - POST Data: {"id":"66","aluno_nome":"Pedro Álvares Cabral","unidade":"7","turma":"10","data_matricula":"2025-04-16","status":"pendente"}
2025-04-23 12:02:05 - Decoded: Array
(
    [id] => 66
    [aluno_nome] => Pedro Álvares Cabral
    [unidade] => 7
    [turma] => 10
    [data_matricula] => 2025-04-16
    [status] => pendente
)

2025-04-23 12:02:05 - SQL: UPDATE matriculas SET 
        unidade = ?, 
        turma = ?, 
        data_matricula = ?, 
        status = ? 
    WHERE id = ?
2025-04-23 12:02:05 - Execute result: true
2025-04-23 12:02:05 - Affected rows: 1
2025-04-23 12:02:05 - Error (if any): 
2025-04-23 13:32:10 - POST Data: {"id":"64","aluno_nome":"Messinaldo Júnior","unidade":"7","turma":"10","data_matricula":"2025-04-16","status":"inativo"}
2025-04-23 13:32:10 - Decoded: Array
(
    [id] => 64
    [aluno_nome] => Messinaldo Júnior
    [unidade] => 7
    [turma] => 10
    [data_matricula] => 2025-04-16
    [status] => inativo
)

2025-04-23 13:32:10 - SQL: UPDATE matriculas SET 
        unidade = ?, 
        turma = ?, 
        data_matricula = ?, 
        status = ? 
    WHERE id = ?
2025-04-23 13:32:10 - Execute result: true
2025-04-23 13:32:10 - Affected rows: 1
2025-04-23 13:32:10 - Error (if any): 
2025-04-23 13:32:20 - POST Data: {"id":"66","aluno_nome":"Pedro Álvares Cabral","unidade":"7","turma":"10","data_matricula":"2025-04-16","status":"pendente"}
2025-04-23 13:32:20 - Decoded: Array
(
    [id] => 66
    [aluno_nome] => Pedro Álvares Cabral
    [unidade] => 7
    [turma] => 10
    [data_matricula] => 2025-04-16
    [status] => pendente
)

2025-04-23 13:32:20 - SQL: UPDATE matriculas SET 
        unidade = ?, 
        turma = ?, 
        data_matricula = ?, 
        status = ? 
    WHERE id = ?
2025-04-23 13:32:20 - Execute result: true
2025-04-23 13:32:20 - Affected rows: 0
2025-04-23 13:32:20 - Error (if any): 
2025-04-23 13:32:23 - POST Data: {"id":"66","aluno_nome":"Pedro Álvares Cabral","unidade":"7","turma":"10","data_matricula":"2025-04-16","status":"inativo"}
2025-04-23 13:32:23 - Decoded: Array
(
    [id] => 66
    [aluno_nome] => Pedro Álvares Cabral
    [unidade] => 7
    [turma] => 10
    [data_matricula] => 2025-04-16
    [status] => inativo
)

2025-04-23 13:32:23 - SQL: UPDATE matriculas SET 
        unidade = ?, 
        turma = ?, 
        data_matricula = ?, 
        status = ? 
    WHERE id = ?
2025-04-23 13:32:23 - Execute result: true
2025-04-23 13:32:23 - Affected rows: 1
2025-04-23 13:32:23 - Error (if any): 
2025-04-23 13:32:34 - POST Data: {"id":"69","aluno_nome":"gabriel diogo vieira silva","unidade":"7","turma":"10","data_matricula":"2025-04-17","status":"ativo"}
2025-04-23 13:32:34 - Decoded: Array
(
    [id] => 69
    [aluno_nome] => gabriel diogo vieira silva
    [unidade] => 7
    [turma] => 10
    [data_matricula] => 2025-04-17
    [status] => ativo
)

2025-04-23 13:32:34 - SQL: UPDATE matriculas SET 
        unidade = ?, 
        turma = ?, 
        data_matricula = ?, 
        status = ? 
    WHERE id = ?
2025-04-23 13:32:34 - Execute result: true
2025-04-23 13:32:34 - Affected rows: 1
2025-04-23 13:32:34 - Error (if any): 
2025-04-23 13:32:43 - POST Data: {"id":"70","aluno_nome":"Rice","unidade":"7","turma":"18","data_matricula":"2025-04-17","status":"inativo"}
2025-04-23 13:32:43 - Decoded: Array
(
    [id] => 70
    [aluno_nome] => Rice
    [unidade] => 7
    [turma] => 18
    [data_matricula] => 2025-04-17
    [status] => inativo
)

2025-04-23 13:32:43 - SQL: UPDATE matriculas SET 
        unidade = ?, 
        turma = ?, 
        data_matricula = ?, 
        status = ? 
    WHERE id = ?
2025-04-23 13:32:43 - Execute result: true
2025-04-23 13:32:43 - Affected rows: 1
2025-04-23 13:32:43 - Error (if any): 
2025-04-23 13:51:21 - POST Data: {"id":"64","aluno_nome":"Messinaldo Júnior","unidade":"7","turma":"10","data_matricula":"2025-04-16","status":"ativo"}
2025-04-23 13:51:21 - Decoded: Array
(
    [id] => 64
    [aluno_nome] => Messinaldo Júnior
    [unidade] => 7
    [turma] => 10
    [data_matricula] => 2025-04-16
    [status] => ativo
)

2025-04-23 13:51:21 - SQL: UPDATE matriculas SET 
        unidade = ?, 
        turma = ?, 
        data_matricula = ?, 
        status = ? 
    WHERE id = ?
2025-04-23 13:51:21 - Execute result: true
2025-04-23 13:51:21 - Affected rows: 1
2025-04-23 13:51:21 - Error (if any): 
2025-04-23 13:56:59 - POST Data: {"id":"64","aluno_nome":"Messinaldo Júnior","unidade":"7","turma":"10","data_matricula":"2025-04-16","status":"pendente"}
2025-04-23 13:56:59 - Decoded: Array
(
    [id] => 64
    [aluno_nome] => Messinaldo Júnior
    [unidade] => 7
    [turma] => 10
    [data_matricula] => 2025-04-16
    [status] => pendente
)

2025-04-23 13:56:59 - SQL: UPDATE matriculas SET 
        unidade = ?, 
        turma = ?, 
        data_matricula = ?, 
        status = ? 
    WHERE id = ?
2025-04-23 13:56:59 - Execute result: true
2025-04-23 13:56:59 - Affected rows: 1
2025-04-23 13:56:59 - Error (if any): 
2025-04-23 13:59:07 - POST Data: {"id":"64","aluno_nome":"Messinaldo Júnior","unidade":"7","turma":"10","data_matricula":"2025-04-16","status":"ativo"}
2025-04-23 13:59:07 - Decoded: Array
(
    [id] => 64
    [aluno_nome] => Messinaldo Júnior
    [unidade] => 7
    [turma] => 10
    [data_matricula] => 2025-04-16
    [status] => ativo
)

2025-04-23 13:59:07 - SQL: UPDATE matriculas SET 
        unidade = ?, 
        turma = ?, 
        data_matricula = ?, 
        status = ? 
    WHERE id = ?
2025-04-23 13:59:07 - Execute result: true
2025-04-23 13:59:07 - Affected rows: 1
2025-04-23 13:59:07 - Error (if any): 
2025-04-23 13:59:56 - POST Data: {"id":"64","aluno_nome":"Messinaldo Júnior","unidade":"7","turma":"10","data_matricula":"2025-04-16","status":"pendente"}
2025-04-23 13:59:56 - Decoded: Array
(
    [id] => 64
    [aluno_nome] => Messinaldo Júnior
    [unidade] => 7
    [turma] => 10
    [data_matricula] => 2025-04-16
    [status] => pendente
)

2025-04-23 13:59:56 - SQL: UPDATE matriculas SET 
        unidade = ?, 
        turma = ?, 
        data_matricula = ?, 
        status = ? 
    WHERE id = ?
2025-04-23 13:59:56 - Execute result: true
2025-04-23 13:59:56 - Affected rows: 1
2025-04-23 13:59:56 - Error (if any): 
2025-04-23 14:07:15 - POST Data: {"id":"64","aluno_nome":"Messinaldo Júnior","unidade":"7","turma":"18","data_matricula":"2025-04-16","status":"ativo"}
2025-04-23 14:07:15 - Decoded: Array
(
    [id] => 64
    [aluno_nome] => Messinaldo Júnior
    [unidade] => 7
    [turma] => 18
    [data_matricula] => 2025-04-16
    [status] => ativo
)

2025-04-23 14:07:15 - SQL: UPDATE matriculas SET 
        unidade = ?, 
        turma = ?, 
        data_matricula = ?, 
        status = ? 
    WHERE id = ?
2025-04-23 14:07:15 - Execute result: true
2025-04-23 14:07:15 - Affected rows: 1
2025-04-23 14:07:15 - Error (if any): 
2025-04-23 14:19:05 - POST Data: {"id":"64","aluno_nome":"Messinaldo Júnior","unidade":"7","turma":"18","data_matricula":"2025-04-16","status":"pendente"}
2025-04-23 14:19:05 - Decoded: Array
(
    [id] => 64
    [aluno_nome] => Messinaldo Júnior
    [unidade] => 7
    [turma] => 18
    [data_matricula] => 2025-04-16
    [status] => pendente
)

2025-04-23 14:19:05 - SQL: UPDATE matriculas SET 
        unidade = ?, 
        turma = ?, 
        data_matricula = ?, 
        status = ? 
    WHERE id = ?
2025-04-23 14:19:05 - Execute result: true
2025-04-23 14:19:05 - Affected rows: 1
2025-04-23 14:19:05 - Error (if any): 
2025-04-23 14:33:08 - POST Data: {"id":"64","aluno_nome":"Messinaldo Júnior","unidade":"7","turma":"18","data_matricula":"2025-04-16","status":"ativo"}
2025-04-23 14:33:08 - Decoded: Array
(
    [id] => 64
    [aluno_nome] => Messinaldo Júnior
    [unidade] => 7
    [turma] => 18
    [data_matricula] => 2025-04-16
    [status] => ativo
)

2025-04-23 14:33:08 - SQL: UPDATE matriculas SET 
        unidade = ?, 
        turma = ?, 
        data_matricula = ?, 
        status = ? 
    WHERE id = ?
2025-04-23 14:33:08 - Execute result: true
2025-04-23 14:33:08 - Affected rows: 1
2025-04-23 14:33:08 - Error (if any): 
2025-04-23 14:34:19 - POST Data: {"id":"64","aluno_nome":"Messinaldo Júnior","unidade":"7","turma":"18","data_matricula":"2025-04-16","status":"pendente"}
2025-04-23 14:34:19 - Decoded: Array
(
    [id] => 64
    [aluno_nome] => Messinaldo Júnior
    [unidade] => 7
    [turma] => 18
    [data_matricula] => 2025-04-16
    [status] => pendente
)

2025-04-23 14:34:19 - SQL: UPDATE matriculas SET 
        unidade = ?, 
        turma = ?, 
        data_matricula = ?, 
        status = ? 
    WHERE id = ?
2025-04-23 14:34:19 - Execute result: true
2025-04-23 14:34:19 - Affected rows: 1
2025-04-23 14:34:19 - Error (if any): 
2025-04-23 17:00:00 - POST Data: {"id":"66","aluno_nome":"Pedro Álvares Cabral","unidade":"7","turma":"10","data_matricula":"2025-04-16","status":"pendente"}
2025-04-23 17:00:00 - Decoded: Array
(
    [id] => 66
    [aluno_nome] => Pedro Álvares Cabral
    [unidade] => 7
    [turma] => 10
    [data_matricula] => 2025-04-16
    [status] => pendente
)

2025-04-23 17:00:00 - SQL: UPDATE matriculas SET 
        unidade = ?, 
        turma = ?, 
        data_matricula = ?, 
        status = ? 
    WHERE id = ?
2025-04-23 17:00:00 - Execute result: true
2025-04-23 17:00:00 - Affected rows: 1
2025-04-23 17:00:00 - Error (if any): 
2025-04-23 18:02:40 - POST Data: {"id":"64","aluno_nome":"Messinaldo Júnior","unidade":"7","turma":"18","data_matricula":"2025-04-16","status":"ativo"}
2025-04-23 18:02:40 - Decoded: Array
(
    [id] => 64
    [aluno_nome] => Messinaldo Júnior
    [unidade] => 7
    [turma] => 18
    [data_matricula] => 2025-04-16
    [status] => ativo
)

2025-04-23 18:02:40 - SQL: UPDATE matriculas SET 
        unidade = ?, 
        turma = ?, 
        data_matricula = ?, 
        status = ? 
    WHERE id = ?
2025-04-23 18:02:40 - Execute result: true
2025-04-23 18:02:40 - Affected rows: 1
2025-04-23 18:02:40 - Error (if any): 
2025-04-23 18:02:48 - POST Data: {"id":"66","aluno_nome":"Pedro Álvares Cabral","unidade":"7","turma":"10","data_matricula":"2025-04-16","status":"ativo"}
2025-04-23 18:02:48 - Decoded: Array
(
    [id] => 66
    [aluno_nome] => Pedro Álvares Cabral
    [unidade] => 7
    [turma] => 10
    [data_matricula] => 2025-04-16
    [status] => ativo
)

2025-04-23 18:02:48 - SQL: UPDATE matriculas SET 
        unidade = ?, 
        turma = ?, 
        data_matricula = ?, 
        status = ? 
    WHERE id = ?
2025-04-23 18:02:48 - Execute result: true
2025-04-23 18:02:48 - Affected rows: 1
2025-04-23 18:02:48 - Error (if any): 
2025-04-23 18:48:24 - POST Data: {"id":"64","aluno_nome":"Messinaldo Júnior","unidade":"7","turma":"18","data_matricula":"2025-04-16","status":"ativo"}
2025-04-23 18:48:24 - Decoded: Array
(
    [id] => 64
    [aluno_nome] => Messinaldo Júnior
    [unidade] => 7
    [turma] => 18
    [data_matricula] => 2025-04-16
    [status] => ativo
)

2025-04-23 18:48:24 - SQL: UPDATE matriculas SET 
        unidade = ?, 
        turma = ?, 
        data_matricula = ?, 
        status = ? 
    WHERE id = ?
2025-04-23 18:48:24 - Execute result: true
2025-04-23 18:48:24 - Affected rows: 0
2025-04-23 18:48:24 - Error (if any): 
2025-04-23 18:48:29 - POST Data: {"id":"64","aluno_nome":"Messinaldo Júnior","unidade":"7","turma":"18","data_matricula":"2025-04-16","status":"pendente"}
2025-04-23 18:48:29 - Decoded: Array
(
    [id] => 64
    [aluno_nome] => Messinaldo Júnior
    [unidade] => 7
    [turma] => 18
    [data_matricula] => 2025-04-16
    [status] => pendente
)

2025-04-23 18:48:29 - SQL: UPDATE matriculas SET 
        unidade = ?, 
        turma = ?, 
        data_matricula = ?, 
        status = ? 
    WHERE id = ?
2025-04-23 18:48:29 - Execute result: true
2025-04-23 18:48:29 - Affected rows: 1
2025-04-23 18:48:29 - Error (if any): 
2025-04-23 18:57:41 - POST Data: {"id":"64","aluno_nome":"Messinaldo Júnior","unidade":"7","turma":"18","data_matricula":"2025-04-16","status":"ativo"}
2025-04-23 18:57:41 - Decoded: Array
(
    [id] => 64
    [aluno_nome] => Messinaldo Júnior
    [unidade] => 7
    [turma] => 18
    [data_matricula] => 2025-04-16
    [status] => ativo
)

2025-04-23 18:57:41 - SQL: UPDATE matriculas SET 
        unidade = ?, 
        turma = ?, 
        data_matricula = ?, 
        status = ? 
    WHERE id = ?
2025-04-23 18:57:41 - Execute result: true
2025-04-23 18:57:41 - Affected rows: 1
2025-04-23 18:57:41 - Error (if any): 
2025-04-23 19:35:47 - POST Data: {"id":"64","aluno_nome":"Messinaldo Júnior","unidade":"7","turma":"18","data_matricula":"2025-04-16","status":"pendente"}
2025-04-23 19:35:47 - Decoded: Array
(
    [id] => 64
    [aluno_nome] => Messinaldo Júnior
    [unidade] => 7
    [turma] => 18
    [data_matricula] => 2025-04-16
    [status] => pendente
)

2025-04-23 19:35:47 - SQL: UPDATE matriculas SET 
        unidade = ?, 
        turma = ?, 
        data_matricula = ?, 
        status = ? 
    WHERE id = ?
2025-04-23 19:35:47 - Execute result: true
2025-04-23 19:35:47 - Affected rows: 1
2025-04-23 19:35:47 - Error (if any): 
2025-04-24 13:31:32 - POST Data: {"id":"64","aluno_nome":"Messinaldo Júnior","unidade":"7","turma":"18","data_matricula":"2025-04-16","status":"ativo"}
2025-04-24 13:31:32 - Decoded: Array
(
    [id] => 64
    [aluno_nome] => Messinaldo Júnior
    [unidade] => 7
    [turma] => 18
    [data_matricula] => 2025-04-16
    [status] => ativo
)

2025-04-24 13:31:32 - SQL: UPDATE matriculas SET 
        unidade = ?, 
        turma = ?, 
        data_matricula = ?, 
        status = ? 
    WHERE id = ?
2025-04-24 13:31:32 - Execute result: true
2025-04-24 13:31:32 - Affected rows: 1
2025-04-24 13:31:32 - Error (if any): 
2025-04-24 13:32:59 - POST Data: {"id":"64","aluno_nome":"Messinaldo Júnior","unidade":"7","turma":"18","data_matricula":"2025-04-16","status":"pendente"}
2025-04-24 13:32:59 - Decoded: Array
(
    [id] => 64
    [aluno_nome] => Messinaldo Júnior
    [unidade] => 7
    [turma] => 18
    [data_matricula] => 2025-04-16
    [status] => pendente
)

2025-04-24 13:32:59 - SQL: UPDATE matriculas SET 
        unidade = ?, 
        turma = ?, 
        data_matricula = ?, 
        status = ? 
    WHERE id = ?
2025-04-24 13:32:59 - Execute result: true
2025-04-24 13:32:59 - Affected rows: 1
2025-04-24 13:32:59 - Error (if any): 
2025-04-24 13:33:38 - POST Data: {"id":"64","aluno_nome":"Messinaldo Júnior","unidade":"7","turma":"18","data_matricula":"2025-04-16","status":"ativo"}
2025-04-24 13:33:38 - Decoded: Array
(
    [id] => 64
    [aluno_nome] => Messinaldo Júnior
    [unidade] => 7
    [turma] => 18
    [data_matricula] => 2025-04-16
    [status] => ativo
)

2025-04-24 13:33:38 - SQL: UPDATE matriculas SET 
        unidade = ?, 
        turma = ?, 
        data_matricula = ?, 
        status = ? 
    WHERE id = ?
2025-04-24 13:33:38 - Execute result: true
2025-04-24 13:33:38 - Affected rows: 1
2025-04-24 13:33:38 - Error (if any): 
2025-04-25 18:07:54 - POST Data: {"id":"70","aluno_nome":"Rice","unidade":"7","turma":"10","data_matricula":"2025-04-17","status":"ativo"}
2025-04-25 18:07:54 - Decoded: Array
(
    [id] => 70
    [aluno_nome] => Rice
    [unidade] => 7
    [turma] => 10
    [data_matricula] => 2025-04-17
    [status] => ativo
)

2025-04-25 18:07:54 - SQL: UPDATE matriculas SET 
        unidade = ?, 
        turma = ?, 
        data_matricula = ?, 
        status = ? 
    WHERE id = ?
2025-04-25 18:07:54 - Execute result: true
2025-04-25 18:07:54 - Affected rows: 1
2025-04-25 18:07:54 - Error (if any): 
2025-04-25 18:08:06 - POST Data: {"id":"74","aluno_nome":"LUIS FILIPE E SILVA","unidade":"7","turma":"10","data_matricula":"2025-04-22","status":"pendente"}
2025-04-25 18:08:06 - Decoded: Array
(
    [id] => 74
    [aluno_nome] => LUIS FILIPE E SILVA
    [unidade] => 7
    [turma] => 10
    [data_matricula] => 2025-04-22
    [status] => pendente
)

2025-04-25 18:08:06 - SQL: UPDATE matriculas SET 
        unidade = ?, 
        turma = ?, 
        data_matricula = ?, 
        status = ? 
    WHERE id = ?
2025-04-25 18:08:06 - Execute result: true
2025-04-25 18:08:06 - Affected rows: 1
2025-04-25 18:08:06 - Error (if any): 
2025-04-25 18:08:16 - POST Data: {"id":"64","aluno_nome":"Messinaldo Júnior","unidade":"7","turma":"18","data_matricula":"2025-04-16","status":"pendente"}
2025-04-25 18:08:16 - Decoded: Array
(
    [id] => 64
    [aluno_nome] => Messinaldo Júnior
    [unidade] => 7
    [turma] => 18
    [data_matricula] => 2025-04-16
    [status] => pendente
)

2025-04-25 18:08:16 - SQL: UPDATE matriculas SET 
        unidade = ?, 
        turma = ?, 
        data_matricula = ?, 
        status = ? 
    WHERE id = ?
2025-04-25 18:08:16 - Execute result: true
2025-04-25 18:08:16 - Affected rows: 1
2025-04-25 18:08:16 - Error (if any): 
2025-04-25 18:08:28 - POST Data: {"id":"64","aluno_nome":"Messinaldo Júnior","unidade":"7","turma":"18","data_matricula":"2025-04-16","status":"pendente"}
2025-04-25 18:08:28 - Decoded: Array
(
    [id] => 64
    [aluno_nome] => Messinaldo Júnior
    [unidade] => 7
    [turma] => 18
    [data_matricula] => 2025-04-16
    [status] => pendente
)

2025-04-25 18:08:28 - SQL: UPDATE matriculas SET 
        unidade = ?, 
        turma = ?, 
        data_matricula = ?, 
        status = ? 
    WHERE id = ?
2025-04-25 18:08:28 - Execute result: true
2025-04-25 18:08:28 - Affected rows: 0
2025-04-25 18:08:28 - Error (if any): 
2025-04-25 18:08:35 - POST Data: {"id":"64","aluno_nome":"Messinaldo Júnior","unidade":"7","turma":"18","data_matricula":"2025-04-16","status":"ativo"}
2025-04-25 18:08:35 - Decoded: Array
(
    [id] => 64
    [aluno_nome] => Messinaldo Júnior
    [unidade] => 7
    [turma] => 18
    [data_matricula] => 2025-04-16
    [status] => ativo
)

2025-04-25 18:08:35 - SQL: UPDATE matriculas SET 
        unidade = ?, 
        turma = ?, 
        data_matricula = ?, 
        status = ? 
    WHERE id = ?
2025-04-25 18:08:35 - Execute result: true
2025-04-25 18:08:35 - Affected rows: 1
2025-04-25 18:08:35 - Error (if any): 
2025-04-25 18:56:40 - POST Data: {"id":"64","aluno_nome":"Messinaldo Júnior","unidade":"7","turma":"18","data_matricula":"2025-04-16","status":"pendente"}
2025-04-25 18:56:40 - Decoded: Array
(
    [id] => 64
    [aluno_nome] => Messinaldo Júnior
    [unidade] => 7
    [turma] => 18
    [data_matricula] => 2025-04-16
    [status] => pendente
)

2025-04-25 18:56:40 - SQL: UPDATE matriculas SET 
        unidade = ?, 
        turma = ?, 
        data_matricula = ?, 
        status = ? 
    WHERE id = ?
2025-04-25 18:56:40 - Execute result: true
2025-04-25 18:56:40 - Affected rows: 1
2025-04-25 18:56:40 - Error (if any): 
2025-04-25 18:58:16 - POST Data: {"id":"64","aluno_nome":"Messinaldo Júnior","unidade":"7","turma":"18","data_matricula":"2025-04-16","status":"ativo"}
2025-04-25 18:58:16 - Decoded: Array
(
    [id] => 64
    [aluno_nome] => Messinaldo Júnior
    [unidade] => 7
    [turma] => 18
    [data_matricula] => 2025-04-16
    [status] => ativo
)

2025-04-25 18:58:16 - SQL: UPDATE matriculas SET 
        unidade = ?, 
        turma = ?, 
        data_matricula = ?, 
        status = ? 
    WHERE id = ?
2025-04-25 18:58:16 - Execute result: true
2025-04-25 18:58:16 - Affected rows: 1
2025-04-25 18:58:16 - Error (if any): 
2025-04-28 14:37:23 - POST Data: {"id":"70","aluno_nome":"Rice","unidade":"7","turma":"10","data_matricula":"2025-04-17","status":"inativo"}
2025-04-28 14:37:23 - Decoded: Array
(
    [id] => 70
    [aluno_nome] => Rice
    [unidade] => 7
    [turma] => 10
    [data_matricula] => 2025-04-17
    [status] => inativo
)

2025-04-28 14:37:23 - SQL: UPDATE matriculas SET 
        unidade = ?, 
        turma = ?, 
        data_matricula = ?, 
        status = ? 
    WHERE id = ?
2025-04-28 14:37:23 - Execute result: true
2025-04-28 14:37:23 - Affected rows: 1
2025-04-28 14:37:23 - Error (if any): 
2025-04-29 10:58:11 - POST Data: {"id":"64","aluno_nome":"Messinaldo Júnior","unidade":"7","turma":"18","data_matricula":"2025-04-16","status":"pendente"}
2025-04-29 10:58:11 - Decoded: Array
(
    [id] => 64
    [aluno_nome] => Messinaldo Júnior
    [unidade] => 7
    [turma] => 18
    [data_matricula] => 2025-04-16
    [status] => pendente
)

2025-04-29 10:58:11 - SQL: UPDATE matriculas SET 
        unidade = ?, 
        turma = ?, 
        data_matricula = ?, 
        status = ? 
    WHERE id = ?
2025-04-29 10:58:11 - Execute result: true
2025-04-29 10:58:11 - Affected rows: 1
2025-04-29 10:58:11 - Error (if any): 
2025-04-29 11:01:39 - POST Data: {"id":"64","aluno_nome":"Messinaldo Júnior","unidade":"7","turma":"18","data_matricula":"2025-04-16","status":"ativo"}
2025-04-29 11:01:39 - Decoded: Array
(
    [id] => 64
    [aluno_nome] => Messinaldo Júnior
    [unidade] => 7
    [turma] => 18
    [data_matricula] => 2025-04-16
    [status] => ativo
)

2025-04-29 11:01:39 - SQL: UPDATE matriculas SET 
        unidade = ?, 
        turma = ?, 
        data_matricula = ?, 
        status = ? 
    WHERE id = ?
2025-04-29 11:01:39 - Execute result: true
2025-04-29 11:01:39 - Affected rows: 1
2025-04-29 11:01:39 - Error (if any): 
2025-04-29 11:15:50 - POST Data: {"id":"undefined","aluno_nome":"undefined","unidade":"7","turma":"10","data_matricula":"2025-04-29","status":"ativo"}
2025-04-29 11:15:50 - Decoded: Array
(
    [id] => undefined
    [aluno_nome] => undefined
    [unidade] => 7
    [turma] => 10
    [data_matricula] => 2025-04-29
    [status] => ativo
)

2025-04-29 11:15:50 - SQL: UPDATE matriculas SET 
        unidade = ?, 
        turma = ?, 
        data_matricula = ?, 
        status = ? 
    WHERE id = ?
2025-04-29 11:15:50 - Execute result: true
2025-04-29 11:15:50 - Affected rows: 0
2025-04-29 11:15:50 - Error (if any): 
2025-04-29 11:16:00 - POST Data: {"id":"undefined","aluno_nome":"undefined","unidade":"7","turma":"10","data_matricula":"2025-04-29","status":"ativo"}
2025-04-29 11:16:00 - Decoded: Array
(
    [id] => undefined
    [aluno_nome] => undefined
    [unidade] => 7
    [turma] => 10
    [data_matricula] => 2025-04-29
    [status] => ativo
)

2025-04-29 11:16:00 - SQL: UPDATE matriculas SET 
        unidade = ?, 
        turma = ?, 
        data_matricula = ?, 
        status = ? 
    WHERE id = ?
2025-04-29 11:16:00 - Execute result: true
2025-04-29 11:16:00 - Affected rows: 0
2025-04-29 11:16:00 - Error (if any): 
2025-04-29 11:19:17 - POST Data: {"id":"82","aluno_nome":"dsffsf","unidade":"7","turma":"18","data_matricula":"2025-04-23","status":"ativo"}
2025-04-29 11:19:17 - Decoded: Array
(
    [id] => 82
    [aluno_nome] => dsffsf
    [unidade] => 7
    [turma] => 18
    [data_matricula] => 2025-04-23
    [status] => ativo
)

2025-04-29 11:19:17 - SQL: UPDATE matriculas SET 
        unidade = ?, 
        turma = ?, 
        data_matricula = ?, 
        status = ? 
    WHERE id = ?
2025-04-29 11:19:17 - Execute result: true
2025-04-29 11:19:17 - Affected rows: 1
2025-04-29 11:19:17 - Error (if any): 
2025-04-29 11:19:23 - POST Data: {"id":"66","aluno_nome":"Pedro Álvares Cabral","unidade":"7","turma":"18","data_matricula":"2025-04-16","status":"ativo"}
2025-04-29 11:19:23 - Decoded: Array
(
    [id] => 66
    [aluno_nome] => Pedro Álvares Cabral
    [unidade] => 7
    [turma] => 18
    [data_matricula] => 2025-04-16
    [status] => ativo
)

2025-04-29 11:19:23 - SQL: UPDATE matriculas SET 
        unidade = ?, 
        turma = ?, 
        data_matricula = ?, 
        status = ? 
    WHERE id = ?
2025-04-29 11:19:23 - Execute result: true
2025-04-29 11:19:23 - Affected rows: 1
2025-04-29 11:19:23 - Error (if any): 
2025-04-29 11:19:43 - POST Data: {"id":"74","aluno_nome":"LUIS FILIPE E SILVA","unidade":"7","turma":"18","data_matricula":"2025-04-22","status":"ativo"}
2025-04-29 11:19:43 - Decoded: Array
(
    [id] => 74
    [aluno_nome] => LUIS FILIPE E SILVA
    [unidade] => 7
    [turma] => 18
    [data_matricula] => 2025-04-22
    [status] => ativo
)

2025-04-29 11:19:43 - SQL: UPDATE matriculas SET 
        unidade = ?, 
        turma = ?, 
        data_matricula = ?, 
        status = ? 
    WHERE id = ?
2025-04-29 11:19:43 - Execute result: true
2025-04-29 11:19:43 - Affected rows: 1
2025-04-29 11:19:43 - Error (if any): 
2025-04-29 11:19:51 - POST Data: {"id":"71","aluno_nome":"Messi Puyol","unidade":"7","turma":"18","data_matricula":"2025-04-22","status":"ativo"}
2025-04-29 11:19:51 - Decoded: Array
(
    [id] => 71
    [aluno_nome] => Messi Puyol
    [unidade] => 7
    [turma] => 18
    [data_matricula] => 2025-04-22
    [status] => ativo
)

2025-04-29 11:19:51 - SQL: UPDATE matriculas SET 
        unidade = ?, 
        turma = ?, 
        data_matricula = ?, 
        status = ? 
    WHERE id = ?
2025-04-29 11:19:51 - Execute result: true
2025-04-29 11:19:51 - Affected rows: 1
2025-04-29 11:19:51 - Error (if any): 
2025-04-29 11:20:01 - POST Data: {"id":"87","aluno_nome":"gabriel diogo vieira silva","unidade":"7","turma":"18","data_matricula":"2025-04-29","status":"ativo"}
2025-04-29 11:20:01 - Decoded: Array
(
    [id] => 87
    [aluno_nome] => gabriel diogo vieira silva
    [unidade] => 7
    [turma] => 18
    [data_matricula] => 2025-04-29
    [status] => ativo
)

2025-04-29 11:20:01 - SQL: UPDATE matriculas SET 
        unidade = ?, 
        turma = ?, 
        data_matricula = ?, 
        status = ? 
    WHERE id = ?
2025-04-29 11:20:01 - Execute result: true
2025-04-29 11:20:01 - Affected rows: 1
2025-04-29 11:20:01 - Error (if any): 
2025-04-29 11:20:09 - POST Data: {"id":"70","aluno_nome":"Rice","unidade":"7","turma":"18","data_matricula":"2025-04-17","status":"ativo"}
2025-04-29 11:20:09 - Decoded: Array
(
    [id] => 70
    [aluno_nome] => Rice
    [unidade] => 7
    [turma] => 18
    [data_matricula] => 2025-04-17
    [status] => ativo
)

2025-04-29 11:20:09 - SQL: UPDATE matriculas SET 
        unidade = ?, 
        turma = ?, 
        data_matricula = ?, 
        status = ? 
    WHERE id = ?
2025-04-29 11:20:09 - Execute result: true
2025-04-29 11:20:09 - Affected rows: 1
2025-04-29 11:20:09 - Error (if any): 
2025-04-29 11:20:16 - POST Data: {"id":"72","aluno_nome":"Messi juinior teste","unidade":"7","turma":"18","data_matricula":"2025-04-22","status":"ativo"}
2025-04-29 11:20:16 - Decoded: Array
(
    [id] => 72
    [aluno_nome] => Messi juinior teste
    [unidade] => 7
    [turma] => 18
    [data_matricula] => 2025-04-22
    [status] => ativo
)

2025-04-29 11:20:16 - SQL: UPDATE matriculas SET 
        unidade = ?, 
        turma = ?, 
        data_matricula = ?, 
        status = ? 
    WHERE id = ?
2025-04-29 11:20:16 - Execute result: true
2025-04-29 11:20:16 - Affected rows: 1
2025-04-29 11:20:16 - Error (if any): 
2025-04-29 11:20:29 - POST Data: {"id":"84","aluno_nome":"Maria Santos","unidade":"7","turma":"18","data_matricula":"2025-04-25","status":"ativo"}
2025-04-29 11:20:29 - Decoded: Array
(
    [id] => 84
    [aluno_nome] => Maria Santos
    [unidade] => 7
    [turma] => 18
    [data_matricula] => 2025-04-25
    [status] => ativo
)

2025-04-29 11:20:29 - SQL: UPDATE matriculas SET 
        unidade = ?, 
        turma = ?, 
        data_matricula = ?, 
        status = ? 
    WHERE id = ?
2025-04-29 11:20:29 - Execute result: true
2025-04-29 11:20:29 - Affected rows: 1
2025-04-29 11:20:29 - Error (if any): 
2025-04-29 11:20:36 - POST Data: {"id":"88","aluno_nome":"gabriel diogo vieira silva","unidade":"7","turma":"18","data_matricula":"2025-04-29","status":"ativo"}
2025-04-29 11:20:36 - Decoded: Array
(
    [id] => 88
    [aluno_nome] => gabriel diogo vieira silva
    [unidade] => 7
    [turma] => 18
    [data_matricula] => 2025-04-29
    [status] => ativo
)

2025-04-29 11:20:36 - SQL: UPDATE matriculas SET 
        unidade = ?, 
        turma = ?, 
        data_matricula = ?, 
        status = ? 
    WHERE id = ?
2025-04-29 11:20:36 - Execute result: true
2025-04-29 11:20:36 - Affected rows: 1
2025-04-29 11:20:36 - Error (if any): 
2025-04-29 11:23:46 - POST Data: {"id":"91","aluno_nome":"gabriel diogo vieira silva","unidade":"7","turma":"18","data_matricula":"2025-04-29","status":"ativo"}
2025-04-29 11:23:46 - Decoded: Array
(
    [id] => 91
    [aluno_nome] => gabriel diogo vieira silva
    [unidade] => 7
    [turma] => 18
    [data_matricula] => 2025-04-29
    [status] => ativo
)

2025-04-29 11:23:46 - SQL: UPDATE matriculas SET 
        unidade = ?, 
        turma = ?, 
        data_matricula = ?, 
        status = ? 
    WHERE id = ?
2025-04-29 11:23:46 - Execute result: true
2025-04-29 11:23:46 - Affected rows: 1
2025-04-29 11:23:46 - Error (if any): 
2025-06-04 14:33:12 - POST Data: {"id":"104","aluno_nome":"teste","unidade":"9","turma":"20","data_matricula":"2025-06-04","status":"ativo"}
2025-06-04 14:33:12 - Decoded: Array
(
    [id] => 104
    [aluno_nome] => teste
    [unidade] => 9
    [turma] => 20
    [data_matricula] => 2025-06-04
    [status] => ativo
)

2025-06-04 14:33:12 - SQL: UPDATE matriculas SET 
        unidade = ?, 
        turma = ?, 
        data_matricula = ?, 
        status = ? 
    WHERE id = ?
2025-06-04 14:33:12 - Execute result: true
2025-06-04 14:33:12 - Affected rows: 1
2025-06-04 14:33:12 - Error (if any): 
2025-06-04 14:33:32 - POST Data: {"id":"104","aluno_nome":"teste","unidade":"9","turma":"20","data_matricula":"2025-06-04","status":"inativo"}
2025-06-04 14:33:32 - Decoded: Array
(
    [id] => 104
    [aluno_nome] => teste
    [unidade] => 9
    [turma] => 20
    [data_matricula] => 2025-06-04
    [status] => inativo
)

2025-06-04 14:33:32 - SQL: UPDATE matriculas SET 
        unidade = ?, 
        turma = ?, 
        data_matricula = ?, 
        status = ? 
    WHERE id = ?
2025-06-04 14:33:32 - Execute result: true
2025-06-04 14:33:32 - Affected rows: 1
2025-06-04 14:33:32 - Error (if any): 
2025-06-04 14:33:40 - POST Data: {"id":"104","aluno_nome":"teste","unidade":"9","turma":"20","data_matricula":"2025-06-04","status":"ativo"}
2025-06-04 14:33:40 - Decoded: Array
(
    [id] => 104
    [aluno_nome] => teste
    [unidade] => 9
    [turma] => 20
    [data_matricula] => 2025-06-04
    [status] => ativo
)

2025-06-04 14:33:40 - SQL: UPDATE matriculas SET 
        unidade = ?, 
        turma = ?, 
        data_matricula = ?, 
        status = ? 
    WHERE id = ?
2025-06-04 14:33:40 - Execute result: true
2025-06-04 14:33:40 - Affected rows: 1
2025-06-04 14:33:40 - Error (if any): 
