2025-04-02 19:40:44 - Dados recebidos: {"nome":"TESTANDO PROFESSOR","email":"teste@teste.com","telefone":"62981676241"}
2025-04-02 19:40:44 - Dados processados: Array
(
    [nome] => TESTANDO PROFESSOR
    [email] => teste@teste.com
    [telefone] => 62981676241
)

2025-04-02 19:40:44 - SQL: INSERT INTO professor (
        nome, 
        email, 
        telefone
    ) VALUES (?, ?, ?)
2025-04-02 19:40:44 - Parâmetros: Array
(
    [nome] => TESTANDO PROFESSOR
    [email] => teste@teste.com
    [telefone] => 62981676241
)

2025-04-02 19:40:44 - Execução: Sucesso
2025-04-17 13:33:12 - Dados recebidos: {"nome":"Dorival júnior","email":"dorival@gmail.com","telefone":"(27) 27828-2782"}
2025-04-17 13:33:12 - Dados processados: Array
(
    [nome] => Dorival júnior
    [email] => dorival@gmail.com
    [telefone] => (27) 27828-2782
)

2025-04-17 13:33:12 - SQL: INSERT INTO professor (
        nome, 
        email, 
        telefone
    ) VALUES (?, ?, ?)
2025-04-17 13:33:12 - Parâmetros: Array
(
    [nome] => Dorival júnior
    [email] => dorival@gmail.com
    [telefone] => (27) 27828-2782
)

2025-04-17 13:33:12 - Execução: Sucesso
2025-04-22 19:42:21 - Dados recebidos: {"nome":"Messi tadel teste","email":"techsmartvd@gmail.com","telefone":"63984931303"}
2025-04-22 19:42:21 - Dados processados: Array
(
    [nome] => Messi tadel teste
    [email] => techsmartvd@gmail.com
    [telefone] => 63984931303
)

2025-04-22 19:42:21 - SQL: INSERT INTO professor (
        nome, 
        email, 
        telefone
    ) VALUES (?, ?, ?)
2025-04-22 19:42:21 - Parâmetros: Array
(
    [nome] => Messi tadel teste
    [email] => techsmartvd@gmail.com
    [telefone] => 63984931303
)

2025-04-22 19:42:21 - Exceção: Field 'senha' doesn't have a default value
2025-04-22 19:42:26 - Dados recebidos: {"nome":"Messi tadel teste","email":"techsmartvd@gmail.com","telefone":"63984931303"}
2025-04-22 19:42:26 - Dados processados: Array
(
    [nome] => Messi tadel teste
    [email] => techsmartvd@gmail.com
    [telefone] => 63984931303
)

2025-04-22 19:42:26 - SQL: INSERT INTO professor (
        nome, 
        email, 
        telefone
    ) VALUES (?, ?, ?)
2025-04-22 19:42:26 - Parâmetros: Array
(
    [nome] => Messi tadel teste
    [email] => techsmartvd@gmail.com
    [telefone] => 63984931303
)

2025-04-22 19:42:26 - Exceção: Field 'senha' doesn't have a default value
2025-04-22 19:42:43 - Dados recebidos: {"nome":"gabriel diogo vieira silva","email":"techsmartvd@gmail.com","telefone":"63984931303"}
2025-04-22 19:42:43 - Dados processados: Array
(
    [nome] => gabriel diogo vieira silva
    [email] => techsmartvd@gmail.com
    [telefone] => 63984931303
)

2025-04-22 19:42:43 - SQL: INSERT INTO professor (
        nome, 
        email, 
        telefone
    ) VALUES (?, ?, ?)
2025-04-22 19:42:43 - Parâmetros: Array
(
    [nome] => gabriel diogo vieira silva
    [email] => techsmartvd@gmail.com
    [telefone] => 63984931303
)

2025-04-22 19:42:43 - Exceção: Field 'senha' doesn't have a default value
2025-04-23 14:07:47 - Dados recebidos: {"nome":"teste imple de listar","email":"techsmartvd@gmail.com","telefone":"63984931303"}
2025-04-23 14:07:47 - Dados processados: Array
(
    [nome] => teste imple de listar
    [email] => techsmartvd@gmail.com
    [telefone] => 63984931303
)

2025-04-23 14:07:47 - SQL: INSERT INTO professor (
        nome, 
        email, 
        telefone
    ) VALUES (?, ?, ?)
2025-04-23 14:07:47 - Parâmetros: Array
(
    [nome] => teste imple de listar
    [email] => techsmartvd@gmail.com
    [telefone] => 63984931303
)

2025-04-23 14:07:47 - Exceção: Field 'senha' doesn't have a default value
2025-04-23 14:08:09 - Dados recebidos: {"nome":"gabriel diogo vieira silva","email":"techsmartvd@gmail.com","telefone":"63984931303"}
2025-04-23 14:08:09 - Dados processados: Array
(
    [nome] => gabriel diogo vieira silva
    [email] => techsmartvd@gmail.com
    [telefone] => 63984931303
)

2025-04-23 14:08:09 - SQL: INSERT INTO professor (
        nome, 
        email, 
        telefone
    ) VALUES (?, ?, ?)
2025-04-23 14:08:09 - Parâmetros: Array
(
    [nome] => gabriel diogo vieira silva
    [email] => techsmartvd@gmail.com
    [telefone] => 63984931303
)

2025-04-23 14:08:09 - Exceção: Field 'senha' doesn't have a default value
2025-04-23 16:25:09 - Dados recebidos: {"nome":"gabriel diogo vieira silva","email":"tadel0405)","telefone":"63984931303"}
2025-04-23 16:25:09 - Dados processados: Array
(
    [nome] => gabriel diogo vieira silva
    [email] => tadel0405)
    [telefone] => 63984931303
)

2025-04-23 16:25:09 - SQL: INSERT INTO professor (
        nome, 
        email, 
        telefone
    ) VALUES (?, ?, ?)
2025-04-23 16:25:09 - Parâmetros: Array
(
    [nome] => gabriel diogo vieira silva
    [email] => tadel0405)
    [telefone] => 63984931303
)

2025-04-23 16:25:09 - Exceção: Field 'senha' doesn't have a default value
2025-04-23 16:25:53 - Dados recebidos: {"nome":"gabriel diogo vieira silva","email":"tadel0405)","telefone":"63984931303"}
2025-04-23 16:25:53 - Dados processados: Array
(
    [nome] => gabriel diogo vieira silva
    [email] => tadel0405)
    [telefone] => 63984931303
)

2025-04-23 16:25:53 - SQL: INSERT INTO professor (
        nome, 
        email, 
        telefone
    ) VALUES (?, ?, ?)
2025-04-23 16:25:53 - Parâmetros: Array
(
    [nome] => gabriel diogo vieira silva
    [email] => tadel0405)
    [telefone] => 63984931303
)

2025-04-23 16:25:53 - Exceção: Field 'senha' doesn't have a default value
2025-04-23 16:40:29 - Dados recebidos: {"nome":"gabriel","email":"techsmartvd@gmail.com","senha":"tadel","telefone":"63984931303"}
2025-04-23 16:40:29 - Dados processados: Array
(
    [nome] => gabriel
    [email] => techsmartvd@gmail.com
    [senha] => tadel
    [telefone] => 63984931303
)

2025-04-23 16:40:29 - SQL: INSERT INTO professor (
        nome,
        email,
        telefone,
        senha
    ) VALUES (?, ?, ?, ?)
2025-04-23 16:40:29 - Parâmetros: Array
(
    [nome] => gabriel
    [email] => techsmartvd@gmail.com
    [telefone] => 63984931303
    [senha] => [SENHA PROTEGIDA]
)

2025-04-23 16:40:29 - Execução: Sucesso
2025-04-23 19:26:28 - Dados recebidos: {"nome":"gabriel diogo vieira silva","email":"techsmartvd@gmail.com","senha":"123","telefone":"63984931303"}
2025-04-23 19:26:28 - Dados processados: Array
(
    [nome] => gabriel diogo vieira silva
    [email] => techsmartvd@gmail.com
    [senha] => 123
    [telefone] => 63984931303
)

2025-04-23 19:26:28 - SQL: INSERT INTO professor (
        nome,
        email,
        telefone,
        senha
    ) VALUES (?, ?, ?, ?)
2025-04-23 19:26:28 - Parâmetros: Array
(
    [nome] => gabriel diogo vieira silva
    [email] => techsmartvd@gmail.com
    [telefone] => 63984931303
    [senha] => [SENHA PROTEGIDA]
)

2025-04-23 19:26:28 - Execução: Sucesso
2025-04-24 14:12:47 - Dados recebidos: {"nome":"VICTOR TCHOLA","email":"victor@tchola.com","senha":"123456","telefone":"6298124242424"}
2025-04-24 14:12:47 - Dados processados: Array
(
    [nome] => VICTOR TCHOLA
    [email] => victor@tchola.com
    [senha] => 123456
    [telefone] => 6298124242424
)

2025-04-24 14:12:47 - SQL: INSERT INTO professor (
        nome,
        email,
        telefone,
        senha
    ) VALUES (?, ?, ?, ?)
2025-04-24 14:12:47 - Parâmetros: Array
(
    [nome] => VICTOR TCHOLA
    [email] => victor@tchola.com
    [telefone] => 6298124242424
    [senha] => [SENHA PROTEGIDA]
)

2025-04-24 14:12:47 - Execução: Sucesso
2025-04-25 18:09:12 - Dados recebidos: {"nome":"luis lobsomen","email":"luis@gmail.com","senha":"123","telefone":"63984931303"}
2025-04-25 18:09:12 - Dados processados: Array
(
    [nome] => luis lobsomen
    [email] => luis@gmail.com
    [senha] => 123
    [telefone] => 63984931303
)

2025-04-25 18:09:12 - SQL: INSERT INTO professor (
        nome,
        email,
        telefone,
        senha
    ) VALUES (?, ?, ?, ?)
2025-04-25 18:09:12 - Parâmetros: Array
(
    [nome] => luis lobsomen
    [email] => luis@gmail.com
    [telefone] => 63984931303
    [senha] => [SENHA PROTEGIDA]
)

2025-04-25 18:09:12 - Execução: Sucesso
2025-04-29 16:17:21 - Dados recebidos: {"nome":"LUIS FILIPE E SILVA","email":"filipe_rapex@hotmail.com","senha":"123","telefone":"62981676241"}
2025-04-29 16:17:21 - Dados processados: Array
(
    [nome] => LUIS FILIPE E SILVA
    [email] => filipe_rapex@hotmail.com
    [senha] => 123
    [telefone] => 62981676241
)

2025-04-29 16:17:21 - SQL: INSERT INTO professor (
        nome,
        email,
        telefone,
        senha
    ) VALUES (?, ?, ?, ?)
2025-04-29 16:17:21 - Parâmetros: Array
(
    [nome] => LUIS FILIPE E SILVA
    [email] => filipe_rapex@hotmail.com
    [telefone] => 62981676241
    [senha] => [SENHA PROTEGIDA]
)

2025-04-29 16:17:21 - Execução: Sucesso
2025-06-04 14:26:04 - Dados recebidos: {"nome":"professor teste","email":"gabrioel@gmail.com","senha":"123321","telefone":"63984931303"}
2025-06-04 14:26:04 - Dados processados: Array
(
    [nome] => professor teste
    [email] => gabrioel@gmail.com
    [senha] => 123321
    [telefone] => 63984931303
)

2025-06-04 14:26:04 - SQL: INSERT INTO professor (
        nome,
        email,
        telefone,
        senha
    ) VALUES (?, ?, ?, ?)
2025-06-04 14:26:04 - Parâmetros: Array
(
    [nome] => professor teste
    [email] => gabrioel@gmail.com
    [telefone] => 63984931303
    [senha] => [SENHA PROTEGIDA]
)

2025-06-04 14:26:04 - Execução: Sucesso
