2025-04-16 18:33:03 - POST Data: {"id":"5","nome":"Juliana Alves Mende","email":"juliana.alves@email.com","telefone":"(62) 94321-0987"}
2025-04-16 18:33:03 - Decoded: Array
(
    [id] => 5
    [nome] => Juliana Alves Mende
    [email] => juliana.alves@email.com
    [telefone] => (62) 94321-0987
)

2025-04-16 18:33:03 - SQL: UPDATE professor SET
        nome = ?,
        email = ?,
        telefone = ?
        WHERE id = ?
2025-04-16 18:33:03 - Execute result: true
2025-04-16 18:33:03 - Affected rows: 1
2025-04-16 18:33:03 - Error (if any): 
2025-04-16 18:33:26 - POST Data: {"id":"5","nome":"Juliana Alves Mendesssss","email":"juliana.alves@email.com","telefone":"(62) 94321-0987"}
2025-04-16 18:33:26 - Decoded: Array
(
    [id] => 5
    [nome] => Juliana Alves Mendesssss
    [email] => juliana.alves@email.com
    [telefone] => (62) 94321-0987
)

2025-04-16 18:33:26 - SQL: UPDATE professor SET
        nome = ?,
        email = ?,
        telefone = ?
        WHERE id = ?
2025-04-16 18:33:26 - Execute result: true
2025-04-16 18:33:26 - Affected rows: 1
2025-04-16 18:33:26 - Error (if any): 
2025-04-16 20:16:20 - POST Data: {"id":"1","nome":"Ana Silva Santos teste","email":"ana.silva@email.com","telefone":"(62) 98765-4321"}
2025-04-16 20:16:20 - Decoded: Array
(
    [id] => 1
    [nome] => Ana Silva Santos teste
    [email] => ana.silva@email.com
    [telefone] => (62) 98765-4321
)

2025-04-16 20:16:20 - SQL: UPDATE professor SET
        nome = ?,
        email = ?,
        telefone = ?
        WHERE id = ?
2025-04-16 20:16:20 - Execute result: true
2025-04-16 20:16:20 - Affected rows: 1
2025-04-16 20:16:20 - Error (if any): 
2025-04-17 13:27:31 - POST Data: {"id":"1","nome":"Ana Silva Santos","email":"ana.silva@email.com","telefone":"(62) 98765-4321"}
2025-04-17 13:27:31 - Decoded: Array
(
    [id] => 1
    [nome] => Ana Silva Santos
    [email] => ana.silva@email.com
    [telefone] => (62) 98765-4321
)

2025-04-17 13:27:31 - SQL: UPDATE professor SET
        nome = ?,
        email = ?,
        telefone = ?
        WHERE id = ?
2025-04-17 13:27:31 - Execute result: true
2025-04-17 13:27:31 - Affected rows: 1
2025-04-17 13:27:31 - Error (if any): 
2025-04-23 11:22:56 - POST Data: {"id":"7","nome":"Dorival júnio","email":"dorival@gmail.com","telefone":"(27) 27828-2782"}
2025-04-23 11:22:56 - Decoded: Array
(
    [id] => 7
    [nome] => Dorival júnio
    [email] => dorival@gmail.com
    [telefone] => (27) 27828-2782
)

2025-04-23 11:22:56 - SQL: UPDATE professor SET
        nome = ?,
        email = ?,
        telefone = ?
        WHERE id = ?
2025-04-23 11:22:56 - Execute result: true
2025-04-23 11:22:56 - Affected rows: 1
2025-04-23 11:22:56 - Error (if any): 
2025-04-23 11:22:57 - POST Data: {"id":"7","nome":"Dorival júnior 4","email":"dorival@gmail.com","telefone":"(27) 27828-2782"}
2025-04-23 11:22:57 - Decoded: Array
(
    [id] => 7
    [nome] => Dorival júnior 4
    [email] => dorival@gmail.com
    [telefone] => (27) 27828-2782
)

2025-04-23 11:22:57 - SQL: UPDATE professor SET
        nome = ?,
        email = ?,
        telefone = ?
        WHERE id = ?
2025-04-23 11:22:57 - Execute result: true
2025-04-23 11:22:57 - Affected rows: 1
2025-04-23 11:22:57 - Error (if any): 
2025-04-23 11:23:02 - POST Data: {"id":"7","nome":"Dorival júnior","email":"dorival@gmail.com","telefone":"(27) 27828-2782"}
2025-04-23 11:23:02 - Decoded: Array
(
    [id] => 7
    [nome] => Dorival júnior
    [email] => dorival@gmail.com
    [telefone] => (27) 27828-2782
)

2025-04-23 11:23:02 - SQL: UPDATE professor SET
        nome = ?,
        email = ?,
        telefone = ?
        WHERE id = ?
2025-04-23 11:23:02 - Execute result: true
2025-04-23 11:23:02 - Affected rows: 1
2025-04-23 11:23:02 - Error (if any): 
2025-04-23 16:20:58 - POST Data: {"id":"7","nome":"Dorival júnior","email":"dorival@gmail.com","Senha":"admin123","telefone":"(27) 27828-2782"}
2025-04-23 16:20:58 - Decoded: Array
(
    [id] => 7
    [nome] => Dorival júnior
    [email] => dorival@gmail.com
    [Senha] => admin123
    [telefone] => (27) 27828-2782
)

2025-04-23 16:20:58 - SQL: UPDATE professor SET
        nome = ?,
        email = ?,
        senha = ?,
        telefone = ?
        WHERE id = ?
2025-04-23 16:23:46 - POST Data: {"id":"7","nome":"Dorival júnior 1","email":"dorival@gmail.com","Senha":"dorival@gmail.com","telefone":"(27) 27828-2782"}
2025-04-23 16:23:46 - Decoded: Array
(
    [id] => 7
    [nome] => Dorival júnior 1
    [email] => dorival@gmail.com
    [Senha] => dorival@gmail.com
    [telefone] => (27) 27828-2782
)

2025-04-23 16:23:46 - SQL: UPDATE professor SET
        nome = ?,
        email = ?,
        senha = ?,
        telefone = ?,
        NOT NULL foto
        WHERE id = ?
2025-04-23 16:23:46 - Exception: You have an error in your SQL syntax; check the manual that corresponds to your MySQL server version for the right syntax to use near 'NOT NULL foto
        WHERE id = ?' at line 6
2025-04-23 16:24:13 - POST Data: {"id":"7","nome":"Dorival júnior1","email":"dorival@gmail.com","Senha":"dorival@gmail.com","telefone":"(27) 27828-2782"}
2025-04-23 16:24:13 - Decoded: Array
(
    [id] => 7
    [nome] => Dorival júnior1
    [email] => dorival@gmail.com
    [Senha] => dorival@gmail.com
    [telefone] => (27) 27828-2782
)

2025-04-23 16:24:13 - SQL: UPDATE professor SET
        nome = ?,
        email = ?,
        senha = ?,
        telefone = ?,
       
        WHERE id = ?
2025-04-23 16:24:13 - Exception: You have an error in your SQL syntax; check the manual that corresponds to your MySQL server version for the right syntax to use near 'WHERE id = ?' at line 7
2025-04-23 16:41:15 - POST Data: {"id":"8","nome":"gabriel","email":"techsmartvd@gmail.com","senha":"123","telefone":"63984931303"}
2025-04-23 16:41:15 - Decoded: Array
(
    [id] => 8
    [nome] => gabriel
    [email] => techsmartvd@gmail.com
    [senha] => 123
    [telefone] => 63984931303
)

2025-04-23 16:41:15 - SQL with password: UPDATE professor SET 
                nome = ?, 
                email = ?, 
                senha = ?, 
                telefone = ? 
                WHERE id = ?
2025-04-23 16:41:15 - Execute result: true
2025-04-23 16:41:15 - Affected rows: 1
2025-04-23 16:41:15 - Error (if any): 
2025-04-28 14:37:00 - POST Data: {"id":"7","nome":"Dorival júnior r","email":"dorival@gmail.com","telefone":"(27) 27828-2782"}
2025-04-28 14:37:00 - Decoded: Array
(
    [id] => 7
    [nome] => Dorival júnior r
    [email] => dorival@gmail.com
    [telefone] => (27) 27828-2782
)

2025-04-28 14:37:00 - SQL without password: UPDATE professor SET 
                nome = ?, 
                email = ?, 
                telefone = ? 
                WHERE id = ?
2025-04-28 14:37:00 - Execute result: true
2025-04-28 14:37:00 - Affected rows: 1
2025-04-28 14:37:00 - Error (if any): 
2025-04-28 14:37:06 - POST Data: {"id":"7","nome":"Dorival júnior ","email":"dorival@gmail.com","telefone":"(27) 27828-2782"}
2025-04-28 14:37:06 - Decoded: Array
(
    [id] => 7
    [nome] => Dorival júnior 
    [email] => dorival@gmail.com
    [telefone] => (27) 27828-2782
)

2025-04-28 14:37:06 - SQL without password: UPDATE professor SET 
                nome = ?, 
                email = ?, 
                telefone = ? 
                WHERE id = ?
2025-04-28 14:37:06 - Execute result: true
2025-04-28 14:37:06 - Affected rows: 1
2025-04-28 14:37:06 - Error (if any): 
