2025-04-16 17:03:22 - POST Data: {"id":"12","nome_turma":"teste ","id_unidade":"8","id_professor":"2","capacidade":"25","status":"Em Andamento","dias_aula":"Não definido","horario_inicio":"08:00:00","horario_fim":"10:00:00"}
2025-04-16 17:03:22 - Decoded: Array
(
    [id] => 12
    [nome_turma] => teste 
    [id_unidade] => 8
    [id_professor] => 2
    [capacidade] => 25
    [status] => Em Andamento
    [dias_aula] => Não definido
    [horario_inicio] => 08:00:00
    [horario_fim] => 10:00:00
)

2025-04-16 17:03:22 - SQL: UPDATE turma SET
        nome_turma = ?,
        id_unidade = ?,
        id_professor = ?,
        capacidade = ?,
        status = ?,
        dias_aula = ?,
        horario_inicio = ?,
        horario_fim = ?,
        ultima_atualizacao = NOW()
        WHERE id = ?
2025-04-16 17:04:59 - POST Data: {"id":"10","nome_turma":"Sub 111","id_unidade":"7","id_professor":"3","capacidade":"25","status":"Em Andamento","dias_aula":"Não definido","horario_inicio":"08:00:00","horario_fim":"10:00:00"}
2025-04-16 17:04:59 - Decoded: Array
(
    [id] => 10
    [nome_turma] => Sub 111
    [id_unidade] => 7
    [id_professor] => 3
    [capacidade] => 25
    [status] => Em Andamento
    [dias_aula] => Não definido
    [horario_inicio] => 08:00:00
    [horario_fim] => 10:00:00
)

2025-04-16 17:04:59 - SQL: UPDATE turma SET
        nome_turma = ?,
        id_unidade = ?,
        id_professor = ?,
        capacidade = ?,
        status = ?,
        dias_aula = ?,
        horario_inicio = ?,
        horario_fim = ?,
        ultima_atualizacao = NOW()
        WHERE id = ?
2025-04-16 17:07:24 - POST Data: 
2025-04-16 17:07:24 - Decoded: 
2025-04-16 17:08:11 - POST Data: {"id":"10","nome_turma":"Sub 111","id_unidade":"7","id_professor":"3","capacidade":"25","status":"Em Andamento","dias_aula":"Não definido","horario_inicio":"08:00:00","horario_fim":"10:00:00"}
2025-04-16 17:08:11 - Decoded: Array
(
    [id] => 10
    [nome_turma] => Sub 111
    [id_unidade] => 7
    [id_professor] => 3
    [capacidade] => 25
    [status] => Em Andamento
    [dias_aula] => Não definido
    [horario_inicio] => 08:00:00
    [horario_fim] => 10:00:00
)

2025-04-16 17:08:11 - SQL: UPDATE turma SET
        nome_turma = ?,
        id_unidade = ?,
        id_professor = ?,
        capacidade = ?,
        status = ?,
        dias_aula = ?,
        horario_inicio = ?,
        horario_fim = ?,
        ultima_atualizacao = NOW()
        WHERE id = ?
2025-04-16 17:08:28 - POST Data: {"id":"10","nome_turma":"Sub 111","id_unidade":"7","id_professor":"3","capacidade":"25","status":"Em Andamento","dias_aula":"Não definido","horario_inicio":"08:00:00","horario_fim":"10:00:00"}
2025-04-16 17:08:28 - Decoded: Array
(
    [id] => 10
    [nome_turma] => Sub 111
    [id_unidade] => 7
    [id_professor] => 3
    [capacidade] => 25
    [status] => Em Andamento
    [dias_aula] => Não definido
    [horario_inicio] => 08:00:00
    [horario_fim] => 10:00:00
)

2025-04-16 17:08:28 - SQL: UPDATE turma SET
        nome_turma = ?,
        id_unidade = ?,
        id_professor = ?,
        capacidade = ?,
        status = ?,
        dias_aula = ?,
        horario_inicio = ?,
        horario_fim = ?,
        ultima_atualizacao = NOW()
        WHERE id = ?
2025-04-16 17:12:03 - POST Data: {"id":"10","nome_turma":"Sub 1","id_unidade":"7","id_professor":"3","capacidade":"25","status":"Em Andamento","dias_aula":"Não definido","horario_inicio":"08:00:00","horario_fim":"10:00:00"}
2025-04-16 17:12:03 - Decoded: Array
(
    [id] => 10
    [nome_turma] => Sub 1
    [id_unidade] => 7
    [id_professor] => 3
    [capacidade] => 25
    [status] => Em Andamento
    [dias_aula] => Não definido
    [horario_inicio] => 08:00:00
    [horario_fim] => 10:00:00
)

2025-04-16 17:12:03 - SQL: UPDATE turma SET
        nome_turma = ?,
        id_unidade = ?,
        id_professor = ?,
        capacidade = ?,
        status = ?,
        dias_aula = ?,
        horario_inicio = ?,
        horario_fim = ?,
        ultima_atualizacao = NOW()
        WHERE id = ?
2025-04-16 17:12:03 - Valores: nome_turma=Sub 1, id_unidade=7, id_professor=3, capacidade=25, status=Em Andamento, id=10
2025-04-16 17:13:06 - POST Data: 
2025-04-16 17:13:06 - Decoded: 
2025-04-16 17:13:31 - POST Data: 
2025-04-16 17:13:31 - Decoded: 
2025-04-16 17:16:29 - POST Data: {"id":"10","nome_turma":"Sub 111","id_unidade":"8","id_professor":"3","capacidade":"25","status":"Em Andamento","dias_aula":"Não definido","horario_inicio":"08:00:00","horario_fim":"10:00:00"}
2025-04-16 17:16:29 - Decoded: Array
(
    [id] => 10
    [nome_turma] => Sub 111
    [id_unidade] => 8
    [id_professor] => 3
    [capacidade] => 25
    [status] => Em Andamento
    [dias_aula] => Não definido
    [horario_inicio] => 08:00:00
    [horario_fim] => 10:00:00
)

2025-04-16 17:16:29 - SQL: UPDATE turma SET
        nome_turma = ?,
        id_unidade = ?,
        id_professor = ?,
        capacidade = ?,
        status = ?,
        dias_aula = ?,
        horario_inicio = ?,
        horario_fim = ?,
        ultima_atualizacao = NOW()
        WHERE id = ?
2025-04-16 17:16:29 - Dados: nome_turma=Sub 111, id_unidade=8, id_professor=3, capacidade=25, status=Em Andamento, dias_aula=Não definido, horario_inicio=08:00:00, horario_fim=10:00:00, id=10
2025-04-16 17:16:58 - POST Data: {"id":"10","nome_turma":"Sub 111","id_unidade":"8","id_professor":"3","capacidade":"25","status":"Em Andamento","dias_aula":"Não definido","horario_inicio":"08:00:00","horario_fim":"10:00:00"}
2025-04-16 17:16:58 - Decoded: Array
(
    [id] => 10
    [nome_turma] => Sub 111
    [id_unidade] => 8
    [id_professor] => 3
    [capacidade] => 25
    [status] => Em Andamento
    [dias_aula] => Não definido
    [horario_inicio] => 08:00:00
    [horario_fim] => 10:00:00
)

2025-04-16 17:16:58 - SQL: UPDATE turma SET
        nome_turma = ?,
        id_unidade = ?,
        id_professor = ?,
        capacidade = ?,
        status = ?,
        dias_aula = ?,
        horario_inicio = ?,
        horario_fim = ?,
        ultima_atualizacao = NOW()
        WHERE id = ?
2025-04-16 17:16:58 - Dados: nome_turma=Sub 111, id_unidade=8, id_professor=3, capacidade=25, status=Em Andamento, dias_aula=Não definido, horario_inicio=08:00:00, horario_fim=10:00:00, id=10
2025-04-16 17:17:12 - POST Data: {"id":"10","nome_turma":"Sub 111","id_unidade":"7","id_professor":"4","capacidade":"2522","status":"Inativo","dias_aula":"Não definido","horario_inicio":"08:01","horario_fim":"10:00:00"}
2025-04-16 17:17:12 - Decoded: Array
(
    [id] => 10
    [nome_turma] => Sub 111
    [id_unidade] => 7
    [id_professor] => 4
    [capacidade] => 2522
    [status] => Inativo
    [dias_aula] => Não definido
    [horario_inicio] => 08:01
    [horario_fim] => 10:00:00
)

2025-04-16 17:17:12 - SQL: UPDATE turma SET
        nome_turma = ?,
        id_unidade = ?,
        id_professor = ?,
        capacidade = ?,
        status = ?,
        dias_aula = ?,
        horario_inicio = ?,
        horario_fim = ?,
        ultima_atualizacao = NOW()
        WHERE id = ?
2025-04-16 17:17:12 - Dados: nome_turma=Sub 111, id_unidade=7, id_professor=4, capacidade=2522, status=Inativo, dias_aula=Não definido, horario_inicio=08:01, horario_fim=10:00:00, id=10
2025-04-16 17:17:30 - POST Data: {"id":"10","nome_turma":"Sub 111","id_unidade":"7","id_professor":"4","capacidade":"2522","status":"Inativo","dias_aula":"Não definido","horario_inicio":"08:01","horario_fim":"10:00:00"}
2025-04-16 17:17:30 - Decoded: Array
(
    [id] => 10
    [nome_turma] => Sub 111
    [id_unidade] => 7
    [id_professor] => 4
    [capacidade] => 2522
    [status] => Inativo
    [dias_aula] => Não definido
    [horario_inicio] => 08:01
    [horario_fim] => 10:00:00
)

2025-04-16 17:17:30 - SQL: UPDATE turma SET
        nome_turma = ?,
        id_unidade = ?,
        id_professor = ?,
        capacidade = ?,
        status = ?,
        dias_aula = ?,
        horario_inicio = ?,
        horario_fim = ?,
        ultima_atualizacao = NOW()
        WHERE id = ?
2025-04-16 17:17:30 - Dados: nome_turma=Sub 111, id_unidade=7, id_professor=4, capacidade=2522, status=Inativo, dias_aula=Não definido, horario_inicio=08:01, horario_fim=10:00:00, id=10
2025-04-16 17:20:13 - Iniciando processamento
2025-04-16 17:20:13 - Dados recebidos: {"id":"10","nome_turma":"Sub 11","id_unidade":"7","id_professor":"3","capacidade":"25","status":"Em Andamento","dias_aula":"Não definido","horario_inicio":"08:00:00","horario_fim":"10:00:00"}
2025-04-16 17:20:13 - Valores: id=10, nome=Sub 11, unidade=7, professor=3
2025-04-16 17:20:20 - Iniciando processamento
2025-04-16 17:20:20 - Dados recebidos: {"id":"10","nome_turma":"Sub 111","id_unidade":"7","id_professor":"3","capacidade":"25","status":"Em Andamento","dias_aula":"Não definido","horario_inicio":"08:00:00","horario_fim":"10:00:00"}
2025-04-16 17:20:20 - Valores: id=10, nome=Sub 111, unidade=7, professor=3
2025-04-16 17:20:38 - Iniciando processamento
2025-04-16 17:20:38 - Dados recebidos: {"id":"10","nome_turma":"Sub 111","id_unidade":"7","id_professor":"3","capacidade":"25","status":"Em Andamento","dias_aula":"Não definido","horario_inicio":"08:00:00","horario_fim":"10:00:00"}
2025-04-16 17:20:38 - Valores: id=10, nome=Sub 111, unidade=7, professor=3
2025-04-16 17:28:23 - Iniciando processamento
2025-04-16 17:28:23 - Dados recebidos: {"id":"10","nome_turma":"Sub 11q","id_unidade":"7","id_professor":"3","capacidade":"25","status":"Em Andamento","dias_aula":"Não definido","horario_inicio":"08:00:00","horario_fim":"10:00:00"}
2025-04-16 17:28:23 - Valores: id=10, nome=Sub 11q, unidade=7, professor=3
2025-04-16 19:19:28 - POST Data: {"id":"10","nome_turma":"Sub 111","id_unidade":"7","id_professor":"3","capacidade":"25","status":"Em Andamento","dias_aula":"Não definido","horario_inicio":"08:00:00","horario_fim":"10:00:00"}
2025-04-16 19:19:28 - Decoded: Array
(
    [id] => 10
    [nome_turma] => Sub 111
    [id_unidade] => 7
    [id_professor] => 3
    [capacidade] => 25
    [status] => Em Andamento
    [dias_aula] => Não definido
    [horario_inicio] => 08:00:00
    [horario_fim] => 10:00:00
)

2025-04-16 19:19:28 - SQL: UPDATE turma SET
        nome_turma = ?,
        id_unidade = ?,
        id_professor = ?,
        capacidade = ?,
        status = ?,
        dias_aula = ?,
        horario_inicio = ?,
        horario_fim = ?,
        ultima_atualizacao = NOW()
        WHERE id = ?
2025-04-16 19:20:07 - POST Data: {"id":"10","nome_turma":"Sub 1111","id_unidade":"8","id_professor":"2","capacidade":"20","status":"Finalizada","dias_aula":"seg qua","horario_inicio":"11:07","horario_fim":"13:03"}
2025-04-16 19:20:07 - Decoded: Array
(
    [id] => 10
    [nome_turma] => Sub 1111
    [id_unidade] => 8
    [id_professor] => 2
    [capacidade] => 20
    [status] => Finalizada
    [dias_aula] => seg qua
    [horario_inicio] => 11:07
    [horario_fim] => 13:03
)

2025-04-16 19:20:07 - SQL: UPDATE turma SET
        nome_turma = ?,
        id_unidade = ?,
        id_professor = ?,
        capacidade = ?,
        status = ?,
        dias_aula = ?,
        horario_inicio = ?,
        horario_fim = ?,
        ultima_atualizacao = NOW()
        WHERE id = ?
2025-04-16 19:22:22 - POST Data: {"id":"10","nome_turma":"Sub 11","id_unidade":"7","id_professor":"3","capacidade":"25","status":"Em Andamento","dias_aula":"Não definido","horario_inicio":"08:00:00","horario_fim":"10:00:00"}
2025-04-16 19:22:22 - Decoded: Array
(
    [id] => 10
    [nome_turma] => Sub 11
    [id_unidade] => 7
    [id_professor] => 3
    [capacidade] => 25
    [status] => Em Andamento
    [dias_aula] => Não definido
    [horario_inicio] => 08:00:00
    [horario_fim] => 10:00:00
)

2025-04-16 19:22:22 - SQL: UPDATE turma SET
        nome_turma = ?,
        id_unidade = ?,
        id_professor = ?,
        capacidade = ?,
        status = ?,
        dias_aula = ?,
        horario_inicio = ?,
        horario_fim = ?,
        ultima_atualizacao = NOW()
        WHERE id = ?
2025-04-16 19:22:25 - POST Data: {"id":"10","nome_turma":"Sub 11","id_unidade":"7","id_professor":"3","capacidade":"25","status":"Em Andamento","dias_aula":"Não definido","horario_inicio":"08:00:00","horario_fim":"10:00:00"}
2025-04-16 19:22:25 - Decoded: Array
(
    [id] => 10
    [nome_turma] => Sub 11
    [id_unidade] => 7
    [id_professor] => 3
    [capacidade] => 25
    [status] => Em Andamento
    [dias_aula] => Não definido
    [horario_inicio] => 08:00:00
    [horario_fim] => 10:00:00
)

2025-04-16 19:22:25 - SQL: UPDATE turma SET
        nome_turma = ?,
        id_unidade = ?,
        id_professor = ?,
        capacidade = ?,
        status = ?,
        dias_aula = ?,
        horario_inicio = ?,
        horario_fim = ?,
        ultima_atualizacao = NOW()
        WHERE id = ?
2025-04-16 19:28:30 - Iniciando processamento
2025-04-16 19:28:30 - Dados recebidos: {"id":"16","nome_turma":"Deus me ajude ","id_unidade":"7","id_professor":"2","capacidade":"25","status":"Em Andamento","dias_aula":"Não definido","horario_inicio":"08:00:00","horario_fim":"10:00:00"}
2025-04-16 19:28:30 - SQL: UPDATE turma SET 
            nome_turma = ?, 
            id_unidade = ?, 
            id_professor = ?, 
            capacidade = ?, 
            status = ?, 
            dias_aula = ?, 
            horario_inicio = ?, 
            horario_fim = ? 
            WHERE id = ?
2025-04-16 19:28:30 - Valores: id=16, nome=Deus me ajude , unidade=7, professor=2, capacidade=25, status=Em Andamento, dias=Não definido, inicio=08:00:00, fim=10:00:00
2025-04-16 19:29:27 - Iniciando processamento
2025-04-16 19:29:27 - Dados recebidos: {"id":"16","nome_turma":"teste excluir sss","id_unidade":"7","id_professor":"2","capacidade":"25","status":"Em Andamento","dias_aula":"Não definido","horario_inicio":"08:00:00","horario_fim":"10:00:00"}
2025-04-16 19:29:27 - SQL: UPDATE turma SET 
            nome_turma = ?, 
            id_unidade = ?, 
            id_professor = ?, 
            capacidade = ?, 
            status = ?, 
            dias_aula = ?, 
            horario_inicio = ?, 
            horario_fim = ? 
            WHERE id = ?
2025-04-16 19:29:27 - Valores: id=16, nome=teste excluir sss, unidade=7, professor=2, capacidade=25, status=Em Andamento, dias=Não definido, inicio=08:00:00, fim=10:00:00
2025-04-16 19:36:52 - Iniciando processamento
2025-04-16 19:36:52 - Dados recebidos: {"id":"10","nome_turma":"Sub 1","id_unidade":7,"id_professor":3,"capacidade":25,"status":"Em Andamento","dias_aula":"Não definido","horario_inicio":"08:00:00","horario_fim":"10:00:00"}
2025-04-16 19:36:52 - Valores: id=10, nome=Sub 1, unidade=7, professor=3
2025-04-16 19:36:52 - SQL: UPDATE turma SET 
            nome_turma = 'Sub 1', 
            id_unidade = 7, 
            id_professor = 3, 
            capacidade = 25, 
            status = 'Em Andamento', 
            dias_aula = 'Não definido', 
            horario_inicio = '08:00:00', 
            horario_fim = '10:00:00' 
            WHERE id = 10
2025-04-16 19:51:07 - Iniciando processamento
2025-04-16 19:51:07 - Dados recebidos: {"id":"10","nome_turma":"Sub 1","id_unidade":7,"id_professor":3,"capacidade":25,"status":"Em Andamento","dias_aula":"Não definido","horario_inicio":"08:00:00","horario_fim":"10:00:00"}
2025-04-16 19:51:07 - Valores: id=10, nome=Sub 1, unidade=7, professor=3
2025-04-16 19:51:07 - SQL: UPDATE turma SET 
            nome_turma = 'Sub 1', 
            id_unidade = 7, 
            id_professor = 3, 
            capacidade = 25, 
            status = 'Em Andamento', 
            dias_aula = 'Não definido', 
            horario_inicio = '08:00:00', 
            horario_fim = '10:00:00' 
            WHERE id = 10
2025-04-16 20:15:51 - Iniciando processamento
2025-04-16 20:15:51 - Dados recebidos: {"id":"10","nome_turma":"Sub 11","id_unidade":7,"id_professor":3,"capacidade":25,"status":"Em Andamento","dias_aula":"Não definido","horario_inicio":"08:00:00","horario_fim":"10:00:00"}
2025-04-16 20:15:51 - Valores: id=10, nome=Sub 11, unidade=7, professor=3
2025-04-16 20:15:51 - SQL: UPDATE turma SET 
            nome_turma = 'Sub 11', 
            id_unidade = 7, 
            id_professor = 3, 
            capacidade = 25, 
            status = 'Em Andamento', 
            dias_aula = 'Não definido', 
            horario_inicio = '08:00:00', 
            horario_fim = '10:00:00' 
            WHERE id = 10
2025-04-17 13:33:32 - Iniciando processamento
2025-04-17 13:33:32 - Dados recebidos: {"id":"10","nome_turma":"Sub 11","id_unidade":7,"id_professor":7,"capacidade":25,"status":"Em Andamento","dias_aula":"Não definido","horario_inicio":"08:00:00","horario_fim":"10:00:00"}
2025-04-17 13:33:32 - Valores: id=10, nome=Sub 11, unidade=7, professor=7
2025-04-17 13:33:32 - SQL: UPDATE turma SET 
            nome_turma = 'Sub 11', 
            id_unidade = 7, 
            id_professor = 7, 
            capacidade = 25, 
            status = 'Em Andamento', 
            dias_aula = 'Não definido', 
            horario_inicio = '08:00:00', 
            horario_fim = '10:00:00' 
            WHERE id = 10
2025-04-22 14:33:32 - Iniciando processamento
2025-04-22 14:33:32 - Dados recebidos: {"id":"18","nome_turma":"Sub 11","id_unidade":7,"id_professor":7,"capacidade":25,"status":"Em Andamento","dias_aula":"Não definido","horario_inicio":"08:00:00","horario_fim":"10:00:00"}
2025-04-22 14:33:32 - Valores: id=18, nome=Sub 11, unidade=7, professor=7
2025-04-22 14:33:32 - SQL: UPDATE turma SET 
            nome_turma = 'Sub 11', 
            id_unidade = 7, 
            id_professor = 7, 
            capacidade = 25, 
            status = 'Em Andamento', 
            dias_aula = 'Não definido', 
            horario_inicio = '08:00:00', 
            horario_fim = '10:00:00' 
            WHERE id = 18
2025-04-22 14:47:23 - Iniciando processamento
2025-04-22 14:47:23 - Dados recebidos: {"id":"10","nome_turma":"Sub 111","id_unidade":7,"id_professor":7,"capacidade":25,"status":"Em Andamento","dias_aula":"Não definido","horario_inicio":"08:00:00","horario_fim":"10:00:00"}
2025-04-22 14:47:23 - Valores: id=10, nome=Sub 111, unidade=7, professor=7
2025-04-22 14:47:23 - SQL: UPDATE turma SET 
            nome_turma = 'Sub 111', 
            id_unidade = 7, 
            id_professor = 7, 
            capacidade = 25, 
            status = 'Em Andamento', 
            dias_aula = 'Não definido', 
            horario_inicio = '08:00:00', 
            horario_fim = '10:00:00' 
            WHERE id = 10
2025-04-22 14:47:35 - Iniciando processamento
2025-04-22 14:47:35 - Dados recebidos: {"id":"18","nome_turma":"Sub 1122","id_unidade":7,"id_professor":7,"capacidade":25,"status":"Em Andamento","dias_aula":"Não definido","horario_inicio":"08:00:00","horario_fim":"10:00:00"}
2025-04-22 14:47:35 - Valores: id=18, nome=Sub 1122, unidade=7, professor=7
2025-04-22 14:47:35 - SQL: UPDATE turma SET 
            nome_turma = 'Sub 1122', 
            id_unidade = 7, 
            id_professor = 7, 
            capacidade = 25, 
            status = 'Em Andamento', 
            dias_aula = 'Não definido', 
            horario_inicio = '08:00:00', 
            horario_fim = '10:00:00' 
            WHERE id = 18
2025-04-22 14:48:07 - Iniciando processamento
2025-04-22 14:48:07 - Dados recebidos: {"id":"10","nome_turma":"Sub 1114444","id_unidade":7,"id_professor":7,"capacidade":25,"status":"Em Andamento","dias_aula":"Não definido","horario_inicio":"08:00:00","horario_fim":"10:00:00"}
2025-04-22 14:48:07 - Valores: id=10, nome=Sub 1114444, unidade=7, professor=7
2025-04-22 14:48:07 - SQL: UPDATE turma SET 
            nome_turma = 'Sub 1114444', 
            id_unidade = 7, 
            id_professor = 7, 
            capacidade = 25, 
            status = 'Em Andamento', 
            dias_aula = 'Não definido', 
            horario_inicio = '08:00:00', 
            horario_fim = '10:00:00' 
            WHERE id = 10
2025-04-22 14:48:14 - Iniciando processamento
2025-04-22 14:48:14 - Dados recebidos: {"id":"10","nome_turma":"Sub 11","id_unidade":7,"id_professor":7,"capacidade":25,"status":"Em Andamento","dias_aula":"Não definido","horario_inicio":"08:00:00","horario_fim":"10:00:00"}
2025-04-22 14:48:14 - Valores: id=10, nome=Sub 11, unidade=7, professor=7
2025-04-22 14:48:14 - SQL: UPDATE turma SET 
            nome_turma = 'Sub 11', 
            id_unidade = 7, 
            id_professor = 7, 
            capacidade = 25, 
            status = 'Em Andamento', 
            dias_aula = 'Não definido', 
            horario_inicio = '08:00:00', 
            horario_fim = '10:00:00' 
            WHERE id = 10
2025-04-22 14:48:20 - Iniciando processamento
2025-04-22 14:48:20 - Dados recebidos: {"id":"18","nome_turma":"Sub 11","id_unidade":7,"id_professor":7,"capacidade":25,"status":"Em Andamento","dias_aula":"Não definido","horario_inicio":"08:00:00","horario_fim":"10:00:00"}
2025-04-22 14:48:20 - Valores: id=18, nome=Sub 11, unidade=7, professor=7
2025-04-22 14:48:20 - SQL: UPDATE turma SET 
            nome_turma = 'Sub 11', 
            id_unidade = 7, 
            id_professor = 7, 
            capacidade = 25, 
            status = 'Em Andamento', 
            dias_aula = 'Não definido', 
            horario_inicio = '08:00:00', 
            horario_fim = '10:00:00' 
            WHERE id = 18
2025-04-22 17:09:58 - Iniciando processamento
2025-04-22 17:09:58 - Dados recebidos: {"id":"10","nome_turma":"Sub 1","id_unidade":7,"id_professor":7,"capacidade":25,"status":"Em Andamento","dias_aula":"Não definido","horario_inicio":"08:00:00","horario_fim":"10:00:00"}
2025-04-22 17:09:58 - Valores: id=10, nome=Sub 1, unidade=7, professor=7
2025-04-22 17:09:58 - SQL: UPDATE turma SET 
            nome_turma = 'Sub 1', 
            id_unidade = 7, 
            id_professor = 7, 
            capacidade = 25, 
            status = 'Em Andamento', 
            dias_aula = 'Não definido', 
            horario_inicio = '08:00:00', 
            horario_fim = '10:00:00' 
            WHERE id = 10
2025-04-22 20:17:12 - Iniciando processamento
2025-04-22 20:17:12 - Dados recebidos: {"id":"10","nome_turma":"Sub 11","id_unidade":7,"id_professor":7,"capacidade":25,"status":"Em Andamento","dias_aula":"Não definido","horario_inicio":"08:00:00","horario_fim":"10:00:00"}
2025-04-22 20:17:12 - Valores: id=10, nome=Sub 11, unidade=7, professor=7
2025-04-22 20:17:12 - SQL: UPDATE turma SET 
            nome_turma = 'Sub 11', 
            id_unidade = 7, 
            id_professor = 7, 
            capacidade = 25, 
            status = 'Em Andamento', 
            dias_aula = 'Não definido', 
            horario_inicio = '08:00:00', 
            horario_fim = '10:00:00' 
            WHERE id = 10
2025-04-23 11:22:48 - Iniciando processamento
2025-04-23 11:22:48 - Dados recebidos: {"id":"10","nome_turma":"Sub 10","id_unidade":7,"id_professor":7,"capacidade":25,"status":"Em Andamento","dias_aula":"Não definido","horario_inicio":"08:00:00","horario_fim":"10:00:00"}
2025-04-23 11:22:48 - Valores: id=10, nome=Sub 10, unidade=7, professor=7
2025-04-23 11:22:48 - SQL: UPDATE turma SET 
            nome_turma = 'Sub 10', 
            id_unidade = 7, 
            id_professor = 7, 
            capacidade = 25, 
            status = 'Em Andamento', 
            dias_aula = 'Não definido', 
            horario_inicio = '08:00:00', 
            horario_fim = '10:00:00' 
            WHERE id = 10
2025-04-23 12:14:41 - Iniciando processamento
2025-04-23 12:14:41 - Dados recebidos: {"id":"10","nome_turma":"Sub 101","id_unidade":7,"id_professor":7,"capacidade":25,"status":"Em Andamento","dias_aula":"Não definido","horario_inicio":"08:00:00","horario_fim":"10:00:00"}
2025-04-23 12:14:41 - Valores: id=10, nome=Sub 101, unidade=7, professor=7
2025-04-23 12:14:41 - SQL: UPDATE turma SET 
            nome_turma = 'Sub 101', 
            id_unidade = 7, 
            id_professor = 7, 
            capacidade = 25, 
            status = 'Em Andamento', 
            dias_aula = 'Não definido', 
            horario_inicio = '08:00:00', 
            horario_fim = '10:00:00' 
            WHERE id = 10
2025-04-23 12:14:47 - Iniciando processamento
2025-04-23 12:14:47 - Dados recebidos: {"id":"10","nome_turma":"Sub 10","id_unidade":7,"id_professor":7,"capacidade":25,"status":"Em Andamento","dias_aula":"Não definido","horario_inicio":"08:00:00","horario_fim":"10:00:00"}
2025-04-23 12:14:47 - Valores: id=10, nome=Sub 10, unidade=7, professor=7
2025-04-23 12:14:47 - SQL: UPDATE turma SET 
            nome_turma = 'Sub 10', 
            id_unidade = 7, 
            id_professor = 7, 
            capacidade = 25, 
            status = 'Em Andamento', 
            dias_aula = 'Não definido', 
            horario_inicio = '08:00:00', 
            horario_fim = '10:00:00' 
            WHERE id = 10
2025-04-23 19:26:54 - Iniciando processamento
2025-04-23 19:26:54 - Dados recebidos: {"id":"10","nome_turma":"Sub 101","id_unidade":7,"id_professor":7,"capacidade":25,"status":"Em Andamento","dias_aula":"Não definido","horario_inicio":"08:00:00","horario_fim":"10:00:00"}
2025-04-23 19:26:54 - Valores: id=10, nome=Sub 101, unidade=7, professor=7
2025-04-23 19:26:54 - SQL: UPDATE turma SET 
            nome_turma = 'Sub 101', 
            id_unidade = 7, 
            id_professor = 7, 
            capacidade = 25, 
            status = 'Em Andamento', 
            dias_aula = 'Não definido', 
            horario_inicio = '08:00:00', 
            horario_fim = '10:00:00' 
            WHERE id = 10
2025-04-25 18:10:14 - Iniciando processamento
2025-04-25 18:10:14 - Dados recebidos: {"id":"22","nome_turma":"sub luis","id_unidade":21,"id_professor":11,"capacidade":25,"status":"Finalizada","dias_aula":"Não definido","horario_inicio":"08:00:00","horario_fim":"10:00:00"}
2025-04-25 18:10:14 - Valores: id=22, nome=sub luis, unidade=21, professor=11
2025-04-25 18:10:14 - SQL: UPDATE turma SET 
            nome_turma = 'sub luis', 
            id_unidade = 21, 
            id_professor = 11, 
            capacidade = 25, 
            status = 'Finalizada', 
            dias_aula = 'Não definido', 
            horario_inicio = '08:00:00', 
            horario_fim = '10:00:00' 
            WHERE id = 22
2025-04-25 18:10:14 - ERRO: Data truncated for column 'status' at row 1
2025-04-25 18:10:36 - Iniciando processamento
2025-04-25 18:10:36 - Dados recebidos: {"id":"18","nome_turma":"Sub 11","id_unidade":7,"id_professor":7,"capacidade":25,"status":"Cancelada","dias_aula":"Não definido","horario_inicio":"08:00:00","horario_fim":"10:00:00"}
2025-04-25 18:10:36 - Valores: id=18, nome=Sub 11, unidade=7, professor=7
2025-04-25 18:10:36 - SQL: UPDATE turma SET 
            nome_turma = 'Sub 11', 
            id_unidade = 7, 
            id_professor = 7, 
            capacidade = 25, 
            status = 'Cancelada', 
            dias_aula = 'Não definido', 
            horario_inicio = '08:00:00', 
            horario_fim = '10:00:00' 
            WHERE id = 18
2025-04-25 18:10:42 - Iniciando processamento
2025-04-25 18:10:42 - Dados recebidos: {"id":"18","nome_turma":"Sub 11","id_unidade":7,"id_professor":7,"capacidade":25,"status":"Finalizada","dias_aula":"Não definido","horario_inicio":"08:00:00","horario_fim":"10:00:00"}
2025-04-25 18:10:42 - Valores: id=18, nome=Sub 11, unidade=7, professor=7
2025-04-25 18:10:42 - SQL: UPDATE turma SET 
            nome_turma = 'Sub 11', 
            id_unidade = 7, 
            id_professor = 7, 
            capacidade = 25, 
            status = 'Finalizada', 
            dias_aula = 'Não definido', 
            horario_inicio = '08:00:00', 
            horario_fim = '10:00:00' 
            WHERE id = 18
2025-04-25 18:10:42 - ERRO: Data truncated for column 'status' at row 1
2025-04-25 18:10:47 - Iniciando processamento
2025-04-25 18:10:47 - Dados recebidos: {"id":"18","nome_turma":"Sub 11","id_unidade":7,"id_professor":7,"capacidade":25,"status":"Em Andamento","dias_aula":"Não definido","horario_inicio":"08:00:00","horario_fim":"10:00:00"}
2025-04-25 18:10:47 - Valores: id=18, nome=Sub 11, unidade=7, professor=7
2025-04-25 18:10:47 - SQL: UPDATE turma SET 
            nome_turma = 'Sub 11', 
            id_unidade = 7, 
            id_professor = 7, 
            capacidade = 25, 
            status = 'Em Andamento', 
            dias_aula = 'Não definido', 
            horario_inicio = '08:00:00', 
            horario_fim = '10:00:00' 
            WHERE id = 18
2025-04-25 18:10:55 - Iniciando processamento
2025-04-25 18:10:55 - Dados recebidos: {"id":"22","nome_turma":"sub luis","id_unidade":21,"id_professor":11,"capacidade":25,"status":"Em Andamento","dias_aula":"Não definido","horario_inicio":"08:00:00","horario_fim":"10:00:00"}
2025-04-25 18:10:55 - Valores: id=22, nome=sub luis, unidade=21, professor=11
2025-04-25 18:10:55 - SQL: UPDATE turma SET 
            nome_turma = 'sub luis', 
            id_unidade = 21, 
            id_professor = 11, 
            capacidade = 25, 
            status = 'Em Andamento', 
            dias_aula = 'Não definido', 
            horario_inicio = '08:00:00', 
            horario_fim = '10:00:00' 
            WHERE id = 22
2025-04-25 18:45:20 - Iniciando processamento
2025-04-25 18:45:20 - Dados recebidos: {"id":"10","nome_turma":"Sub 101","id_unidade":7,"id_professor":7,"capacidade":25,"status":"Cancelada","dias_aula":"Não definido","horario_inicio":"08:00:00","horario_fim":"10:00:00"}
2025-04-25 18:45:20 - Valores: id=10, nome=Sub 101, unidade=7, professor=7
2025-04-25 18:45:20 - SQL: UPDATE turma SET 
            nome_turma = 'Sub 101', 
            id_unidade = 7, 
            id_professor = 7, 
            capacidade = 25, 
            status = 'Cancelada', 
            dias_aula = 'Não definido', 
            horario_inicio = '08:00:00', 
            horario_fim = '10:00:00' 
            WHERE id = 10
2025-04-25 18:45:25 - Iniciando processamento
2025-04-25 18:45:25 - Dados recebidos: {"id":"10","nome_turma":"Sub 101","id_unidade":7,"id_professor":7,"capacidade":25,"status":"Em Andamento","dias_aula":"Não definido","horario_inicio":"08:00:00","horario_fim":"10:00:00"}
2025-04-25 18:45:25 - Valores: id=10, nome=Sub 101, unidade=7, professor=7
2025-04-25 18:45:25 - SQL: UPDATE turma SET 
            nome_turma = 'Sub 101', 
            id_unidade = 7, 
            id_professor = 7, 
            capacidade = 25, 
            status = 'Em Andamento', 
            dias_aula = 'Não definido', 
            horario_inicio = '08:00:00', 
            horario_fim = '10:00:00' 
            WHERE id = 10
2025-04-28 22:51:44 - Iniciando processamento
2025-04-28 22:51:44 - Dados recebidos: {"id":"10","nome_turma":"Sub 10","id_unidade":7,"id_professor":7,"capacidade":25,"status":"Em Andamento","dias_aula":"Não definido","horario_inicio":"08:00:00","horario_fim":"10:00:00"}
2025-04-28 22:51:44 - Valores: id=10, nome=Sub 10, unidade=7, professor=7
2025-04-28 22:51:44 - SQL: UPDATE turma SET 
            nome_turma = 'Sub 10', 
            id_unidade = 7, 
            id_professor = 7, 
            capacidade = 25, 
            status = 'Em Andamento', 
            dias_aula = 'Não definido', 
            horario_inicio = '08:00:00', 
            horario_fim = '10:00:00' 
            WHERE id = 10
2025-04-29 14:22:14 - Iniciando processamento
2025-04-29 14:22:14 - Dados recebidos: {"id":"18","nome_turma":"Sub 11","id_unidade":7,"id_professor":7,"capacidade":25,"status":"Em Andamento","dias_aula":"Não definido","horario_inicio":"08:00:00","horario_fim":"10:00:00"}
2025-04-29 14:22:14 - Valores: id=18, nome=Sub 11, unidade=7, professor=7
2025-04-29 14:22:14 - SQL: UPDATE turma SET 
            nome_turma = 'Sub 11', 
            id_unidade = 7, 
            id_professor = 7, 
            capacidade = 25, 
            status = 'Em Andamento', 
            dias_aula = 'Não definido', 
            horario_inicio = '08:00:00', 
            horario_fim = '10:00:00' 
            WHERE id = 18
2025-04-29 14:24:13 - Iniciando processamento
2025-04-29 14:24:16 - Iniciando processamento
2025-04-29 14:24:49 - Iniciando processamento
2025-04-29 14:24:49 - Dados recebidos: {"id":"18","nome_turma":"Sub 11","id_unidade":7,"id_professor":7,"capacidade":30,"status":"Em Andamento","dias_aula":"Não definido","horario_inicio":"08:00:00","horario_fim":"10:00:00"}
2025-04-29 14:24:49 - Valores: id=18, nome=Sub 11, unidade=7, professor=7
2025-04-29 14:24:49 - SQL: UPDATE turma SET 
            nome_turma = 'Sub 11', 
            id_unidade = 7, 
            id_professor = 7, 
            capacidade = 30, 
            status = 'Em Andamento', 
            dias_aula = 'Não definido', 
            horario_inicio = '08:00:00', 
            horario_fim = '10:00:00' 
            WHERE id = 18
