2025-04-16 16:22:54 - POST Data: {"id":"15","nome":"teste edição sera","endereco":"rua paulo de tarso naca","telefone":"63984931303","coordenador":"tadel"}
2025-04-16 16:22:54 - Decoded: Array
(
    [id] => 15
    [nome] => teste edição sera
    [endereco] => rua paulo de tarso naca
    [telefone] => 63984931303
    [coordenador] => tadel
)

2025-04-16 16:22:54 - SQL: UPDATE unidade SET
        nome = ?,
        endereco = ?,
        telefone = ?,
        coordenador = ?,
        ultima_atualizacao = NOW()
        WHERE id = ?
2025-04-16 16:22:54 - Execute result: true
2025-04-16 16:22:54 - Affected rows: 1
2025-04-16 16:22:54 - Error (if any): 
2025-04-16 17:15:59 - POST Data: {"id":"7","nome":"Ceres - Esperança","endereco":"Vila nova esperança ","telefone":"629841941667","coordenador":"Carlos Moraes"}
2025-04-16 17:15:59 - Decoded: Array
(
    [id] => 7
    [nome] => Ceres - Esperança
    [endereco] => Vila nova esperança 
    [telefone] => 629841941667
    [coordenador] => Carlos Moraes
)

2025-04-16 17:15:59 - SQL: UPDATE unidade SET
        nome = ?,
        endereco = ?,
        telefone = ?,
        coordenador = ?,
        ultima_atualizacao = NOW()
        WHERE id = ?
2025-04-16 17:15:59 - Execute result: true
2025-04-16 17:15:59 - Affected rows: 1
2025-04-16 17:15:59 - Error (if any): 
2025-04-16 17:16:14 - POST Data: {"id":"7","nome":"Ceres - Esperança","endereco":"Vila nova esperança ","telefone":"62984194166","coordenador":"Carlos Moraes"}
2025-04-16 17:16:14 - Decoded: Array
(
    [id] => 7
    [nome] => Ceres - Esperança
    [endereco] => Vila nova esperança 
    [telefone] => 62984194166
    [coordenador] => Carlos Moraes
)

2025-04-16 17:16:14 - SQL: UPDATE unidade SET
        nome = ?,
        endereco = ?,
        telefone = ?,
        coordenador = ?,
        ultima_atualizacao = NOW()
        WHERE id = ?
2025-04-16 17:16:14 - Execute result: true
2025-04-16 17:16:14 - Affected rows: 1
2025-04-16 17:16:14 - Error (if any): 
2025-04-16 17:37:54 - POST Data: {"id":"7","nome":"Ceres - Esperançaa","endereco":"Vila nova esperança ","telefone":"62984194166","coordenador":"Carlos Moraes"}
2025-04-16 17:37:54 - Decoded: Array
(
    [id] => 7
    [nome] => Ceres - Esperançaa
    [endereco] => Vila nova esperança 
    [telefone] => 62984194166
    [coordenador] => Carlos Moraes
)

2025-04-16 17:37:54 - SQL: UPDATE unidade SET
        nome = ?,
        endereco = ?,
        telefone = ?,
        coordenador = ?,
        ultima_atualizacao = NOW()
        WHERE id = ?
2025-04-16 17:37:54 - Execute result: true
2025-04-16 17:37:54 - Affected rows: 1
2025-04-16 17:37:54 - Error (if any): 
2025-04-16 17:38:08 - POST Data: {"id":"7","nome":"Ceres - Esperançaa","endereco":"Vila nova esperança ","telefone":"62984194166","coordenador":"Carlos Moraes"}
2025-04-16 17:38:08 - Decoded: Array
(
    [id] => 7
    [nome] => Ceres - Esperançaa
    [endereco] => Vila nova esperança 
    [telefone] => 62984194166
    [coordenador] => Carlos Moraes
)

2025-04-16 17:38:08 - SQL: UPDATE unidade SET
        nome = ?,
        endereco = ?,
        telefone = ?,
        coordenador = ?,
        ultima_atualizacao = NOW()
        WHERE id = ?
2025-04-16 17:38:08 - Execute result: true
2025-04-16 17:38:08 - Affected rows: 1
2025-04-16 17:38:08 - Error (if any): 
2025-04-16 17:38:15 - POST Data: {"id":"7","nome":"Ceres -","endereco":"Vila nova esperança ","telefone":"62984194166","coordenador":"Carlos Moraes"}
2025-04-16 17:38:15 - Decoded: Array
(
    [id] => 7
    [nome] => Ceres -
    [endereco] => Vila nova esperança 
    [telefone] => 62984194166
    [coordenador] => Carlos Moraes
)

2025-04-16 17:38:15 - SQL: UPDATE unidade SET
        nome = ?,
        endereco = ?,
        telefone = ?,
        coordenador = ?,
        ultima_atualizacao = NOW()
        WHERE id = ?
2025-04-16 17:38:15 - Execute result: true
2025-04-16 17:38:15 - Affected rows: 1
2025-04-16 17:38:15 - Error (if any): 
2025-04-16 17:38:35 - POST Data: {"id":"7","nome":"Ceres - Esperança","endereco":"Vila nova esperança ","telefone":"62984194166","coordenador":"Carlos Moraes"}
2025-04-16 17:38:35 - Decoded: Array
(
    [id] => 7
    [nome] => Ceres - Esperança
    [endereco] => Vila nova esperança 
    [telefone] => 62984194166
    [coordenador] => Carlos Moraes
)

2025-04-16 17:38:35 - SQL: UPDATE unidade SET
        nome = ?,
        endereco = ?,
        telefone = ?,
        coordenador = ?,
        ultima_atualizacao = NOW()
        WHERE id = ?
2025-04-16 17:38:35 - Execute result: true
2025-04-16 17:38:35 - Affected rows: 1
2025-04-16 17:38:35 - Error (if any): 
2025-04-16 20:16:05 - POST Data: {"id":"7","nome":"Ceres - Esperança teste","endereco":"Vila nova esperança ","telefone":"62984194166","coordenador":"Carlos Moraes"}
2025-04-16 20:16:05 - Decoded: Array
(
    [id] => 7
    [nome] => Ceres - Esperança teste
    [endereco] => Vila nova esperança 
    [telefone] => 62984194166
    [coordenador] => Carlos Moraes
)

2025-04-16 20:16:05 - SQL: UPDATE unidade SET
        nome = ?,
        endereco = ?,
        telefone = ?,
        coordenador = ?,
        ultima_atualizacao = NOW()
        WHERE id = ?
2025-04-16 20:16:05 - Execute result: true
2025-04-16 20:16:05 - Affected rows: 1
2025-04-16 20:16:05 - Error (if any): 
2025-04-17 13:23:38 - POST Data: {"id":"7","nome":"Ceres - Esperança testee","endereco":"Vila nova esperança ","telefone":"62984194166","coordenador":"Carlos Moraes"}
2025-04-17 13:23:38 - Decoded: Array
(
    [id] => 7
    [nome] => Ceres - Esperança testee
    [endereco] => Vila nova esperança 
    [telefone] => 62984194166
    [coordenador] => Carlos Moraes
)

2025-04-17 13:23:38 - SQL: UPDATE unidade SET
        nome = ?,
        endereco = ?,
        telefone = ?,
        coordenador = ?,
        ultima_atualizacao = NOW()
        WHERE id = ?
2025-04-17 13:23:38 - Execute result: true
2025-04-17 13:23:38 - Affected rows: 1
2025-04-17 13:23:38 - Error (if any): 
2025-04-22 14:47:13 - POST Data: {"id":"7","nome":"Ceres - Esperança ","endereco":"Vila nova esperança ","telefone":"62984194166","coordenador":"Carlos Moraes"}
2025-04-22 14:47:13 - Decoded: Array
(
    [id] => 7
    [nome] => Ceres - Esperança 
    [endereco] => Vila nova esperança 
    [telefone] => 62984194166
    [coordenador] => Carlos Moraes
)

2025-04-22 14:47:13 - SQL: UPDATE unidade SET
        nome = ?,
        endereco = ?,
        telefone = ?,
        coordenador = ?,
        ultima_atualizacao = NOW()
        WHERE id = ?
2025-04-22 14:47:13 - Execute result: true
2025-04-22 14:47:13 - Affected rows: 1
2025-04-22 14:47:13 - Error (if any): 
2025-04-22 14:47:50 - POST Data: {"id":"7","nome":"Ceres - Esperança 1","endereco":"Vila nova esperança ","telefone":"62984194166","coordenador":"Carlos Moraes"}
2025-04-22 14:47:50 - Decoded: Array
(
    [id] => 7
    [nome] => Ceres - Esperança 1
    [endereco] => Vila nova esperança 
    [telefone] => 62984194166
    [coordenador] => Carlos Moraes
)

2025-04-22 14:47:50 - SQL: UPDATE unidade SET
        nome = ?,
        endereco = ?,
        telefone = ?,
        coordenador = ?,
        ultima_atualizacao = NOW()
        WHERE id = ?
2025-04-22 14:47:50 - Execute result: true
2025-04-22 14:47:50 - Affected rows: 1
2025-04-22 14:47:50 - Error (if any): 
2025-04-22 14:47:58 - POST Data: {"id":"7","nome":"Ceres - Esperança 2","endereco":"Vila nova esperança ","telefone":"62984194166","coordenador":"Carlos Moraes"}
2025-04-22 14:47:58 - Decoded: Array
(
    [id] => 7
    [nome] => Ceres - Esperança 2
    [endereco] => Vila nova esperança 
    [telefone] => 62984194166
    [coordenador] => Carlos Moraes
)

2025-04-22 14:47:58 - SQL: UPDATE unidade SET
        nome = ?,
        endereco = ?,
        telefone = ?,
        coordenador = ?,
        ultima_atualizacao = NOW()
        WHERE id = ?
2025-04-22 14:47:58 - Execute result: true
2025-04-22 14:47:58 - Affected rows: 1
2025-04-22 14:47:58 - Error (if any): 
2025-04-22 18:44:13 - POST Data: {"id":"7","nome":"Ceres - Esperança ","endereco":"Vila nova esperança ","telefone":"62984194166","coordenador":"Carlos Moraes"}
2025-04-22 18:44:13 - Decoded: Array
(
    [id] => 7
    [nome] => Ceres - Esperança 
    [endereco] => Vila nova esperança 
    [telefone] => 62984194166
    [coordenador] => Carlos Moraes
)

2025-04-22 18:44:13 - SQL: UPDATE unidade SET
        nome = ?,
        endereco = ?,
        telefone = ?,
        coordenador = ?,
        ultima_atualizacao = NOW()
        WHERE id = ?
2025-04-22 18:44:13 - Execute result: true
2025-04-22 18:44:13 - Affected rows: 1
2025-04-22 18:44:13 - Error (if any): 
2025-04-22 18:55:13 - POST Data: {"id":"7","nome":"Ceres - Esperança 1","endereco":"Vila nova esperança ","telefone":"62984194166","coordenador":"Carlos Moraes"}
2025-04-22 18:55:13 - Decoded: Array
(
    [id] => 7
    [nome] => Ceres - Esperança 1
    [endereco] => Vila nova esperança 
    [telefone] => 62984194166
    [coordenador] => Carlos Moraes
)

2025-04-22 18:55:13 - SQL: UPDATE unidade SET
        nome = ?,
        endereco = ?,
        telefone = ?,
        coordenador = ?,
        ultima_atualizacao = NOW()
        WHERE id = ?
2025-04-22 18:55:13 - Execute result: true
2025-04-22 18:55:13 - Affected rows: 1
2025-04-22 18:55:13 - Error (if any): 
2025-04-22 18:55:33 - POST Data: {"id":"7","nome":"Ceres - Esperança","endereco":"Vila nova esperança ","telefone":"62984194166","coordenador":"Carlos Moraes"}
2025-04-22 18:55:33 - Decoded: Array
(
    [id] => 7
    [nome] => Ceres - Esperança
    [endereco] => Vila nova esperança 
    [telefone] => 62984194166
    [coordenador] => Carlos Moraes
)

2025-04-22 18:55:33 - SQL: UPDATE unidade SET
        nome = ?,
        endereco = ?,
        telefone = ?,
        coordenador = ?,
        ultima_atualizacao = NOW()
        WHERE id = ?
2025-04-22 18:55:33 - Execute result: true
2025-04-22 18:55:33 - Affected rows: 1
2025-04-22 18:55:33 - Error (if any): 
2025-04-22 19:40:59 - POST Data: {"id":"7","nome":"Ceres - Esperança 1","endereco":"Vila nova esperança ","telefone":"62984194166","coordenador":"Carlos Moraes"}
2025-04-22 19:40:59 - Decoded: Array
(
    [id] => 7
    [nome] => Ceres - Esperança 1
    [endereco] => Vila nova esperança 
    [telefone] => 62984194166
    [coordenador] => Carlos Moraes
)

2025-04-22 19:40:59 - SQL: UPDATE unidade SET
        nome = ?,
        endereco = ?,
        telefone = ?,
        coordenador = ?,
        ultima_atualizacao = NOW()
        WHERE id = ?
2025-04-22 19:40:59 - Execute result: true
2025-04-22 19:40:59 - Affected rows: 1
2025-04-22 19:40:59 - Error (if any): 
2025-04-22 20:23:37 - POST Data: {"id":"7","nome":"Ceres - Esperança ","endereco":"Vila nova esperança ","telefone":"62984194166","coordenador":"Carlos Moraes"}
2025-04-22 20:23:37 - Decoded: Array
(
    [id] => 7
    [nome] => Ceres - Esperança 
    [endereco] => Vila nova esperança 
    [telefone] => 62984194166
    [coordenador] => Carlos Moraes
)

2025-04-22 20:23:37 - SQL: UPDATE unidade SET
        nome = ?,
        endereco = ?,
        telefone = ?,
        coordenador = ?,
        ultima_atualizacao = NOW()
        WHERE id = ?
2025-04-22 20:23:37 - Execute result: true
2025-04-22 20:23:37 - Affected rows: 1
2025-04-22 20:23:37 - Error (if any): 
2025-04-23 11:22:33 - POST Data: {"id":"7","nome":"Ceres - Esperança 1","endereco":"Vila nova esperança ","telefone":"62984194166","coordenador":"Carlos Moraes"}
2025-04-23 11:22:33 - Decoded: Array
(
    [id] => 7
    [nome] => Ceres - Esperança 1
    [endereco] => Vila nova esperança 
    [telefone] => 62984194166
    [coordenador] => Carlos Moraes
)

2025-04-23 11:22:33 - SQL: UPDATE unidade SET
        nome = ?,
        endereco = ?,
        telefone = ?,
        coordenador = ?,
        ultima_atualizacao = NOW()
        WHERE id = ?
2025-04-23 11:22:33 - Execute result: true
2025-04-23 11:22:33 - Affected rows: 1
2025-04-23 11:22:33 - Error (if any): 
2025-04-23 11:22:38 - POST Data: {"id":"7","nome":"Ceres - Esperança","endereco":"Vila nova esperança ","telefone":"62984194166","coordenador":"Carlos Moraes"}
2025-04-23 11:22:38 - Decoded: Array
(
    [id] => 7
    [nome] => Ceres - Esperança
    [endereco] => Vila nova esperança 
    [telefone] => 62984194166
    [coordenador] => Carlos Moraes
)

2025-04-23 11:22:38 - SQL: UPDATE unidade SET
        nome = ?,
        endereco = ?,
        telefone = ?,
        coordenador = ?,
        ultima_atualizacao = NOW()
        WHERE id = ?
2025-04-23 11:22:38 - Execute result: true
2025-04-23 11:22:38 - Affected rows: 1
2025-04-23 11:22:38 - Error (if any): 
2025-04-23 19:26:45 - POST Data: {"id":"7","nome":"Ceres - Esperança1","endereco":"Vila nova esperança ","telefone":"62984194166","coordenador":"Carlos Moraes"}
2025-04-23 19:26:45 - Decoded: Array
(
    [id] => 7
    [nome] => Ceres - Esperança1
    [endereco] => Vila nova esperança 
    [telefone] => 62984194166
    [coordenador] => Carlos Moraes
)

2025-04-23 19:26:45 - SQL: UPDATE unidade SET
        nome = ?,
        endereco = ?,
        telefone = ?,
        coordenador = ?,
        ultima_atualizacao = NOW()
        WHERE id = ?
2025-04-23 19:26:45 - Execute result: true
2025-04-23 19:26:45 - Affected rows: 1
2025-04-23 19:26:45 - Error (if any): 
2025-04-28 22:52:06 - POST Data: {"id":"7","nome":"Ceres - Esperança","endereco":"Vila nova esperança ","telefone":"62984194166","coordenador":"Carlos Moraes"}
2025-04-28 22:52:06 - Decoded: Array
(
    [id] => 7
    [nome] => Ceres - Esperança
    [endereco] => Vila nova esperança 
    [telefone] => 62984194166
    [coordenador] => Carlos Moraes
)

2025-04-28 22:52:06 - SQL: UPDATE unidade SET
        nome = ?,
        endereco = ?,
        telefone = ?,
        coordenador = ?,
        ultima_atualizacao = NOW()
        WHERE id = ?
2025-04-28 22:52:06 - Execute result: true
2025-04-28 22:52:06 - Affected rows: 1
2025-04-28 22:52:06 - Error (if any): 
