2025-04-02 19:28:39 - Dados recebidos: {"nome":"testando","endereco":"rua teste","telefone":"62981676241","coordenador":"teste"}
2025-04-02 19:28:39 - Dados processados: Array
(
    [nome] => testando
    [endereco] => rua teste
    [telefone] => 62981676241
    [coordenador] => teste
)

2025-04-02 19:28:39 - SQL: INSERT INTO unidade (
        nome, 
        endereco, 
        telefone, 
        coordenador
    ) VALUES (?, ?, ?, ?)
2025-04-02 19:28:39 - Parâmetros: Array
(
    [nome] => testando
    [endereco] => rua teste
    [telefone] => 62981676241
    [coordenador] => teste
)

2025-04-02 19:28:39 - Execução: Sucesso
2025-04-02 19:29:08 - Dados recebidos: {"nome":"TESTE UNIDADE","endereco":"teste dadsadasda","telefone":"62981676241","coordenador":"testeando unidade"}
2025-04-02 19:29:08 - Dados processados: Array
(
    [nome] => TESTE UNIDADE
    [endereco] => teste dadsadasda
    [telefone] => 62981676241
    [coordenador] => testeando unidade
)

2025-04-02 19:29:08 - SQL: INSERT INTO unidade (
        nome, 
        endereco, 
        telefone, 
        coordenador
    ) VALUES (?, ?, ?, ?)
2025-04-02 19:29:08 - Parâmetros: Array
(
    [nome] => TESTE UNIDADE
    [endereco] => teste dadsadasda
    [telefone] => 62981676241
    [coordenador] => testeando unidade
)

2025-04-02 19:29:08 - Execução: Sucesso
2025-04-03 01:26:46 - Dados recebidos: {"nome":"Unidade Marista","endereco":"Marista","telefone":"1132994858","coordenador":"Cristiano Ronaldo"}
2025-04-03 01:26:46 - Dados processados: Array
(
    [nome] => Unidade Marista
    [endereco] => Marista
    [telefone] => 1132994858
    [coordenador] => Cristiano Ronaldo
)

2025-04-03 01:26:46 - SQL: INSERT INTO unidade (
        nome, 
        endereco, 
        telefone, 
        coordenador
    ) VALUES (?, ?, ?, ?)
2025-04-03 01:26:46 - Parâmetros: Array
(
    [nome] => Unidade Marista
    [endereco] => Marista
    [telefone] => 1132994858
    [coordenador] => Cristiano Ronaldo
)

2025-04-03 01:26:46 - Execução: Sucesso
2025-04-15 18:39:18 - Dados recebidos: {"nome":"UNIDADE CERES","endereco":"RUA 10","telefone":"6299999999","coordenador":"TESTE"}
2025-04-15 18:39:18 - Dados processados: Array
(
    [nome] => UNIDADE CERES
    [endereco] => RUA 10
    [telefone] => 6299999999
    [coordenador] => TESTE
)

2025-04-15 18:39:18 - SQL: INSERT INTO unidade (
        nome, 
        endereco, 
        telefone, 
        coordenador
    ) VALUES (?, ?, ?, ?)
2025-04-15 18:39:18 - Parâmetros: Array
(
    [nome] => UNIDADE CERES
    [endereco] => RUA 10
    [telefone] => 6299999999
    [coordenador] => TESTE
)

2025-04-15 18:39:18 - Execução: Sucesso
2025-04-15 19:08:16 - Dados recebidos: {"nome":"Ceres - Esperança","endereco":"Vila nova esperança ","telefone":"62984194166","coordenador":"Carlos Moraes"}
2025-04-15 19:08:16 - Dados processados: Array
(
    [nome] => Ceres - Esperança
    [endereco] => Vila nova esperança 
    [telefone] => 62984194166
    [coordenador] => Carlos Moraes
)

2025-04-15 19:08:16 - SQL: INSERT INTO unidade (
        nome, 
        endereco, 
        telefone, 
        coordenador
    ) VALUES (?, ?, ?, ?)
2025-04-15 19:08:16 - Parâmetros: Array
(
    [nome] => Ceres - Esperança
    [endereco] => Vila nova esperança 
    [telefone] => 62984194166
    [coordenador] => Carlos Moraes
)

2025-04-15 19:08:16 - Execução: Sucesso
2025-04-15 19:09:51 - Dados recebidos: {"nome":"Ceres - Vila Pedrosa","endereco":"Campo mangue seco vila pedrosa, Ceres-GO","telefone":"62984099603","coordenador":"Frederico"}
2025-04-15 19:09:51 - Dados processados: Array
(
    [nome] => Ceres - Vila Pedrosa
    [endereco] => Campo mangue seco vila pedrosa, Ceres-GO
    [telefone] => 62984099603
    [coordenador] => Frederico
)

2025-04-15 19:09:51 - SQL: INSERT INTO unidade (
        nome, 
        endereco, 
        telefone, 
        coordenador
    ) VALUES (?, ?, ?, ?)
2025-04-15 19:09:51 - Parâmetros: Array
(
    [nome] => Ceres - Vila Pedrosa
    [endereco] => Campo mangue seco vila pedrosa, Ceres-GO
    [telefone] => 62984099603
    [coordenador] => Frederico
)

2025-04-15 19:09:51 - Execução: Sucesso
2025-04-16 13:38:59 - Dados recebidos: {"nome":"teste imple de listar","endereco":"rua paulo de tarso naca","telefone":"63984931303","coordenador":"tadel"}
2025-04-16 13:38:59 - Dados processados: Array
(
    [nome] => teste imple de listar
    [endereco] => rua paulo de tarso naca
    [telefone] => 63984931303
    [coordenador] => tadel
)

2025-04-16 13:38:59 - SQL: INSERT INTO unidade (
        nome, 
        endereco, 
        telefone, 
        coordenador
    ) VALUES (?, ?, ?, ?)
2025-04-16 13:38:59 - Parâmetros: Array
(
    [nome] => teste imple de listar
    [endereco] => rua paulo de tarso naca
    [telefone] => 63984931303
    [coordenador] => tadel
)

2025-04-16 13:38:59 - Execução: Sucesso
2025-04-16 14:22:38 - Dados recebidos: {"nome":"SOCOROOOO","endereco":"rua paulo de tarso naca","telefone":"63984931303","coordenador":""}
2025-04-16 14:22:38 - Dados processados: Array
(
    [nome] => SOCOROOOO
    [endereco] => rua paulo de tarso naca
    [telefone] => 63984931303
    [coordenador] => 
)

2025-04-16 14:22:38 - SQL: INSERT INTO unidade (
        nome, 
        endereco, 
        telefone, 
        coordenador
    ) VALUES (?, ?, ?, ?)
2025-04-16 14:22:38 - Parâmetros: Array
(
    [nome] => SOCOROOOO
    [endereco] => rua paulo de tarso naca
    [telefone] => 63984931303
    [coordenador] => 
)

2025-04-16 14:22:38 - Execução: Sucesso
2025-04-16 16:08:09 - Dados recebidos: {"nome":"teste criar","endereco":"rua paulo de tarso naca","telefone":"63984931303","coordenador":"tadel"}
2025-04-16 16:08:09 - Dados processados: Array
(
    [nome] => teste criar
    [endereco] => rua paulo de tarso naca
    [telefone] => 63984931303
    [coordenador] => tadel
)

2025-04-16 16:08:09 - SQL: INSERT INTO unidade (
        nome, 
        endereco, 
        telefone, 
        coordenador
    ) VALUES (?, ?, ?, ?)
2025-04-16 16:08:09 - Parâmetros: Array
(
    [nome] => teste criar
    [endereco] => rua paulo de tarso naca
    [telefone] => 63984931303
    [coordenador] => tadel
)

2025-04-16 16:08:09 - Execução: Sucesso
2025-04-16 16:14:39 - Dados recebidos: {"nome":"teste modal exluir","endereco":"rua paulo de tarso naca","telefone":"63984931303","coordenador":"tadel"}
2025-04-16 16:14:39 - Dados processados: Array
(
    [nome] => teste modal exluir
    [endereco] => rua paulo de tarso naca
    [telefone] => 63984931303
    [coordenador] => tadel
)

2025-04-16 16:14:39 - SQL: INSERT INTO unidade (
        nome, 
        endereco, 
        telefone, 
        coordenador
    ) VALUES (?, ?, ?, ?)
2025-04-16 16:14:39 - Parâmetros: Array
(
    [nome] => teste modal exluir
    [endereco] => rua paulo de tarso naca
    [telefone] => 63984931303
    [coordenador] => tadel
)

2025-04-16 16:14:39 - Execução: Sucesso
2025-04-16 16:18:28 - Dados recebidos: {"nome":"gabriel diogo vieira silva","endereco":"rua paulo de tarso naca","telefone":"63984931303","coordenador":"a"}
2025-04-16 16:18:28 - Dados processados: Array
(
    [nome] => gabriel diogo vieira silva
    [endereco] => rua paulo de tarso naca
    [telefone] => 63984931303
    [coordenador] => a
)

2025-04-16 16:18:28 - SQL: INSERT INTO unidade (
        nome, 
        endereco, 
        telefone, 
        coordenador
    ) VALUES (?, ?, ?, ?)
2025-04-16 16:18:28 - Parâmetros: Array
(
    [nome] => gabriel diogo vieira silva
    [endereco] => rua paulo de tarso naca
    [telefone] => 63984931303
    [coordenador] => a
)

2025-04-16 16:18:28 - Execução: Sucesso
2025-04-16 16:18:48 - Dados recebidos: {"nome":"gabriel diogo vieira silva","endereco":"rua paulo de tarso naca","telefone":"63984931303","coordenador":"tadel"}
2025-04-16 16:18:48 - Dados processados: Array
(
    [nome] => gabriel diogo vieira silva
    [endereco] => rua paulo de tarso naca
    [telefone] => 63984931303
    [coordenador] => tadel
)

2025-04-16 16:18:48 - SQL: INSERT INTO unidade (
        nome, 
        endereco, 
        telefone, 
        coordenador
    ) VALUES (?, ?, ?, ?)
2025-04-16 16:18:48 - Parâmetros: Array
(
    [nome] => gabriel diogo vieira silva
    [endereco] => rua paulo de tarso naca
    [telefone] => 63984931303
    [coordenador] => tadel
)

2025-04-16 16:18:48 - Execução: Sucesso
2025-04-16 16:22:45 - Dados recebidos: {"nome":"teste edição ","endereco":"rua paulo de tarso naca","telefone":"63984931303","coordenador":"tadel"}
2025-04-16 16:22:45 - Dados processados: Array
(
    [nome] => teste edição 
    [endereco] => rua paulo de tarso naca
    [telefone] => 63984931303
    [coordenador] => tadel
)

2025-04-16 16:22:45 - SQL: INSERT INTO unidade (
        nome, 
        endereco, 
        telefone, 
        coordenador
    ) VALUES (?, ?, ?, ?)
2025-04-16 16:22:45 - Parâmetros: Array
(
    [nome] => teste edição 
    [endereco] => rua paulo de tarso naca
    [telefone] => 63984931303
    [coordenador] => tadel
)

2025-04-16 16:22:45 - Execução: Sucesso
2025-04-17 13:31:50 - Dados recebidos: {"nome":"teste modal exluir","endereco":"rua paulo de tarso naca","telefone":"63984931303","coordenador":"tadel"}
2025-04-17 13:31:50 - Dados processados: Array
(
    [nome] => teste modal exluir
    [endereco] => rua paulo de tarso naca
    [telefone] => 63984931303
    [coordenador] => tadel
)

2025-04-17 13:31:50 - SQL: INSERT INTO unidade (
        nome, 
        endereco, 
        telefone, 
        coordenador
    ) VALUES (?, ?, ?, ?)
2025-04-17 13:31:50 - Parâmetros: Array
(
    [nome] => teste modal exluir
    [endereco] => rua paulo de tarso naca
    [telefone] => 63984931303
    [coordenador] => tadel
)

2025-04-17 13:31:50 - Execução: Sucesso
2025-04-22 12:11:47 - Dados recebidos: {"nome":"teste","endereco":"rua paulo de tarso naca","telefone":"63984931303","coordenador":"lionel neymar"}
2025-04-22 12:11:47 - Dados processados: Array
(
    [nome] => teste
    [endereco] => rua paulo de tarso naca
    [telefone] => 63984931303
    [coordenador] => lionel neymar
)

2025-04-22 12:11:47 - SQL: INSERT INTO unidade (
        nome, 
        endereco, 
        telefone, 
        coordenador
    ) VALUES (?, ?, ?, ?)
2025-04-22 12:11:47 - Parâmetros: Array
(
    [nome] => teste
    [endereco] => rua paulo de tarso naca
    [telefone] => 63984931303
    [coordenador] => lionel neymar
)

2025-04-22 12:11:47 - Execução: Sucesso
2025-04-22 19:42:56 - Dados recebidos: {"nome":"teste naldo","endereco":"rua paulo de tarso naca","telefone":"63984931303","coordenador":"tadel"}
2025-04-22 19:42:56 - Dados processados: Array
(
    [nome] => teste naldo
    [endereco] => rua paulo de tarso naca
    [telefone] => 63984931303
    [coordenador] => tadel
)

2025-04-22 19:42:56 - SQL: INSERT INTO unidade (
        nome, 
        endereco, 
        telefone, 
        coordenador
    ) VALUES (?, ?, ?, ?)
2025-04-22 19:42:56 - Parâmetros: Array
(
    [nome] => teste naldo
    [endereco] => rua paulo de tarso naca
    [telefone] => 63984931303
    [coordenador] => tadel
)

2025-04-22 19:42:56 - Execução: Sucesso
2025-04-22 19:44:04 - Dados recebidos: {"nome":"gabriel diogo vieira silva","endereco":"rua paulo de tarso naca","telefone":"63984931303","coordenador":"tadel"}
2025-04-22 19:44:04 - Dados processados: Array
(
    [nome] => gabriel diogo vieira silva
    [endereco] => rua paulo de tarso naca
    [telefone] => 63984931303
    [coordenador] => tadel
)

2025-04-22 19:44:04 - SQL: INSERT INTO unidade (
        nome, 
        endereco, 
        telefone, 
        coordenador
    ) VALUES (?, ?, ?, ?)
2025-04-22 19:44:04 - Parâmetros: Array
(
    [nome] => gabriel diogo vieira silva
    [endereco] => rua paulo de tarso naca
    [telefone] => 63984931303
    [coordenador] => tadel
)

2025-04-22 19:44:04 - Execução: Sucesso
2025-04-23 14:07:37 - Dados recebidos: {"nome":"teste imple de listar","endereco":"rua paulo de tarso naca","telefone":"63984931303","coordenador":"Carlos Moraes"}
2025-04-23 14:07:37 - Dados processados: Array
(
    [nome] => teste imple de listar
    [endereco] => rua paulo de tarso naca
    [telefone] => 63984931303
    [coordenador] => Carlos Moraes
)

2025-04-23 14:07:37 - SQL: INSERT INTO unidade (
        nome, 
        endereco, 
        telefone, 
        coordenador
    ) VALUES (?, ?, ?, ?)
2025-04-23 14:07:37 - Parâmetros: Array
(
    [nome] => teste imple de listar
    [endereco] => rua paulo de tarso naca
    [telefone] => 63984931303
    [coordenador] => Carlos Moraes
)

2025-04-23 14:07:37 - Execução: Sucesso
2025-04-25 18:09:42 - Dados recebidos: {"nome":"luisao academia 2.0","endereco":"rua paulo de tarso naca","telefone":"63984931303","coordenador":"Carlos Moraes"}
2025-04-25 18:09:42 - Dados processados: Array
(
    [nome] => luisao academia 2.0
    [endereco] => rua paulo de tarso naca
    [telefone] => 63984931303
    [coordenador] => Carlos Moraes
)

2025-04-25 18:09:42 - SQL: INSERT INTO unidade (
        nome, 
        endereco, 
        telefone, 
        coordenador
    ) VALUES (?, ?, ?, ?)
2025-04-25 18:09:42 - Parâmetros: Array
(
    [nome] => luisao academia 2.0
    [endereco] => rua paulo de tarso naca
    [telefone] => 63984931303
    [coordenador] => Carlos Moraes
)

2025-04-25 18:09:42 - Execução: Sucesso
2025-04-29 16:16:57 - Dados recebidos: {"nome":"TESTANDO CAMPO","endereco":"Rua C23","telefone":"62981676241","coordenador":"Carlos Moraes"}
2025-04-29 16:16:57 - Dados processados: Array
(
    [nome] => TESTANDO CAMPO
    [endereco] => Rua C23
    [telefone] => 62981676241
    [coordenador] => Carlos Moraes
)

2025-04-29 16:16:57 - SQL: INSERT INTO unidade (
        nome, 
        endereco, 
        telefone, 
        coordenador
    ) VALUES (?, ?, ?, ?)
2025-04-29 16:16:57 - Parâmetros: Array
(
    [nome] => TESTANDO CAMPO
    [endereco] => Rua C23
    [telefone] => 62981676241
    [coordenador] => Carlos Moraes
)

2025-04-29 16:16:57 - Execução: Sucesso
2025-05-06 00:58:37 - Dados recebidos: {"nome":"teste2","endereco":"Rua C23","telefone":"62981676241","coordenador":"Carlos Moraes"}
2025-05-06 00:58:37 - Dados processados: Array
(
    [nome] => teste2
    [endereco] => Rua C23
    [telefone] => 62981676241
    [coordenador] => Carlos Moraes
)

2025-05-06 00:58:37 - SQL: INSERT INTO unidade (
        nome, 
        endereco, 
        telefone, 
        coordenador
    ) VALUES (?, ?, ?, ?)
2025-05-06 00:58:37 - Parâmetros: Array
(
    [nome] => teste2
    [endereco] => Rua C23
    [telefone] => 62981676241
    [coordenador] => Carlos Moraes
)

2025-05-06 00:58:37 - Execução: Sucesso
2025-05-26 15:36:06 - Dados recebidos: {"nome":"BATALHÃO DE POLÍCIA MILITAR DE TERMINAL - BPMTERMINAL (01ºCRPM)","endereco":"RUA 05, Nº S/Nº, QD 21, LT 12, VILA ABAJÁ, GOIÂNIA, CEP:74550480","telefone":"6299123615","coordenador":"TENENTE CORONEL QOPM JOHNATHAN TARLEY ALGA DOS REIS RODRIGUES"}
2025-05-26 15:36:06 - Dados processados: Array
(
    [nome] => BATALHÃO DE POLÍCIA MILITAR DE TERMINAL - BPMTERMINAL (01ºCRPM)
    [endereco] => RUA 05, Nº S/Nº, QD 21, LT 12, VILA ABAJÁ, GOIÂNIA, CEP:74550480
    [telefone] => 6299123615
    [coordenador] => TENENTE CORONEL QOPM JOHNATHAN TARLEY ALGA DOS REIS RODRIGUES
)

2025-05-26 15:36:06 - SQL: INSERT INTO unidade (
        nome, 
        endereco, 
        telefone, 
        coordenador
    ) VALUES (?, ?, ?, ?)
2025-05-26 15:36:06 - Parâmetros: Array
(
    [nome] => BATALHÃO DE POLÍCIA MILITAR DE TERMINAL - BPMTERMINAL (01ºCRPM)
    [endereco] => RUA 05, Nº S/Nº, QD 21, LT 12, VILA ABAJÁ, GOIÂNIA, CEP:74550480
    [telefone] => 6299123615
    [coordenador] => TENENTE CORONEL QOPM JOHNATHAN TARLEY ALGA DOS REIS RODRIGUES
)

2025-05-26 15:36:06 - Execução: Sucesso
