2025-04-16 17:25:47 - Buscando turma ID: 10
2025-04-16 17:25:47 - Dados encontrados: Array
(
    [id] => 10
    [nome_turma] => Sub 11
    [id_unidade] => 7
    [id_professor] => 3
    [capacidade] => 25
    [matriculados] => 0
    [status] => Em Andamento
    [dias_aula] => Não definido
    [horario_inicio] => 08:00:00
    [horario_fim] => 10:00:00
    [data_criacao] => 2025-04-16 14:31:31
    [ultima_atualizacao] => 2025-04-16 14:31:31
    [unidade_nome] => Ceres - Esperança
    [professor_nome] => Mariana Costa Pereira
)

2025-04-16 17:25:50 - Buscando turma ID: 10
2025-04-16 17:25:50 - Dados encontrados: Array
(
    [id] => 10
    [nome_turma] => Sub 11
    [id_unidade] => 7
    [id_professor] => 3
    [capacidade] => 25
    [matriculados] => 0
    [status] => Em Andamento
    [dias_aula] => Não definido
    [horario_inicio] => 08:00:00
    [horario_fim] => 10:00:00
    [data_criacao] => 2025-04-16 14:31:31
    [ultima_atualizacao] => 2025-04-16 14:31:31
    [unidade_nome] => Ceres - Esperança
    [professor_nome] => Mariana Costa Pereira
)

2025-04-16 17:26:05 - Buscando turma ID: 10
2025-04-16 17:26:05 - Dados encontrados: Array
(
    [id] => 10
    [nome_turma] => Sub 11
    [id_unidade] => 7
    [id_professor] => 3
    [capacidade] => 25
    [matriculados] => 0
    [status] => Em Andamento
    [dias_aula] => Não definido
    [horario_inicio] => 08:00:00
    [horario_fim] => 10:00:00
    [data_criacao] => 2025-04-16 14:31:31
    [ultima_atualizacao] => 2025-04-16 14:31:31
    [unidade_nome] => Ceres - Esperança
    [professor_nome] => Mariana Costa Pereira
)

2025-04-16 17:26:12 - Buscando turma ID: 10
2025-04-16 17:26:12 - Dados encontrados: Array
(
    [id] => 10
    [nome_turma] => Sub 11
    [id_unidade] => 7
    [id_professor] => 3
    [capacidade] => 25
    [matriculados] => 0
    [status] => Em Andamento
    [dias_aula] => Não definido
    [horario_inicio] => 08:00:00
    [horario_fim] => 10:00:00
    [data_criacao] => 2025-04-16 14:31:31
    [ultima_atualizacao] => 2025-04-16 14:31:31
    [unidade_nome] => Ceres - Esperança
    [professor_nome] => Mariana Costa Pereira
)

2025-04-16 17:26:43 - Buscando turma ID: 10
2025-04-16 17:26:43 - Dados encontrados: Array
(
    [id] => 10
    [nome_turma] => Sub 11
    [id_unidade] => 7
    [id_professor] => 3
    [capacidade] => 25
    [matriculados] => 0
    [status] => Em Andamento
    [dias_aula] => Não definido
    [horario_inicio] => 08:00:00
    [horario_fim] => 10:00:00
    [data_criacao] => 2025-04-16 14:31:31
    [ultima_atualizacao] => 2025-04-16 14:31:31
    [unidade_nome] => Ceres - Esperança
    [professor_nome] => Mariana Costa Pereira
)

2025-04-16 17:27:34 - Buscando turma ID: 9
2025-04-16 17:27:34 - Dados encontrados: Array
(
    [id] => 9
    [nome_turma] => testando turma
    [id_unidade] => 7
    [id_professor] => 1
    [capacidade] => 25
    [matriculados] => 0
    [status] => Em Andamento
    [dias_aula] => Não definido
    [horario_inicio] => 08:00:00
    [horario_fim] => 10:00:00
    [data_criacao] => 2025-04-16 12:48:21
    [ultima_atualizacao] => 2025-04-16 12:48:21
    [unidade_nome] => Ceres - Esperança
    [professor_nome] => Ana Silva Santos
)

